Username:  abada
Date:      Mon Feb 11 22:13:44 EST 2019
 
*** compiling lab2 ***
--- Running ---
 

Name: Adam Abad
Class Templates
Collection uses a template class to store data in an array.

1.  Add an item to Collection 1.
2.  Add an item to Collection 2.
3.  Remove an item from Collection 1.
4.  Remove an item from Collection 2.
5.  Display Collection 1
6.  Display Collection 2.
7.  Check if Collection 1 is equal to Collection 2.
8.  Set Collection 1 to Collection 2.
9.  Set Collection 2 to Collection 1.
10. Check if Collection 1 is empty.
11. Check if Collection 2 is empty.
12. Empty Collection 1
13. Empty Collection 2.
14. Find an item in Collection 1.
15. Find an item in Collection 2.
16. Exit.

Please enter your Option: 
You chose option: 5


1.  Add an item to Collection 1.
2.  Add an item to Collection 2.
3.  Remove an item from Collection 1.
4.  Remove an item from Collection 2.
5.  Display Collection 1
6.  Display Collection 2.
7.  Check if Collection 1 is equal to Collection 2.
8.  Set Collection 1 to Collection 2.
9.  Set Collection 2 to Collection 1.
10. Check if Collection 1 is empty.
11. Check if Collection 2 is empty.
12. Empty Collection 1
13. Empty Collection 2.
14. Find an item in Collection 1.
15. Find an item in Collection 2.
16. Exit.

Please enter your Option: 
You chose option: 6


1.  Add an item to Collection 1.
2.  Add an item to Collection 2.
3.  Remove an item from Collection 1.
4.  Remove an item from Collection 2.
5.  Display Collection 1
6.  Display Collection 2.
7.  Check if Collection 1 is equal to Collection 2.
8.  Set Collection 1 to Collection 2.
9.  Set Collection 2 to Collection 1.
10. Check if Collection 1 is empty.
11. Check if Collection 2 is empty.
12. Empty Collection 1
13. Empty Collection 2.
14. Find an item in Collection 1.
15. Find an item in Collection 2.
16. Exit.

Please enter your Option: 
You chose option: 1
Please enter your value to add: 
Value: 20 was added successfully.

1.  Add an item to Collection 1.
2.  Add an item to Collection 2.
3.  Remove an item from Collection 1.
4.  Remove an item from Collection 2.
5.  Display Collection 1
6.  Display Collection 2.
7.  Check if Collection 1 is equal to Collection 2.
8.  Set Collection 1 to Collection 2.
9.  Set Collection 2 to Collection 1.
10. Check if Collection 1 is empty.
11. Check if Collection 2 is empty.
12. Empty Collection 1
13. Empty Collection 2.
14. Find an item in Collection 1.
15. Find an item in Collection 2.
16. Exit.

Please enter your Option: 
You chose option: 1
Please enter your value to add: 
Value: 21 was added successfully.

1.  Add an item to Collection 1.
2.  Add an item to Collection 2.
3.  Remove an item from Collection 1.
4.  Remove an item from Collection 2.
5.  Display Collection 1
6.  Display Collection 2.
7.  Check if Collection 1 is equal to Collection 2.
8.  Set Collection 1 to Collection 2.
9.  Set Collection 2 to Collection 1.
10. Check if Collection 1 is empty.
11. Check if Collection 2 is empty.
12. Empty Collection 1
13. Empty Collection 2.
14. Find an item in Collection 1.
15. Find an item in Collection 2.
16. Exit.

Please enter your Option: 
You chose option: 1
Please enter your value to add: 
Value: 22 was added successfully.

1.  Add an item to Collection 1.
2.  Add an item to Collection 2.
3.  Remove an item from Collection 1.
4.  Remove an item from Collection 2.
5.  Display Collection 1
6.  Display Collection 2.
7.  Check if Collection 1 is equal to Collection 2.
8.  Set Collection 1 to Collection 2.
9.  Set Collection 2 to Collection 1.
10. Check if Collection 1 is empty.
11. Check if Collection 2 is empty.
12. Empty Collection 1
13. Empty Collection 2.
14. Find an item in Collection 1.
15. Find an item in Collection 2.
16. Exit.

Please enter your Option: 
You chose option: 1
Please enter your value to add: 
Value: 23 was added successfully.

1.  Add an item to Collection 1.
2.  Add an item to Collection 2.
3.  Remove an item from Collection 1.
4.  Remove an item from Collection 2.
5.  Display Collection 1
6.  Display Collection 2.
7.  Check if Collection 1 is equal to Collection 2.
8.  Set Collection 1 to Collection 2.
9.  Set Collection 2 to Collection 1.
10. Check if Collection 1 is empty.
11. Check if Collection 2 is empty.
12. Empty Collection 1
13. Empty Collection 2.
14. Find an item in Collection 1.
15. Find an item in Collection 2.
16. Exit.

Please enter your Option: 
You chose option: 1
Please enter your value to add: 
Value: 24 was added successfully.

1.  Add an item to Collection 1.
2.  Add an item to Collection 2.
3.  Remove an item from Collection 1.
4.  Remove an item from Collection 2.
5.  Display Collection 1
6.  Display Collection 2.
7.  Check if Collection 1 is equal to Collection 2.
8.  Set Collection 1 to Collection 2.
9.  Set Collection 2 to Collection 1.
10. Check if Collection 1 is empty.
11. Check if Collection 2 is empty.
12. Empty Collection 1
13. Empty Collection 2.
14. Find an item in Collection 1.
15. Find an item in Collection 2.
16. Exit.

Please enter your Option: 
You chose option: 1
Please enter your value to add: 
Value: 25 was added successfully.

1.  Add an item to Collection 1.
2.  Add an item to Collection 2.
3.  Remove an item from Collection 1.
4.  Remove an item from Collection 2.
5.  Display Collection 1
6.  Display Collection 2.
7.  Check if Collection 1 is equal to Collection 2.
8.  Set Collection 1 to Collection 2.
9.  Set Collection 2 to Collection 1.
10. Check if Collection 1 is empty.
11. Check if Collection 2 is empty.
12. Empty Collection 1
13. Empty Collection 2.
14. Find an item in Collection 1.
15. Find an item in Collection 2.
16. Exit.

Please enter your Option: 
You chose option: 1
Please enter your value to add: 
Value: 26 was added successfully.

1.  Add an item to Collection 1.
2.  Add an item to Collection 2.
3.  Remove an item from Collection 1.
4.  Remove an item from Collection 2.
5.  Display Collection 1
6.  Display Collection 2.
7.  Check if Collection 1 is equal to Collection 2.
8.  Set Collection 1 to Collection 2.
9.  Set Collection 2 to Collection 1.
10. Check if Collection 1 is empty.
11. Check if Collection 2 is empty.
12. Empty Collection 1
13. Empty Collection 2.
14. Find an item in Collection 1.
15. Find an item in Collection 2.
16. Exit.

Please enter your Option: 
You chose option: 1
Please enter your value to add: 
Value: 27 was added successfully.

1.  Add an item to Collection 1.
2.  Add an item to Collection 2.
3.  Remove an item from Collection 1.
4.  Remove an item from Collection 2.
5.  Display Collection 1
6.  Display Collection 2.
7.  Check if Collection 1 is equal to Collection 2.
8.  Set Collection 1 to Collection 2.
9.  Set Collection 2 to Collection 1.
10. Check if Collection 1 is empty.
11. Check if Collection 2 is empty.
12. Empty Collection 1
13. Empty Collection 2.
14. Find an item in Collection 1.
15. Find an item in Collection 2.
16. Exit.

Please enter your Option: 
You chose option: 1
Please enter your value to add: 
Value: 28 was added successfully.

1.  Add an item to Collection 1.
2.  Add an item to Collection 2.
3.  Remove an item from Collection 1.
4.  Remove an item from Collection 2.
5.  Display Collection 1
6.  Display Collection 2.
7.  Check if Collection 1 is equal to Collection 2.
8.  Set Collection 1 to Collection 2.
9.  Set Collection 2 to Collection 1.
10. Check if Collection 1 is empty.
11. Check if Collection 2 is empty.
12. Empty Collection 1
13. Empty Collection 2.
14. Find an item in Collection 1.
15. Find an item in Collection 2.
16. Exit.

Please enter your Option: 
You chose option: 1
Please enter your value to add: 
Value: 29 was added successfully.

1.  Add an item to Collection 1.
2.  Add an item to Collection 2.
3.  Remove an item from Collection 1.
4.  Remove an item from Collection 2.
5.  Display Collection 1
6.  Display Collection 2.
7.  Check if Collection 1 is equal to Collection 2.
8.  Set Collection 1 to Collection 2.
9.  Set Collection 2 to Collection 1.
10. Check if Collection 1 is empty.
11. Check if Collection 2 is empty.
12. Empty Collection 1
13. Empty Collection 2.
14. Find an item in Collection 1.
15. Find an item in Collection 2.
16. Exit.

Please enter your Option: 
You chose option: 1
Please enter your value to add: 
Value: 30 was added successfully.

1.  Add an item to Collection 1.
2.  Add an item to Collection 2.
3.  Remove an item from Collection 1.
4.  Remove an item from Collection 2.
5.  Display Collection 1
6.  Display Collection 2.
7.  Check if Collection 1 is equal to Collection 2.
8.  Set Collection 1 to Collection 2.
9.  Set Collection 2 to Collection 1.
10. Check if Collection 1 is empty.
11. Check if Collection 2 is empty.
12. Empty Collection 1
13. Empty Collection 2.
14. Find an item in Collection 1.
15. Find an item in Collection 2.
16. Exit.

Please enter your Option: 
You chose option: 1
Please enter your value to add: 
Value: 31 was added successfully.

1.  Add an item to Collection 1.
2.  Add an item to Collection 2.
3.  Remove an item from Collection 1.
4.  Remove an item from Collection 2.
5.  Display Collection 1
6.  Display Collection 2.
7.  Check if Collection 1 is equal to Collection 2.
8.  Set Collection 1 to Collection 2.
9.  Set Collection 2 to Collection 1.
10. Check if Collection 1 is empty.
11. Check if Collection 2 is empty.
12. Empty Collection 1
13. Empty Collection 2.
14. Find an item in Collection 1.
15. Find an item in Collection 2.
16. Exit.

Please enter your Option: 
You chose option: 5

20
21
22
23
24
25
26
27
28
29
30
31

1.  Add an item to Collection 1.
2.  Add an item to Collection 2.
3.  Remove an item from Collection 1.
4.  Remove an item from Collection 2.
5.  Display Collection 1
6.  Display Collection 2.
7.  Check if Collection 1 is equal to Collection 2.
8.  Set Collection 1 to Collection 2.
9.  Set Collection 2 to Collection 1.
10. Check if Collection 1 is empty.
11. Check if Collection 2 is empty.
12. Empty Collection 1
13. Empty Collection 2.
14. Find an item in Collection 1.
15. Find an item in Collection 2.
16. Exit.

Please enter your Option: 
You chose option: 6


1.  Add an item to Collection 1.
2.  Add an item to Collection 2.
3.  Remove an item from Collection 1.
4.  Remove an item from Collection 2.
5.  Display Collection 1
6.  Display Collection 2.
7.  Check if Collection 1 is equal to Collection 2.
8.  Set Collection 1 to Collection 2.
9.  Set Collection 2 to Collection 1.
10. Check if Collection 1 is empty.
11. Check if Collection 2 is empty.
12. Empty Collection 1
13. Empty Collection 2.
14. Find an item in Collection 1.
15. Find an item in Collection 2.
16. Exit.

Please enter your Option: 
You chose option: 1
Please enter your value to add: 
Value: 32 was added successfully.

1.  Add an item to Collection 1.
2.  Add an item to Collection 2.
3.  Remove an item from Collection 1.
4.  Remove an item from Collection 2.
5.  Display Collection 1
6.  Display Collection 2.
7.  Check if Collection 1 is equal to Collection 2.
8.  Set Collection 1 to Collection 2.
9.  Set Collection 2 to Collection 1.
10. Check if Collection 1 is empty.
11. Check if Collection 2 is empty.
12. Empty Collection 1
13. Empty Collection 2.
14. Find an item in Collection 1.
15. Find an item in Collection 2.
16. Exit.

Please enter your Option: 
You chose option: 1
Please enter your value to add: 
Value: 33 was added successfully.

1.  Add an item to Collection 1.
2.  Add an item to Collection 2.
3.  Remove an item from Collection 1.
4.  Remove an item from Collection 2.
5.  Display Collection 1
6.  Display Collection 2.
7.  Check if Collection 1 is equal to Collection 2.
8.  Set Collection 1 to Collection 2.
9.  Set Collection 2 to Collection 1.
10. Check if Collection 1 is empty.
11. Check if Collection 2 is empty.
12. Empty Collection 1
13. Empty Collection 2.
14. Find an item in Collection 1.
15. Find an item in Collection 2.
16. Exit.

Please enter your Option: 
You chose option: 1
Please enter your value to add: 
Value: 34 was added successfully.

1.  Add an item to Collection 1.
2.  Add an item to Collection 2.
3.  Remove an item from Collection 1.
4.  Remove an item from Collection 2.
5.  Display Collection 1
6.  Display Collection 2.
7.  Check if Collection 1 is equal to Collection 2.
8.  Set Collection 1 to Collection 2.
9.  Set Collection 2 to Collection 1.
10. Check if Collection 1 is empty.
11. Check if Collection 2 is empty.
12. Empty Collection 1
13. Empty Collection 2.
14. Find an item in Collection 1.
15. Find an item in Collection 2.
16. Exit.

Please enter your Option: 
You chose option: 1
Please enter your value to add: 
Value: 35 was added successfully.

1.  Add an item to Collection 1.
2.  Add an item to Collection 2.
3.  Remove an item from Collection 1.
4.  Remove an item from Collection 2.
5.  Display Collection 1
6.  Display Collection 2.
7.  Check if Collection 1 is equal to Collection 2.
8.  Set Collection 1 to Collection 2.
9.  Set Collection 2 to Collection 1.
10. Check if Collection 1 is empty.
11. Check if Collection 2 is empty.
12. Empty Collection 1
13. Empty Collection 2.
14. Find an item in Collection 1.
15. Find an item in Collection 2.
16. Exit.

Please enter your Option: 
You chose option: 1
Please enter your value to add: 
Value: 36 was added successfully.

1.  Add an item to Collection 1.
2.  Add an item to Collection 2.
3.  Remove an item from Collection 1.
4.  Remove an item from Collection 2.
5.  Display Collection 1
6.  Display Collection 2.
7.  Check if Collection 1 is equal to Collection 2.
8.  Set Collection 1 to Collection 2.
9.  Set Collection 2 to Collection 1.
10. Check if Collection 1 is empty.
11. Check if Collection 2 is empty.
12. Empty Collection 1
13. Empty Collection 2.
14. Find an item in Collection 1.
15. Find an item in Collection 2.
16. Exit.

Please enter your Option: 
You chose option: 1
Please enter your value to add: 
Value: 37 was added successfully.

1.  Add an item to Collection 1.
2.  Add an item to Collection 2.
3.  Remove an item from Collection 1.
4.  Remove an item from Collection 2.
5.  Display Collection 1
6.  Display Collection 2.
7.  Check if Collection 1 is equal to Collection 2.
8.  Set Collection 1 to Collection 2.
9.  Set Collection 2 to Collection 1.
10. Check if Collection 1 is empty.
11. Check if Collection 2 is empty.
12. Empty Collection 1
13. Empty Collection 2.
14. Find an item in Collection 1.
15. Find an item in Collection 2.
16. Exit.

Please enter your Option: 
You chose option: 5

20
21
22
23
24
25
26
27
28
29
30
31
32
33
34
35
36
37

1.  Add an item to Collection 1.
2.  Add an item to Collection 2.
3.  Remove an item from Collection 1.
4.  Remove an item from Collection 2.
5.  Display Collection 1
6.  Display Collection 2.
7.  Check if Collection 1 is equal to Collection 2.
8.  Set Collection 1 to Collection 2.
9.  Set Collection 2 to Collection 1.
10. Check if Collection 1 is empty.
11. Check if Collection 2 is empty.
12. Empty Collection 1
13. Empty Collection 2.
14. Find an item in Collection 1.
15. Find an item in Collection 2.
16. Exit.

Please enter your Option: 
You chose option: 1
Please enter your value to add: 
Value: 38 was added successfully.

1.  Add an item to Collection 1.
2.  Add an item to Collection 2.
3.  Remove an item from Collection 1.
4.  Remove an item from Collection 2.
5.  Display Collection 1
6.  Display Collection 2.
7.  Check if Collection 1 is equal to Collection 2.
8.  Set Collection 1 to Collection 2.
9.  Set Collection 2 to Collection 1.
10. Check if Collection 1 is empty.
11. Check if Collection 2 is empty.
12. Empty Collection 1
13. Empty Collection 2.
14. Find an item in Collection 1.
15. Find an item in Collection 2.
16. Exit.

Please enter your Option: 
You chose option: 1
Please enter your value to add: 
Value: 39 was added successfully.

1.  Add an item to Collection 1.
2.  Add an item to Collection 2.
3.  Remove an item from Collection 1.
4.  Remove an item from Collection 2.
5.  Display Collection 1
6.  Display Collection 2.
7.  Check if Collection 1 is equal to Collection 2.
8.  Set Collection 1 to Collection 2.
9.  Set Collection 2 to Collection 1.
10. Check if Collection 1 is empty.
11. Check if Collection 2 is empty.
12. Empty Collection 1
13. Empty Collection 2.
14. Find an item in Collection 1.
15. Find an item in Collection 2.
16. Exit.

Please enter your Option: 
You chose option: 1
Please enter your value to add: 
Value: 40 was unable to be added, array full.

1.  Add an item to Collection 1.
2.  Add an item to Collection 2.
3.  Remove an item from Collection 1.
4.  Remove an item from Collection 2.
5.  Display Collection 1
6.  Display Collection 2.
7.  Check if Collection 1 is equal to Collection 2.
8.  Set Collection 1 to Collection 2.
9.  Set Collection 2 to Collection 1.
10. Check if Collection 1 is empty.
11. Check if Collection 2 is empty.
12. Empty Collection 1
13. Empty Collection 2.
14. Find an item in Collection 1.
15. Find an item in Collection 2.
16. Exit.

Please enter your Option: 
You chose option: 1
Please enter your value to add: 
Value: 41 was unable to be added, array full.

1.  Add an item to Collection 1.
2.  Add an item to Collection 2.
3.  Remove an item from Collection 1.
4.  Remove an item from Collection 2.
5.  Display Collection 1
6.  Display Collection 2.
7.  Check if Collection 1 is equal to Collection 2.
8.  Set Collection 1 to Collection 2.
9.  Set Collection 2 to Collection 1.
10. Check if Collection 1 is empty.
11. Check if Collection 2 is empty.
12. Empty Collection 1
13. Empty Collection 2.
14. Find an item in Collection 1.
15. Find an item in Collection 2.
16. Exit.

Please enter your Option: 
You chose option: 2
Please enter your value to add: 
Value: 50 was added successfully.

1.  Add an item to Collection 1.
2.  Add an item to Collection 2.
3.  Remove an item from Collection 1.
4.  Remove an item from Collection 2.
5.  Display Collection 1
6.  Display Collection 2.
7.  Check if Collection 1 is equal to Collection 2.
8.  Set Collection 1 to Collection 2.
9.  Set Collection 2 to Collection 1.
10. Check if Collection 1 is empty.
11. Check if Collection 2 is empty.
12. Empty Collection 1
13. Empty Collection 2.
14. Find an item in Collection 1.
15. Find an item in Collection 2.
16. Exit.

Please enter your Option: 
You chose option: 2
Please enter your value to add: 
Value: 51 was added successfully.

1.  Add an item to Collection 1.
2.  Add an item to Collection 2.
3.  Remove an item from Collection 1.
4.  Remove an item from Collection 2.
5.  Display Collection 1
6.  Display Collection 2.
7.  Check if Collection 1 is equal to Collection 2.
8.  Set Collection 1 to Collection 2.
9.  Set Collection 2 to Collection 1.
10. Check if Collection 1 is empty.
11. Check if Collection 2 is empty.
12. Empty Collection 1
13. Empty Collection 2.
14. Find an item in Collection 1.
15. Find an item in Collection 2.
16. Exit.

Please enter your Option: 
You chose option: 2
Please enter your value to add: 
Value: 52 was added successfully.

1.  Add an item to Collection 1.
2.  Add an item to Collection 2.
3.  Remove an item from Collection 1.
4.  Remove an item from Collection 2.
5.  Display Collection 1
6.  Display Collection 2.
7.  Check if Collection 1 is equal to Collection 2.
8.  Set Collection 1 to Collection 2.
9.  Set Collection 2 to Collection 1.
10. Check if Collection 1 is empty.
11. Check if Collection 2 is empty.
12. Empty Collection 1
13. Empty Collection 2.
14. Find an item in Collection 1.
15. Find an item in Collection 2.
16. Exit.

Please enter your Option: 
You chose option: 2
Please enter your value to add: 
Value: 53 was added successfully.

1.  Add an item to Collection 1.
2.  Add an item to Collection 2.
3.  Remove an item from Collection 1.
4.  Remove an item from Collection 2.
5.  Display Collection 1
6.  Display Collection 2.
7.  Check if Collection 1 is equal to Collection 2.
8.  Set Collection 1 to Collection 2.
9.  Set Collection 2 to Collection 1.
10. Check if Collection 1 is empty.
11. Check if Collection 2 is empty.
12. Empty Collection 1
13. Empty Collection 2.
14. Find an item in Collection 1.
15. Find an item in Collection 2.
16. Exit.

Please enter your Option: 
You chose option: 2
Please enter your value to add: 
Value: 54 was added successfully.

1.  Add an item to Collection 1.
2.  Add an item to Collection 2.
3.  Remove an item from Collection 1.
4.  Remove an item from Collection 2.
5.  Display Collection 1
6.  Display Collection 2.
7.  Check if Collection 1 is equal to Collection 2.
8.  Set Collection 1 to Collection 2.
9.  Set Collection 2 to Collection 1.
10. Check if Collection 1 is empty.
11. Check if Collection 2 is empty.
12. Empty Collection 1
13. Empty Collection 2.
14. Find an item in Collection 1.
15. Find an item in Collection 2.
16. Exit.

Please enter your Option: 
You chose option: 2
Please enter your value to add: 
Value: 55 was added successfully.

1.  Add an item to Collection 1.
2.  Add an item to Collection 2.
3.  Remove an item from Collection 1.
4.  Remove an item from Collection 2.
5.  Display Collection 1
6.  Display Collection 2.
7.  Check if Collection 1 is equal to Collection 2.
8.  Set Collection 1 to Collection 2.
9.  Set Collection 2 to Collection 1.
10. Check if Collection 1 is empty.
11. Check if Collection 2 is empty.
12. Empty Collection 1
13. Empty Collection 2.
14. Find an item in Collection 1.
15. Find an item in Collection 2.
16. Exit.

Please enter your Option: 
You chose option: 2
Please enter your value to add: 
Value: 56 was added successfully.

1.  Add an item to Collection 1.
2.  Add an item to Collection 2.
3.  Remove an item from Collection 1.
4.  Remove an item from Collection 2.
5.  Display Collection 1
6.  Display Collection 2.
7.  Check if Collection 1 is equal to Collection 2.
8.  Set Collection 1 to Collection 2.
9.  Set Collection 2 to Collection 1.
10. Check if Collection 1 is empty.
11. Check if Collection 2 is empty.
12. Empty Collection 1
13. Empty Collection 2.
14. Find an item in Collection 1.
15. Find an item in Collection 2.
16. Exit.

Please enter your Option: 
You chose option: 6

50
51
52
53
54
55
56

1.  Add an item to Collection 1.
2.  Add an item to Collection 2.
3.  Remove an item from Collection 1.
4.  Remove an item from Collection 2.
5.  Display Collection 1
6.  Display Collection 2.
7.  Check if Collection 1 is equal to Collection 2.
8.  Set Collection 1 to Collection 2.
9.  Set Collection 2 to Collection 1.
10. Check if Collection 1 is empty.
11. Check if Collection 2 is empty.
12. Empty Collection 1
13. Empty Collection 2.
14. Find an item in Collection 1.
15. Find an item in Collection 2.
16. Exit.

Please enter your Option: 
You chose option: 5

20
21
22
23
24
25
26
27
28
29
30
31
32
33
34
35
36
37
38
39

1.  Add an item to Collection 1.
2.  Add an item to Collection 2.
3.  Remove an item from Collection 1.
4.  Remove an item from Collection 2.
5.  Display Collection 1
6.  Display Collection 2.
7.  Check if Collection 1 is equal to Collection 2.
8.  Set Collection 1 to Collection 2.
9.  Set Collection 2 to Collection 1.
10. Check if Collection 1 is empty.
11. Check if Collection 2 is empty.
12. Empty Collection 1
13. Empty Collection 2.
14. Find an item in Collection 1.
15. Find an item in Collection 2.
16. Exit.

Please enter your Option: 
You chose option: 2
Please enter your value to add: 
Value: 57 was added successfully.

1.  Add an item to Collection 1.
2.  Add an item to Collection 2.
3.  Remove an item from Collection 1.
4.  Remove an item from Collection 2.
5.  Display Collection 1
6.  Display Collection 2.
7.  Check if Collection 1 is equal to Collection 2.
8.  Set Collection 1 to Collection 2.
9.  Set Collection 2 to Collection 1.
10. Check if Collection 1 is empty.
11. Check if Collection 2 is empty.
12. Empty Collection 1
13. Empty Collection 2.
14. Find an item in Collection 1.
15. Find an item in Collection 2.
16. Exit.

Please enter your Option: 
You chose option: 2
Please enter your value to add: 
Value: 58 was added successfully.

1.  Add an item to Collection 1.
2.  Add an item to Collection 2.
3.  Remove an item from Collection 1.
4.  Remove an item from Collection 2.
5.  Display Collection 1
6.  Display Collection 2.
7.  Check if Collection 1 is equal to Collection 2.
8.  Set Collection 1 to Collection 2.
9.  Set Collection 2 to Collection 1.
10. Check if Collection 1 is empty.
11. Check if Collection 2 is empty.
12. Empty Collection 1
13. Empty Collection 2.
14. Find an item in Collection 1.
15. Find an item in Collection 2.
16. Exit.

Please enter your Option: 
You chose option: 2
Please enter your value to add: 
Value: 59 was added successfully.

1.  Add an item to Collection 1.
2.  Add an item to Collection 2.
3.  Remove an item from Collection 1.
4.  Remove an item from Collection 2.
5.  Display Collection 1
6.  Display Collection 2.
7.  Check if Collection 1 is equal to Collection 2.
8.  Set Collection 1 to Collection 2.
9.  Set Collection 2 to Collection 1.
10. Check if Collection 1 is empty.
11. Check if Collection 2 is empty.
12. Empty Collection 1
13. Empty Collection 2.
14. Find an item in Collection 1.
15. Find an item in Collection 2.
16. Exit.

Please enter your Option: 
You chose option: 2
Please enter your value to add: 
Value: 60 was added successfully.

1.  Add an item to Collection 1.
2.  Add an item to Collection 2.
3.  Remove an item from Collection 1.
4.  Remove an item from Collection 2.
5.  Display Collection 1
6.  Display Collection 2.
7.  Check if Collection 1 is equal to Collection 2.
8.  Set Collection 1 to Collection 2.
9.  Set Collection 2 to Collection 1.
10. Check if Collection 1 is empty.
11. Check if Collection 2 is empty.
12. Empty Collection 1
13. Empty Collection 2.
14. Find an item in Collection 1.
15. Find an item in Collection 2.
16. Exit.

Please enter your Option: 
You chose option: 2
Please enter your value to add: 
Value: 61 was added successfully.

1.  Add an item to Collection 1.
2.  Add an item to Collection 2.
3.  Remove an item from Collection 1.
4.  Remove an item from Collection 2.
5.  Display Collection 1
6.  Display Collection 2.
7.  Check if Collection 1 is equal to Collection 2.
8.  Set Collection 1 to Collection 2.
9.  Set Collection 2 to Collection 1.
10. Check if Collection 1 is empty.
11. Check if Collection 2 is empty.
12. Empty Collection 1
13. Empty Collection 2.
14. Find an item in Collection 1.
15. Find an item in Collection 2.
16. Exit.

Please enter your Option: 
You chose option: 6

50
51
52
53
54
55
56
57
58
59
60
61

1.  Add an item to Collection 1.
2.  Add an item to Collection 2.
3.  Remove an item from Collection 1.
4.  Remove an item from Collection 2.
5.  Display Collection 1
6.  Display Collection 2.
7.  Check if Collection 1 is equal to Collection 2.
8.  Set Collection 1 to Collection 2.
9.  Set Collection 2 to Collection 1.
10. Check if Collection 1 is empty.
11. Check if Collection 2 is empty.
12. Empty Collection 1
13. Empty Collection 2.
14. Find an item in Collection 1.
15. Find an item in Collection 2.
16. Exit.

Please enter your Option: 
You chose option: 2
Please enter your value to add: 
Value: 62 was added successfully.

1.  Add an item to Collection 1.
2.  Add an item to Collection 2.
3.  Remove an item from Collection 1.
4.  Remove an item from Collection 2.
5.  Display Collection 1
6.  Display Collection 2.
7.  Check if Collection 1 is equal to Collection 2.
8.  Set Collection 1 to Collection 2.
9.  Set Collection 2 to Collection 1.
10. Check if Collection 1 is empty.
11. Check if Collection 2 is empty.
12. Empty Collection 1
13. Empty Collection 2.
14. Find an item in Collection 1.
15. Find an item in Collection 2.
16. Exit.

Please enter your Option: 
You chose option: 2
Please enter your value to add: 
Value: 63 was added successfully.

1.  Add an item to Collection 1.
2.  Add an item to Collection 2.
3.  Remove an item from Collection 1.
4.  Remove an item from Collection 2.
5.  Display Collection 1
6.  Display Collection 2.
7.  Check if Collection 1 is equal to Collection 2.
8.  Set Collection 1 to Collection 2.
9.  Set Collection 2 to Collection 1.
10. Check if Collection 1 is empty.
11. Check if Collection 2 is empty.
12. Empty Collection 1
13. Empty Collection 2.
14. Find an item in Collection 1.
15. Find an item in Collection 2.
16. Exit.

Please enter your Option: 
You chose option: 2
Please enter your value to add: 
Value: 64 was added successfully.

1.  Add an item to Collection 1.
2.  Add an item to Collection 2.
3.  Remove an item from Collection 1.
4.  Remove an item from Collection 2.
5.  Display Collection 1
6.  Display Collection 2.
7.  Check if Collection 1 is equal to Collection 2.
8.  Set Collection 1 to Collection 2.
9.  Set Collection 2 to Collection 1.
10. Check if Collection 1 is empty.
11. Check if Collection 2 is empty.
12. Empty Collection 1
13. Empty Collection 2.
14. Find an item in Collection 1.
15. Find an item in Collection 2.
16. Exit.

Please enter your Option: 
You chose option: 2
Please enter your value to add: 
Value: 65 was added successfully.

1.  Add an item to Collection 1.
2.  Add an item to Collection 2.
3.  Remove an item from Collection 1.
4.  Remove an item from Collection 2.
5.  Display Collection 1
6.  Display Collection 2.
7.  Check if Collection 1 is equal to Collection 2.
8.  Set Collection 1 to Collection 2.
9.  Set Collection 2 to Collection 1.
10. Check if Collection 1 is empty.
11. Check if Collection 2 is empty.
12. Empty Collection 1
13. Empty Collection 2.
14. Find an item in Collection 1.
15. Find an item in Collection 2.
16. Exit.

Please enter your Option: 
You chose option: 2
Please enter your value to add: 
Value: 66 was added successfully.

1.  Add an item to Collection 1.
2.  Add an item to Collection 2.
3.  Remove an item from Collection 1.
4.  Remove an item from Collection 2.
5.  Display Collection 1
6.  Display Collection 2.
7.  Check if Collection 1 is equal to Collection 2.
8.  Set Collection 1 to Collection 2.
9.  Set Collection 2 to Collection 1.
10. Check if Collection 1 is empty.
11. Check if Collection 2 is empty.
12. Empty Collection 1
13. Empty Collection 2.
14. Find an item in Collection 1.
15. Find an item in Collection 2.
16. Exit.

Please enter your Option: 
You chose option: 2
Please enter your value to add: 
Value: 67 was added successfully.

1.  Add an item to Collection 1.
2.  Add an item to Collection 2.
3.  Remove an item from Collection 1.
4.  Remove an item from Collection 2.
5.  Display Collection 1
6.  Display Collection 2.
7.  Check if Collection 1 is equal to Collection 2.
8.  Set Collection 1 to Collection 2.
9.  Set Collection 2 to Collection 1.
10. Check if Collection 1 is empty.
11. Check if Collection 2 is empty.
12. Empty Collection 1
13. Empty Collection 2.
14. Find an item in Collection 1.
15. Find an item in Collection 2.
16. Exit.

Please enter your Option: 
You chose option: 2
Please enter your value to add: 
Value: 68 was added successfully.

1.  Add an item to Collection 1.
2.  Add an item to Collection 2.
3.  Remove an item from Collection 1.
4.  Remove an item from Collection 2.
5.  Display Collection 1
6.  Display Collection 2.
7.  Check if Collection 1 is equal to Collection 2.
8.  Set Collection 1 to Collection 2.
9.  Set Collection 2 to Collection 1.
10. Check if Collection 1 is empty.
11. Check if Collection 2 is empty.
12. Empty Collection 1
13. Empty Collection 2.
14. Find an item in Collection 1.
15. Find an item in Collection 2.
16. Exit.

Please enter your Option: 
You chose option: 2
Please enter your value to add: 
Value: 69 was added successfully.

1.  Add an item to Collection 1.
2.  Add an item to Collection 2.
3.  Remove an item from Collection 1.
4.  Remove an item from Collection 2.
5.  Display Collection 1
6.  Display Collection 2.
7.  Check if Collection 1 is equal to Collection 2.
8.  Set Collection 1 to Collection 2.
9.  Set Collection 2 to Collection 1.
10. Check if Collection 1 is empty.
11. Check if Collection 2 is empty.
12. Empty Collection 1
13. Empty Collection 2.
14. Find an item in Collection 1.
15. Find an item in Collection 2.
16. Exit.

Please enter your Option: 
You chose option: 2
Please enter your value to add: 
Value: 70 was unable to be added, array full.

1.  Add an item to Collection 1.
2.  Add an item to Collection 2.
3.  Remove an item from Collection 1.
4.  Remove an item from Collection 2.
5.  Display Collection 1
6.  Display Collection 2.
7.  Check if Collection 1 is equal to Collection 2.
8.  Set Collection 1 to Collection 2.
9.  Set Collection 2 to Collection 1.
10. Check if Collection 1 is empty.
11. Check if Collection 2 is empty.
12. Empty Collection 1
13. Empty Collection 2.
14. Find an item in Collection 1.
15. Find an item in Collection 2.
16. Exit.

Please enter your Option: 
You chose option: 2
Please enter your value to add: 
Value: 71 was unable to be added, array full.

1.  Add an item to Collection 1.
2.  Add an item to Collection 2.
3.  Remove an item from Collection 1.
4.  Remove an item from Collection 2.
5.  Display Collection 1
6.  Display Collection 2.
7.  Check if Collection 1 is equal to Collection 2.
8.  Set Collection 1 to Collection 2.
9.  Set Collection 2 to Collection 1.
10. Check if Collection 1 is empty.
11. Check if Collection 2 is empty.
12. Empty Collection 1
13. Empty Collection 2.
14. Find an item in Collection 1.
15. Find an item in Collection 2.
16. Exit.

Please enter your Option: 
You chose option: 6

50
51
52
53
54
55
56
57
58
59
60
61
62
63
64
65
66
67
68
69

1.  Add an item to Collection 1.
2.  Add an item to Collection 2.
3.  Remove an item from Collection 1.
4.  Remove an item from Collection 2.
5.  Display Collection 1
6.  Display Collection 2.
7.  Check if Collection 1 is equal to Collection 2.
8.  Set Collection 1 to Collection 2.
9.  Set Collection 2 to Collection 1.
10. Check if Collection 1 is empty.
11. Check if Collection 2 is empty.
12. Empty Collection 1
13. Empty Collection 2.
14. Find an item in Collection 1.
15. Find an item in Collection 2.
16. Exit.

Please enter your Option: 
You chose option: 7
The two arrays are not equal to each other.

1.  Add an item to Collection 1.
2.  Add an item to Collection 2.
3.  Remove an item from Collection 1.
4.  Remove an item from Collection 2.
5.  Display Collection 1
6.  Display Collection 2.
7.  Check if Collection 1 is equal to Collection 2.
8.  Set Collection 1 to Collection 2.
9.  Set Collection 2 to Collection 1.
10. Check if Collection 1 is empty.
11. Check if Collection 2 is empty.
12. Empty Collection 1
13. Empty Collection 2.
14. Find an item in Collection 1.
15. Find an item in Collection 2.
16. Exit.

Please enter your Option: 
You chose option: 10
The array is not empty.

1.  Add an item to Collection 1.
2.  Add an item to Collection 2.
3.  Remove an item from Collection 1.
4.  Remove an item from Collection 2.
5.  Display Collection 1
6.  Display Collection 2.
7.  Check if Collection 1 is equal to Collection 2.
8.  Set Collection 1 to Collection 2.
9.  Set Collection 2 to Collection 1.
10. Check if Collection 1 is empty.
11. Check if Collection 2 is empty.
12. Empty Collection 1
13. Empty Collection 2.
14. Find an item in Collection 1.
15. Find an item in Collection 2.
16. Exit.

Please enter your Option: 
You chose option: 11
The array is not empty.

1.  Add an item to Collection 1.
2.  Add an item to Collection 2.
3.  Remove an item from Collection 1.
4.  Remove an item from Collection 2.
5.  Display Collection 1
6.  Display Collection 2.
7.  Check if Collection 1 is equal to Collection 2.
8.  Set Collection 1 to Collection 2.
9.  Set Collection 2 to Collection 1.
10. Check if Collection 1 is empty.
11. Check if Collection 2 is empty.
12. Empty Collection 1
13. Empty Collection 2.
14. Find an item in Collection 1.
15. Find an item in Collection 2.
16. Exit.

Please enter your Option: 
You chose option: 14
Value to search for: 
7 is not in array 1

1.  Add an item to Collection 1.
2.  Add an item to Collection 2.
3.  Remove an item from Collection 1.
4.  Remove an item from Collection 2.
5.  Display Collection 1
6.  Display Collection 2.
7.  Check if Collection 1 is equal to Collection 2.
8.  Set Collection 1 to Collection 2.
9.  Set Collection 2 to Collection 1.
10. Check if Collection 1 is empty.
11. Check if Collection 2 is empty.
12. Empty Collection 1
13. Empty Collection 2.
14. Find an item in Collection 1.
15. Find an item in Collection 2.
16. Exit.

Please enter your Option: 
You chose option: 14
Value to search for: 
20 is in array 1

1.  Add an item to Collection 1.
2.  Add an item to Collection 2.
3.  Remove an item from Collection 1.
4.  Remove an item from Collection 2.
5.  Display Collection 1
6.  Display Collection 2.
7.  Check if Collection 1 is equal to Collection 2.
8.  Set Collection 1 to Collection 2.
9.  Set Collection 2 to Collection 1.
10. Check if Collection 1 is empty.
11. Check if Collection 2 is empty.
12. Empty Collection 1
13. Empty Collection 2.
14. Find an item in Collection 1.
15. Find an item in Collection 2.
16. Exit.

Please enter your Option: 
You chose option: 14
Value to search for: 
40 is not in array 1

1.  Add an item to Collection 1.
2.  Add an item to Collection 2.
3.  Remove an item from Collection 1.
4.  Remove an item from Collection 2.
5.  Display Collection 1
6.  Display Collection 2.
7.  Check if Collection 1 is equal to Collection 2.
8.  Set Collection 1 to Collection 2.
9.  Set Collection 2 to Collection 1.
10. Check if Collection 1 is empty.
11. Check if Collection 2 is empty.
12. Empty Collection 1
13. Empty Collection 2.
14. Find an item in Collection 1.
15. Find an item in Collection 2.
16. Exit.

Please enter your Option: 
You chose option: 14
Value to search for: 
39 is in array 1

1.  Add an item to Collection 1.
2.  Add an item to Collection 2.
3.  Remove an item from Collection 1.
4.  Remove an item from Collection 2.
5.  Display Collection 1
6.  Display Collection 2.
7.  Check if Collection 1 is equal to Collection 2.
8.  Set Collection 1 to Collection 2.
9.  Set Collection 2 to Collection 1.
10. Check if Collection 1 is empty.
11. Check if Collection 2 is empty.
12. Empty Collection 1
13. Empty Collection 2.
14. Find an item in Collection 1.
15. Find an item in Collection 2.
16. Exit.

Please enter your Option: 
You chose option: 15
Value to search for: 
50 is in array 2

1.  Add an item to Collection 1.
2.  Add an item to Collection 2.
3.  Remove an item from Collection 1.
4.  Remove an item from Collection 2.
5.  Display Collection 1
6.  Display Collection 2.
7.  Check if Collection 1 is equal to Collection 2.
8.  Set Collection 1 to Collection 2.
9.  Set Collection 2 to Collection 1.
10. Check if Collection 1 is empty.
11. Check if Collection 2 is empty.
12. Empty Collection 1
13. Empty Collection 2.
14. Find an item in Collection 1.
15. Find an item in Collection 2.
16. Exit.

Please enter your Option: 
You chose option: 15
Value to search for: 
1 is not in array 2

1.  Add an item to Collection 1.
2.  Add an item to Collection 2.
3.  Remove an item from Collection 1.
4.  Remove an item from Collection 2.
5.  Display Collection 1
6.  Display Collection 2.
7.  Check if Collection 1 is equal to Collection 2.
8.  Set Collection 1 to Collection 2.
9.  Set Collection 2 to Collection 1.
10. Check if Collection 1 is empty.
11. Check if Collection 2 is empty.
12. Empty Collection 1
13. Empty Collection 2.
14. Find an item in Collection 1.
15. Find an item in Collection 2.
16. Exit.

Please enter your Option: 
You chose option: 15
Value to search for: 
70 is not in array 2

1.  Add an item to Collection 1.
2.  Add an item to Collection 2.
3.  Remove an item from Collection 1.
4.  Remove an item from Collection 2.
5.  Display Collection 1
6.  Display Collection 2.
7.  Check if Collection 1 is equal to Collection 2.
8.  Set Collection 1 to Collection 2.
9.  Set Collection 2 to Collection 1.
10. Check if Collection 1 is empty.
11. Check if Collection 2 is empty.
12. Empty Collection 1
13. Empty Collection 2.
14. Find an item in Collection 1.
15. Find an item in Collection 2.
16. Exit.

Please enter your Option: 
You chose option: 15
Value to search for: 
71 is not in array 2

1.  Add an item to Collection 1.
2.  Add an item to Collection 2.
3.  Remove an item from Collection 1.
4.  Remove an item from Collection 2.
5.  Display Collection 1
6.  Display Collection 2.
7.  Check if Collection 1 is equal to Collection 2.
8.  Set Collection 1 to Collection 2.
9.  Set Collection 2 to Collection 1.
10. Check if Collection 1 is empty.
11. Check if Collection 2 is empty.
12. Empty Collection 1
13. Empty Collection 2.
14. Find an item in Collection 1.
15. Find an item in Collection 2.
16. Exit.

Please enter your Option: 
You chose option: 15
Value to search for: 
66 is in array 2

1.  Add an item to Collection 1.
2.  Add an item to Collection 2.
3.  Remove an item from Collection 1.
4.  Remove an item from Collection 2.
5.  Display Collection 1
6.  Display Collection 2.
7.  Check if Collection 1 is equal to Collection 2.
8.  Set Collection 1 to Collection 2.
9.  Set Collection 2 to Collection 1.
10. Check if Collection 1 is empty.
11. Check if Collection 2 is empty.
12. Empty Collection 1
13. Empty Collection 2.
14. Find an item in Collection 1.
15. Find an item in Collection 2.
16. Exit.

Please enter your Option: 
You chose option: 8
Array 1 was copied to array 2.

1.  Add an item to Collection 1.
2.  Add an item to Collection 2.
3.  Remove an item from Collection 1.
4.  Remove an item from Collection 2.
5.  Display Collection 1
6.  Display Collection 2.
7.  Check if Collection 1 is equal to Collection 2.
8.  Set Collection 1 to Collection 2.
9.  Set Collection 2 to Collection 1.
10. Check if Collection 1 is empty.
11. Check if Collection 2 is empty.
12. Empty Collection 1
13. Empty Collection 2.
14. Find an item in Collection 1.
15. Find an item in Collection 2.
16. Exit.

Please enter your Option: 
You chose option: 10
The array is not empty.

1.  Add an item to Collection 1.
2.  Add an item to Collection 2.
3.  Remove an item from Collection 1.
4.  Remove an item from Collection 2.
5.  Display Collection 1
6.  Display Collection 2.
7.  Check if Collection 1 is equal to Collection 2.
8.  Set Collection 1 to Collection 2.
9.  Set Collection 2 to Collection 1.
10. Check if Collection 1 is empty.
11. Check if Collection 2 is empty.
12. Empty Collection 1
13. Empty Collection 2.
14. Find an item in Collection 1.
15. Find an item in Collection 2.
16. Exit.

Please enter your Option: 
You chose option: 11
The array is not empty.

1.  Add an item to Collection 1.
2.  Add an item to Collection 2.
3.  Remove an item from Collection 1.
4.  Remove an item from Collection 2.
5.  Display Collection 1
6.  Display Collection 2.
7.  Check if Collection 1 is equal to Collection 2.
8.  Set Collection 1 to Collection 2.
9.  Set Collection 2 to Collection 1.
10. Check if Collection 1 is empty.
11. Check if Collection 2 is empty.
12. Empty Collection 1
13. Empty Collection 2.
14. Find an item in Collection 1.
15. Find an item in Collection 2.
16. Exit.

Please enter your Option: 
You chose option: 12
The array was emptied.

1.  Add an item to Collection 1.
2.  Add an item to Collection 2.
3.  Remove an item from Collection 1.
4.  Remove an item from Collection 2.
5.  Display Collection 1
6.  Display Collection 2.
7.  Check if Collection 1 is equal to Collection 2.
8.  Set Collection 1 to Collection 2.
9.  Set Collection 2 to Collection 1.
10. Check if Collection 1 is empty.
11. Check if Collection 2 is empty.
12. Empty Collection 1
13. Empty Collection 2.
14. Find an item in Collection 1.
15. Find an item in Collection 2.
16. Exit.

Please enter your Option: 
You chose option: 13
The array was emptied.

1.  Add an item to Collection 1.
2.  Add an item to Collection 2.
3.  Remove an item from Collection 1.
4.  Remove an item from Collection 2.
5.  Display Collection 1
6.  Display Collection 2.
7.  Check if Collection 1 is equal to Collection 2.
8.  Set Collection 1 to Collection 2.
9.  Set Collection 2 to Collection 1.
10. Check if Collection 1 is empty.
11. Check if Collection 2 is empty.
12. Empty Collection 1
13. Empty Collection 2.
14. Find an item in Collection 1.
15. Find an item in Collection 2.
16. Exit.

Please enter your Option: 
You chose option: 2
Please enter your value to add: 
Value: 5 was added successfully.

1.  Add an item to Collection 1.
2.  Add an item to Collection 2.
3.  Remove an item from Collection 1.
4.  Remove an item from Collection 2.
5.  Display Collection 1
6.  Display Collection 2.
7.  Check if Collection 1 is equal to Collection 2.
8.  Set Collection 1 to Collection 2.
9.  Set Collection 2 to Collection 1.
10. Check if Collection 1 is empty.
11. Check if Collection 2 is empty.
12. Empty Collection 1
13. Empty Collection 2.
14. Find an item in Collection 1.
15. Find an item in Collection 2.
16. Exit.

Please enter your Option: 
You chose option: 2
Please enter your value to add: 
Value: 78 was added successfully.

1.  Add an item to Collection 1.
2.  Add an item to Collection 2.
3.  Remove an item from Collection 1.
4.  Remove an item from Collection 2.
5.  Display Collection 1
6.  Display Collection 2.
7.  Check if Collection 1 is equal to Collection 2.
8.  Set Collection 1 to Collection 2.
9.  Set Collection 2 to Collection 1.
10. Check if Collection 1 is empty.
11. Check if Collection 2 is empty.
12. Empty Collection 1
13. Empty Collection 2.
14. Find an item in Collection 1.
15. Find an item in Collection 2.
16. Exit.

Please enter your Option: 
You chose option: 2
Please enter your value to add: 
Value: 77 was added successfully.

1.  Add an item to Collection 1.
2.  Add an item to Collection 2.
3.  Remove an item from Collection 1.
4.  Remove an item from Collection 2.
5.  Display Collection 1
6.  Display Collection 2.
7.  Check if Collection 1 is equal to Collection 2.
8.  Set Collection 1 to Collection 2.
9.  Set Collection 2 to Collection 1.
10. Check if Collection 1 is empty.
11. Check if Collection 2 is empty.
12. Empty Collection 1
13. Empty Collection 2.
14. Find an item in Collection 1.
15. Find an item in Collection 2.
16. Exit.

Please enter your Option: 
You chose option: 9
Array 2 was copied to array 1.

1.  Add an item to Collection 1.
2.  Add an item to Collection 2.
3.  Remove an item from Collection 1.
4.  Remove an item from Collection 2.
5.  Display Collection 1
6.  Display Collection 2.
7.  Check if Collection 1 is equal to Collection 2.
8.  Set Collection 1 to Collection 2.
9.  Set Collection 2 to Collection 1.
10. Check if Collection 1 is empty.
11. Check if Collection 2 is empty.
12. Empty Collection 1
13. Empty Collection 2.
14. Find an item in Collection 1.
15. Find an item in Collection 2.
16. Exit.

Please enter your Option: 
You chose option: 3
No data was able to be removed.

1.  Add an item to Collection 1.
2.  Add an item to Collection 2.
3.  Remove an item from Collection 1.
4.  Remove an item from Collection 2.
5.  Display Collection 1
6.  Display Collection 2.
7.  Check if Collection 1 is equal to Collection 2.
8.  Set Collection 1 to Collection 2.
9.  Set Collection 2 to Collection 1.
10. Check if Collection 1 is empty.
11. Check if Collection 2 is empty.
12. Empty Collection 1
13. Empty Collection 2.
14. Find an item in Collection 1.
15. Find an item in Collection 2.
16. Exit.

Please enter your Option: 
You chose option: 4
Value: 77 was removed successfully.

1.  Add an item to Collection 1.
2.  Add an item to Collection 2.
3.  Remove an item from Collection 1.
4.  Remove an item from Collection 2.
5.  Display Collection 1
6.  Display Collection 2.
7.  Check if Collection 1 is equal to Collection 2.
8.  Set Collection 1 to Collection 2.
9.  Set Collection 2 to Collection 1.
10. Check if Collection 1 is empty.
11. Check if Collection 2 is empty.
12. Empty Collection 1
13. Empty Collection 2.
14. Find an item in Collection 1.
15. Find an item in Collection 2.
16. Exit.

Please enter your Option: 
You chose option: 12
The array was emptied.

1.  Add an item to Collection 1.
2.  Add an item to Collection 2.
3.  Remove an item from Collection 1.
4.  Remove an item from Collection 2.
5.  Display Collection 1
6.  Display Collection 2.
7.  Check if Collection 1 is equal to Collection 2.
8.  Set Collection 1 to Collection 2.
9.  Set Collection 2 to Collection 1.
10. Check if Collection 1 is empty.
11. Check if Collection 2 is empty.
12. Empty Collection 1
13. Empty Collection 2.
14. Find an item in Collection 1.
15. Find an item in Collection 2.
16. Exit.

Please enter your Option: 
You chose option: 13
The array was emptied.

1.  Add an item to Collection 1.
2.  Add an item to Collection 2.
3.  Remove an item from Collection 1.
4.  Remove an item from Collection 2.
5.  Display Collection 1
6.  Display Collection 2.
7.  Check if Collection 1 is equal to Collection 2.
8.  Set Collection 1 to Collection 2.
9.  Set Collection 2 to Collection 1.
10. Check if Collection 1 is empty.
11. Check if Collection 2 is empty.
12. Empty Collection 1
13. Empty Collection 2.
14. Find an item in Collection 1.
15. Find an item in Collection 2.
16. Exit.

Please enter your Option: 
You chose option: 1
Please enter your value to add: 
Value: 1 was added successfully.

1.  Add an item to Collection 1.
2.  Add an item to Collection 2.
3.  Remove an item from Collection 1.
4.  Remove an item from Collection 2.
5.  Display Collection 1
6.  Display Collection 2.
7.  Check if Collection 1 is equal to Collection 2.
8.  Set Collection 1 to Collection 2.
9.  Set Collection 2 to Collection 1.
10. Check if Collection 1 is empty.
11. Check if Collection 2 is empty.
12. Empty Collection 1
13. Empty Collection 2.
14. Find an item in Collection 1.
15. Find an item in Collection 2.
16. Exit.

Please enter your Option: 
You chose option: 2
Please enter your value to add: 
Value: 3 was added successfully.

1.  Add an item to Collection 1.
2.  Add an item to Collection 2.
3.  Remove an item from Collection 1.
4.  Remove an item from Collection 2.
5.  Display Collection 1
6.  Display Collection 2.
7.  Check if Collection 1 is equal to Collection 2.
8.  Set Collection 1 to Collection 2.
9.  Set Collection 2 to Collection 1.
10. Check if Collection 1 is empty.
11. Check if Collection 2 is empty.
12. Empty Collection 1
13. Empty Collection 2.
14. Find an item in Collection 1.
15. Find an item in Collection 2.
16. Exit.

Please enter your Option: 
You chose option: 3
Value: 1 was removed successfully.

1.  Add an item to Collection 1.
2.  Add an item to Collection 2.
3.  Remove an item from Collection 1.
4.  Remove an item from Collection 2.
5.  Display Collection 1
6.  Display Collection 2.
7.  Check if Collection 1 is equal to Collection 2.
8.  Set Collection 1 to Collection 2.
9.  Set Collection 2 to Collection 1.
10. Check if Collection 1 is empty.
11. Check if Collection 2 is empty.
12. Empty Collection 1
13. Empty Collection 2.
14. Find an item in Collection 1.
15. Find an item in Collection 2.
16. Exit.

Please enter your Option: 
You chose option: 3
No data was able to be removed.

1.  Add an item to Collection 1.
2.  Add an item to Collection 2.
3.  Remove an item from Collection 1.
4.  Remove an item from Collection 2.
5.  Display Collection 1
6.  Display Collection 2.
7.  Check if Collection 1 is equal to Collection 2.
8.  Set Collection 1 to Collection 2.
9.  Set Collection 2 to Collection 1.
10. Check if Collection 1 is empty.
11. Check if Collection 2 is empty.
12. Empty Collection 1
13. Empty Collection 2.
14. Find an item in Collection 1.
15. Find an item in Collection 2.
16. Exit.

Please enter your Option: 
You chose option: 3
No data was able to be removed.

1.  Add an item to Collection 1.
2.  Add an item to Collection 2.
3.  Remove an item from Collection 1.
4.  Remove an item from Collection 2.
5.  Display Collection 1
6.  Display Collection 2.
7.  Check if Collection 1 is equal to Collection 2.
8.  Set Collection 1 to Collection 2.
9.  Set Collection 2 to Collection 1.
10. Check if Collection 1 is empty.
11. Check if Collection 2 is empty.
12. Empty Collection 1
13. Empty Collection 2.
14. Find an item in Collection 1.
15. Find an item in Collection 2.
16. Exit.

Please enter your Option: 
You chose option: 3
No data was able to be removed.

1.  Add an item to Collection 1.
2.  Add an item to Collection 2.
3.  Remove an item from Collection 1.
4.  Remove an item from Collection 2.
5.  Display Collection 1
6.  Display Collection 2.
7.  Check if Collection 1 is equal to Collection 2.
8.  Set Collection 1 to Collection 2.
9.  Set Collection 2 to Collection 1.
10. Check if Collection 1 is empty.
11. Check if Collection 2 is empty.
12. Empty Collection 1
13. Empty Collection 2.
14. Find an item in Collection 1.
15. Find an item in Collection 2.
16. Exit.

Please enter your Option: 
You chose option: 13
The array was emptied.

1.  Add an item to Collection 1.
2.  Add an item to Collection 2.
3.  Remove an item from Collection 1.
4.  Remove an item from Collection 2.
5.  Display Collection 1
6.  Display Collection 2.
7.  Check if Collection 1 is equal to Collection 2.
8.  Set Collection 1 to Collection 2.
9.  Set Collection 2 to Collection 1.
10. Check if Collection 1 is empty.
11. Check if Collection 2 is empty.
12. Empty Collection 1
13. Empty Collection 2.
14. Find an item in Collection 1.
15. Find an item in Collection 2.
16. Exit.

Please enter your Option: 
You chose option: 2
Please enter your value to add: 
Value: 1 was added successfully.

1.  Add an item to Collection 1.
2.  Add an item to Collection 2.
3.  Remove an item from Collection 1.
4.  Remove an item from Collection 2.
5.  Display Collection 1
6.  Display Collection 2.
7.  Check if Collection 1 is equal to Collection 2.
8.  Set Collection 1 to Collection 2.
9.  Set Collection 2 to Collection 1.
10. Check if Collection 1 is empty.
11. Check if Collection 2 is empty.
12. Empty Collection 1
13. Empty Collection 2.
14. Find an item in Collection 1.
15. Find an item in Collection 2.
16. Exit.

Please enter your Option: 
You chose option: 2
Please enter your value to add: 
Value: 3 was added successfully.

1.  Add an item to Collection 1.
2.  Add an item to Collection 2.
3.  Remove an item from Collection 1.
4.  Remove an item from Collection 2.
5.  Display Collection 1
6.  Display Collection 2.
7.  Check if Collection 1 is equal to Collection 2.
8.  Set Collection 1 to Collection 2.
9.  Set Collection 2 to Collection 1.
10. Check if Collection 1 is empty.
11. Check if Collection 2 is empty.
12. Empty Collection 1
13. Empty Collection 2.
14. Find an item in Collection 1.
15. Find an item in Collection 2.
16. Exit.

Please enter your Option: 
You chose option: 4
Value: 3 was removed successfully.

1.  Add an item to Collection 1.
2.  Add an item to Collection 2.
3.  Remove an item from Collection 1.
4.  Remove an item from Collection 2.
5.  Display Collection 1
6.  Display Collection 2.
7.  Check if Collection 1 is equal to Collection 2.
8.  Set Collection 1 to Collection 2.
9.  Set Collection 2 to Collection 1.
10. Check if Collection 1 is empty.
11. Check if Collection 2 is empty.
12. Empty Collection 1
13. Empty Collection 2.
14. Find an item in Collection 1.
15. Find an item in Collection 2.
16. Exit.

Please enter your Option: 
You chose option: 4
Value: 1 was removed successfully.

1.  Add an item to Collection 1.
2.  Add an item to Collection 2.
3.  Remove an item from Collection 1.
4.  Remove an item from Collection 2.
5.  Display Collection 1
6.  Display Collection 2.
7.  Check if Collection 1 is equal to Collection 2.
8.  Set Collection 1 to Collection 2.
9.  Set Collection 2 to Collection 1.
10. Check if Collection 1 is empty.
11. Check if Collection 2 is empty.
12. Empty Collection 1
13. Empty Collection 2.
14. Find an item in Collection 1.
15. Find an item in Collection 2.
16. Exit.

Please enter your Option: 
You chose option: 4
No data was able to be removed.

1.  Add an item to Collection 1.
2.  Add an item to Collection 2.
3.  Remove an item from Collection 1.
4.  Remove an item from Collection 2.
5.  Display Collection 1
6.  Display Collection 2.
7.  Check if Collection 1 is equal to Collection 2.
8.  Set Collection 1 to Collection 2.
9.  Set Collection 2 to Collection 1.
10. Check if Collection 1 is empty.
11. Check if Collection 2 is empty.
12. Empty Collection 1
13. Empty Collection 2.
14. Find an item in Collection 1.
15. Find an item in Collection 2.
16. Exit.

Please enter your Option: 
You chose option: 4
No data was able to be removed.

1.  Add an item to Collection 1.
2.  Add an item to Collection 2.
3.  Remove an item from Collection 1.
4.  Remove an item from Collection 2.
5.  Display Collection 1
6.  Display Collection 2.
7.  Check if Collection 1 is equal to Collection 2.
8.  Set Collection 1 to Collection 2.
9.  Set Collection 2 to Collection 1.
10. Check if Collection 1 is empty.
11. Check if Collection 2 is empty.
12. Empty Collection 1
13. Empty Collection 2.
14. Find an item in Collection 1.
15. Find an item in Collection 2.
16. Exit.

Please enter your Option: 
You chose option: 10
The array is empty.

1.  Add an item to Collection 1.
2.  Add an item to Collection 2.
3.  Remove an item from Collection 1.
4.  Remove an item from Collection 2.
5.  Display Collection 1
6.  Display Collection 2.
7.  Check if Collection 1 is equal to Collection 2.
8.  Set Collection 1 to Collection 2.
9.  Set Collection 2 to Collection 1.
10. Check if Collection 1 is empty.
11. Check if Collection 2 is empty.
12. Empty Collection 1
13. Empty Collection 2.
14. Find an item in Collection 1.
15. Find an item in Collection 2.
16. Exit.

Please enter your Option: 
You chose option: 11
The array is empty.

1.  Add an item to Collection 1.
2.  Add an item to Collection 2.
3.  Remove an item from Collection 1.
4.  Remove an item from Collection 2.
5.  Display Collection 1
6.  Display Collection 2.
7.  Check if Collection 1 is equal to Collection 2.
8.  Set Collection 1 to Collection 2.
9.  Set Collection 2 to Collection 1.
10. Check if Collection 1 is empty.
11. Check if Collection 2 is empty.
12. Empty Collection 1
13. Empty Collection 2.
14. Find an item in Collection 1.
15. Find an item in Collection 2.
16. Exit.

Please enter your Option: 
You chose option: 16
--- Running again ---
 

Name: Adam Abad
Class Templates
Collection uses a template class to store data in an array.

1.  Add an item to Collection 1.
2.  Add an item to Collection 2.
3.  Remove an item from Collection 1.
4.  Remove an item from Collection 2.
5.  Display Collection 1
6.  Display Collection 2.
7.  Check if Collection 1 is equal to Collection 2.
8.  Set Collection 1 to Collection 2.
9.  Set Collection 2 to Collection 1.
10. Check if Collection 1 is empty.
11. Check if Collection 2 is empty.
12. Empty Collection 1
13. Empty Collection 2.
14. Find an item in Collection 1.
15. Find an item in Collection 2.
16. Exit.

Please enter your Option: 
You chose option: 12
The array was emptied.

1.  Add an item to Collection 1.
2.  Add an item to Collection 2.
3.  Remove an item from Collection 1.
4.  Remove an item from Collection 2.
5.  Display Collection 1
6.  Display Collection 2.
7.  Check if Collection 1 is equal to Collection 2.
8.  Set Collection 1 to Collection 2.
9.  Set Collection 2 to Collection 1.
10. Check if Collection 1 is empty.
11. Check if Collection 2 is empty.
12. Empty Collection 1
13. Empty Collection 2.
14. Find an item in Collection 1.
15. Find an item in Collection 2.
16. Exit.

Please enter your Option: 
You chose option: 13
The array was emptied.

1.  Add an item to Collection 1.
2.  Add an item to Collection 2.
3.  Remove an item from Collection 1.
4.  Remove an item from Collection 2.
5.  Display Collection 1
6.  Display Collection 2.
7.  Check if Collection 1 is equal to Collection 2.
8.  Set Collection 1 to Collection 2.
9.  Set Collection 2 to Collection 1.
10. Check if Collection 1 is empty.
11. Check if Collection 2 is empty.
12. Empty Collection 1
13. Empty Collection 2.
14. Find an item in Collection 1.
15. Find an item in Collection 2.
16. Exit.

Please enter your Option: 
You chose option: 10
The array is empty.

1.  Add an item to Collection 1.
2.  Add an item to Collection 2.
3.  Remove an item from Collection 1.
4.  Remove an item from Collection 2.
5.  Display Collection 1
6.  Display Collection 2.
7.  Check if Collection 1 is equal to Collection 2.
8.  Set Collection 1 to Collection 2.
9.  Set Collection 2 to Collection 1.
10. Check if Collection 1 is empty.
11. Check if Collection 2 is empty.
12. Empty Collection 1
13. Empty Collection 2.
14. Find an item in Collection 1.
15. Find an item in Collection 2.
16. Exit.

Please enter your Option: 
You chose option: 11
The array is empty.

1.  Add an item to Collection 1.
2.  Add an item to Collection 2.
3.  Remove an item from Collection 1.
4.  Remove an item from Collection 2.
5.  Display Collection 1
6.  Display Collection 2.
7.  Check if Collection 1 is equal to Collection 2.
8.  Set Collection 1 to Collection 2.
9.  Set Collection 2 to Collection 1.
10. Check if Collection 1 is empty.
11. Check if Collection 2 is empty.
12. Empty Collection 1
13. Empty Collection 2.
14. Find an item in Collection 1.
15. Find an item in Collection 2.
16. Exit.

Please enter your Option: 
You chose option: 16
--- Running again ---
 

Name: Adam Abad
Class Templates
Collection uses a template class to store data in an array.

1.  Add an item to Collection 1.
2.  Add an item to Collection 2.
3.  Remove an item from Collection 1.
4.  Remove an item from Collection 2.
5.  Display Collection 1
6.  Display Collection 2.
7.  Check if Collection 1 is equal to Collection 2.
8.  Set Collection 1 to Collection 2.
9.  Set Collection 2 to Collection 1.
10. Check if Collection 1 is empty.
11. Check if Collection 2 is empty.
12. Empty Collection 1
13. Empty Collection 2.
14. Find an item in Collection 1.
15. Find an item in Collection 2.
16. Exit.

Please enter your Option: 
You chose option: 5


1.  Add an item to Collection 1.
2.  Add an item to Collection 2.
3.  Remove an item from Collection 1.
4.  Remove an item from Collection 2.
5.  Display Collection 1
6.  Display Collection 2.
7.  Check if Collection 1 is equal to Collection 2.
8.  Set Collection 1 to Collection 2.
9.  Set Collection 2 to Collection 1.
10. Check if Collection 1 is empty.
11. Check if Collection 2 is empty.
12. Empty Collection 1
13. Empty Collection 2.
14. Find an item in Collection 1.
15. Find an item in Collection 2.
16. Exit.

Please enter your Option: 
You chose option: 6


1.  Add an item to Collection 1.
2.  Add an item to Collection 2.
3.  Remove an item from Collection 1.
4.  Remove an item from Collection 2.
5.  Display Collection 1
6.  Display Collection 2.
7.  Check if Collection 1 is equal to Collection 2.
8.  Set Collection 1 to Collection 2.
9.  Set Collection 2 to Collection 1.
10. Check if Collection 1 is empty.
11. Check if Collection 2 is empty.
12. Empty Collection 1
13. Empty Collection 2.
14. Find an item in Collection 1.
15. Find an item in Collection 2.
16. Exit.

Please enter your Option: 
You chose option: 10
The array is empty.

1.  Add an item to Collection 1.
2.  Add an item to Collection 2.
3.  Remove an item from Collection 1.
4.  Remove an item from Collection 2.
5.  Display Collection 1
6.  Display Collection 2.
7.  Check if Collection 1 is equal to Collection 2.
8.  Set Collection 1 to Collection 2.
9.  Set Collection 2 to Collection 1.
10. Check if Collection 1 is empty.
11. Check if Collection 2 is empty.
12. Empty Collection 1
13. Empty Collection 2.
14. Find an item in Collection 1.
15. Find an item in Collection 2.
16. Exit.

Please enter your Option: 
You chose option: 11
The array is empty.

1.  Add an item to Collection 1.
2.  Add an item to Collection 2.
3.  Remove an item from Collection 1.
4.  Remove an item from Collection 2.
5.  Display Collection 1
6.  Display Collection 2.
7.  Check if Collection 1 is equal to Collection 2.
8.  Set Collection 1 to Collection 2.
9.  Set Collection 2 to Collection 1.
10. Check if Collection 1 is empty.
11. Check if Collection 2 is empty.
12. Empty Collection 1
13. Empty Collection 2.
14. Find an item in Collection 1.
15. Find an item in Collection 2.
16. Exit.

Please enter your Option: 
You chose option: 12
The array was emptied.

1.  Add an item to Collection 1.
2.  Add an item to Collection 2.
3.  Remove an item from Collection 1.
4.  Remove an item from Collection 2.
5.  Display Collection 1
6.  Display Collection 2.
7.  Check if Collection 1 is equal to Collection 2.
8.  Set Collection 1 to Collection 2.
9.  Set Collection 2 to Collection 1.
10. Check if Collection 1 is empty.
11. Check if Collection 2 is empty.
12. Empty Collection 1
13. Empty Collection 2.
14. Find an item in Collection 1.
15. Find an item in Collection 2.
16. Exit.

Please enter your Option: 
You chose option: 13
The array was emptied.

1.  Add an item to Collection 1.
2.  Add an item to Collection 2.
3.  Remove an item from Collection 1.
4.  Remove an item from Collection 2.
5.  Display Collection 1
6.  Display Collection 2.
7.  Check if Collection 1 is equal to Collection 2.
8.  Set Collection 1 to Collection 2.
9.  Set Collection 2 to Collection 1.
10. Check if Collection 1 is empty.
11. Check if Collection 2 is empty.
12. Empty Collection 1
13. Empty Collection 2.
14. Find an item in Collection 1.
15. Find an item in Collection 2.
16. Exit.

Please enter your Option: 
You chose option: 16
--- Running again ---
 

Name: Adam Abad
Class Templates
Collection uses a template class to store data in an array.

1.  Add an item to Collection 1.
2.  Add an item to Collection 2.
3.  Remove an item from Collection 1.
4.  Remove an item from Collection 2.
5.  Display Collection 1
6.  Display Collection 2.
7.  Check if Collection 1 is equal to Collection 2.
8.  Set Collection 1 to Collection 2.
9.  Set Collection 2 to Collection 1.
10. Check if Collection 1 is empty.
11. Check if Collection 2 is empty.
12. Empty Collection 1
13. Empty Collection 2.
14. Find an item in Collection 1.
15. Find an item in Collection 2.
16. Exit.

Please enter your Option: 
You chose option: 1
Please enter your value to add: 
Value: 1 was added successfully.

1.  Add an item to Collection 1.
2.  Add an item to Collection 2.
3.  Remove an item from Collection 1.
4.  Remove an item from Collection 2.
5.  Display Collection 1
6.  Display Collection 2.
7.  Check if Collection 1 is equal to Collection 2.
8.  Set Collection 1 to Collection 2.
9.  Set Collection 2 to Collection 1.
10. Check if Collection 1 is empty.
11. Check if Collection 2 is empty.
12. Empty Collection 1
13. Empty Collection 2.
14. Find an item in Collection 1.
15. Find an item in Collection 2.
16. Exit.

Please enter your Option: 
You chose option: 1
Please enter your value to add: 
Value: 2 was added successfully.

1.  Add an item to Collection 1.
2.  Add an item to Collection 2.
3.  Remove an item from Collection 1.
4.  Remove an item from Collection 2.
5.  Display Collection 1
6.  Display Collection 2.
7.  Check if Collection 1 is equal to Collection 2.
8.  Set Collection 1 to Collection 2.
9.  Set Collection 2 to Collection 1.
10. Check if Collection 1 is empty.
11. Check if Collection 2 is empty.
12. Empty Collection 1
13. Empty Collection 2.
14. Find an item in Collection 1.
15. Find an item in Collection 2.
16. Exit.

Please enter your Option: 
You chose option: 1
Please enter your value to add: 
Value: 3 was added successfully.

1.  Add an item to Collection 1.
2.  Add an item to Collection 2.
3.  Remove an item from Collection 1.
4.  Remove an item from Collection 2.
5.  Display Collection 1
6.  Display Collection 2.
7.  Check if Collection 1 is equal to Collection 2.
8.  Set Collection 1 to Collection 2.
9.  Set Collection 2 to Collection 1.
10. Check if Collection 1 is empty.
11. Check if Collection 2 is empty.
12. Empty Collection 1
13. Empty Collection 2.
14. Find an item in Collection 1.
15. Find an item in Collection 2.
16. Exit.

Please enter your Option: 
You chose option: 2
Please enter your value to add: 
Value: 1 was added successfully.

1.  Add an item to Collection 1.
2.  Add an item to Collection 2.
3.  Remove an item from Collection 1.
4.  Remove an item from Collection 2.
5.  Display Collection 1
6.  Display Collection 2.
7.  Check if Collection 1 is equal to Collection 2.
8.  Set Collection 1 to Collection 2.
9.  Set Collection 2 to Collection 1.
10. Check if Collection 1 is empty.
11. Check if Collection 2 is empty.
12. Empty Collection 1
13. Empty Collection 2.
14. Find an item in Collection 1.
15. Find an item in Collection 2.
16. Exit.

Please enter your Option: 
You chose option: 2
Please enter your value to add: 
Value: 2 was added successfully.

1.  Add an item to Collection 1.
2.  Add an item to Collection 2.
3.  Remove an item from Collection 1.
4.  Remove an item from Collection 2.
5.  Display Collection 1
6.  Display Collection 2.
7.  Check if Collection 1 is equal to Collection 2.
8.  Set Collection 1 to Collection 2.
9.  Set Collection 2 to Collection 1.
10. Check if Collection 1 is empty.
11. Check if Collection 2 is empty.
12. Empty Collection 1
13. Empty Collection 2.
14. Find an item in Collection 1.
15. Find an item in Collection 2.
16. Exit.

Please enter your Option: 
You chose option: 2
Please enter your value to add: 
Value: 3 was added successfully.

1.  Add an item to Collection 1.
2.  Add an item to Collection 2.
3.  Remove an item from Collection 1.
4.  Remove an item from Collection 2.
5.  Display Collection 1
6.  Display Collection 2.
7.  Check if Collection 1 is equal to Collection 2.
8.  Set Collection 1 to Collection 2.
9.  Set Collection 2 to Collection 1.
10. Check if Collection 1 is empty.
11. Check if Collection 2 is empty.
12. Empty Collection 1
13. Empty Collection 2.
14. Find an item in Collection 1.
15. Find an item in Collection 2.
16. Exit.

Please enter your Option: 
You chose option: 7
The two arrays are not equal to each other.

1.  Add an item to Collection 1.
2.  Add an item to Collection 2.
3.  Remove an item from Collection 1.
4.  Remove an item from Collection 2.
5.  Display Collection 1
6.  Display Collection 2.
7.  Check if Collection 1 is equal to Collection 2.
8.  Set Collection 1 to Collection 2.
9.  Set Collection 2 to Collection 1.
10. Check if Collection 1 is empty.
11. Check if Collection 2 is empty.
12. Empty Collection 1
13. Empty Collection 2.
14. Find an item in Collection 1.
15. Find an item in Collection 2.
16. Exit.

Please enter your Option: 
You chose option: 1
Please enter your value to add: 
Value: 7 was added successfully.

1.  Add an item to Collection 1.
2.  Add an item to Collection 2.
3.  Remove an item from Collection 1.
4.  Remove an item from Collection 2.
5.  Display Collection 1
6.  Display Collection 2.
7.  Check if Collection 1 is equal to Collection 2.
8.  Set Collection 1 to Collection 2.
9.  Set Collection 2 to Collection 1.
10. Check if Collection 1 is empty.
11. Check if Collection 2 is empty.
12. Empty Collection 1
13. Empty Collection 2.
14. Find an item in Collection 1.
15. Find an item in Collection 2.
16. Exit.

Please enter your Option: 
You chose option: 1
Please enter your value to add: 
Value: 8 was added successfully.

1.  Add an item to Collection 1.
2.  Add an item to Collection 2.
3.  Remove an item from Collection 1.
4.  Remove an item from Collection 2.
5.  Display Collection 1
6.  Display Collection 2.
7.  Check if Collection 1 is equal to Collection 2.
8.  Set Collection 1 to Collection 2.
9.  Set Collection 2 to Collection 1.
10. Check if Collection 1 is empty.
11. Check if Collection 2 is empty.
12. Empty Collection 1
13. Empty Collection 2.
14. Find an item in Collection 1.
15. Find an item in Collection 2.
16. Exit.

Please enter your Option: 
You chose option: 1
Please enter your value to add: 
Value: 9 was added successfully.

1.  Add an item to Collection 1.
2.  Add an item to Collection 2.
3.  Remove an item from Collection 1.
4.  Remove an item from Collection 2.
5.  Display Collection 1
6.  Display Collection 2.
7.  Check if Collection 1 is equal to Collection 2.
8.  Set Collection 1 to Collection 2.
9.  Set Collection 2 to Collection 1.
10. Check if Collection 1 is empty.
11. Check if Collection 2 is empty.
12. Empty Collection 1
13. Empty Collection 2.
14. Find an item in Collection 1.
15. Find an item in Collection 2.
16. Exit.

Please enter your Option: 
You chose option: 5

1
2
3
7
8
9

1.  Add an item to Collection 1.
2.  Add an item to Collection 2.
3.  Remove an item from Collection 1.
4.  Remove an item from Collection 2.
5.  Display Collection 1
6.  Display Collection 2.
7.  Check if Collection 1 is equal to Collection 2.
8.  Set Collection 1 to Collection 2.
9.  Set Collection 2 to Collection 1.
10. Check if Collection 1 is empty.
11. Check if Collection 2 is empty.
12. Empty Collection 1
13. Empty Collection 2.
14. Find an item in Collection 1.
15. Find an item in Collection 2.
16. Exit.

Please enter your Option: 
You chose option: 6

1
2
3

1.  Add an item to Collection 1.
2.  Add an item to Collection 2.
3.  Remove an item from Collection 1.
4.  Remove an item from Collection 2.
5.  Display Collection 1
6.  Display Collection 2.
7.  Check if Collection 1 is equal to Collection 2.
8.  Set Collection 1 to Collection 2.
9.  Set Collection 2 to Collection 1.
10. Check if Collection 1 is empty.
11. Check if Collection 2 is empty.
12. Empty Collection 1
13. Empty Collection 2.
14. Find an item in Collection 1.
15. Find an item in Collection 2.
16. Exit.

Please enter your Option: 
You chose option: 8
Array 1 was copied to array 2.

1.  Add an item to Collection 1.
2.  Add an item to Collection 2.
3.  Remove an item from Collection 1.
4.  Remove an item from Collection 2.
5.  Display Collection 1
6.  Display Collection 2.
7.  Check if Collection 1 is equal to Collection 2.
8.  Set Collection 1 to Collection 2.
9.  Set Collection 2 to Collection 1.
10. Check if Collection 1 is empty.
11. Check if Collection 2 is empty.
12. Empty Collection 1
13. Empty Collection 2.
14. Find an item in Collection 1.
15. Find an item in Collection 2.
16. Exit.

Please enter your Option: 
You chose option: 5

1
2
3
7
8
9

1.  Add an item to Collection 1.
2.  Add an item to Collection 2.
3.  Remove an item from Collection 1.
4.  Remove an item from Collection 2.
5.  Display Collection 1
6.  Display Collection 2.
7.  Check if Collection 1 is equal to Collection 2.
8.  Set Collection 1 to Collection 2.
9.  Set Collection 2 to Collection 1.
10. Check if Collection 1 is empty.
11. Check if Collection 2 is empty.
12. Empty Collection 1
13. Empty Collection 2.
14. Find an item in Collection 1.
15. Find an item in Collection 2.
16. Exit.

Please enter your Option: 
You chose option: 6

1
2
3

1.  Add an item to Collection 1.
2.  Add an item to Collection 2.
3.  Remove an item from Collection 1.
4.  Remove an item from Collection 2.
5.  Display Collection 1
6.  Display Collection 2.
7.  Check if Collection 1 is equal to Collection 2.
8.  Set Collection 1 to Collection 2.
9.  Set Collection 2 to Collection 1.
10. Check if Collection 1 is empty.
11. Check if Collection 2 is empty.
12. Empty Collection 1
13. Empty Collection 2.
14. Find an item in Collection 1.
15. Find an item in Collection 2.
16. Exit.

Please enter your Option: 
You chose option: 13
The array was emptied.

1.  Add an item to Collection 1.
2.  Add an item to Collection 2.
3.  Remove an item from Collection 1.
4.  Remove an item from Collection 2.
5.  Display Collection 1
6.  Display Collection 2.
7.  Check if Collection 1 is equal to Collection 2.
8.  Set Collection 1 to Collection 2.
9.  Set Collection 2 to Collection 1.
10. Check if Collection 1 is empty.
11. Check if Collection 2 is empty.
12. Empty Collection 1
13. Empty Collection 2.
14. Find an item in Collection 1.
15. Find an item in Collection 2.
16. Exit.

Please enter your Option: 
You chose option: 2
Please enter your value to add: 
Value: 20 was added successfully.

1.  Add an item to Collection 1.
2.  Add an item to Collection 2.
3.  Remove an item from Collection 1.
4.  Remove an item from Collection 2.
5.  Display Collection 1
6.  Display Collection 2.
7.  Check if Collection 1 is equal to Collection 2.
8.  Set Collection 1 to Collection 2.
9.  Set Collection 2 to Collection 1.
10. Check if Collection 1 is empty.
11. Check if Collection 2 is empty.
12. Empty Collection 1
13. Empty Collection 2.
14. Find an item in Collection 1.
15. Find an item in Collection 2.
16. Exit.

Please enter your Option: 
You chose option: 2
Please enter your value to add: 
Value: 30 was added successfully.

1.  Add an item to Collection 1.
2.  Add an item to Collection 2.
3.  Remove an item from Collection 1.
4.  Remove an item from Collection 2.
5.  Display Collection 1
6.  Display Collection 2.
7.  Check if Collection 1 is equal to Collection 2.
8.  Set Collection 1 to Collection 2.
9.  Set Collection 2 to Collection 1.
10. Check if Collection 1 is empty.
11. Check if Collection 2 is empty.
12. Empty Collection 1
13. Empty Collection 2.
14. Find an item in Collection 1.
15. Find an item in Collection 2.
16. Exit.

Please enter your Option: 
You chose option: 5

1
2
3
7
8
9

1.  Add an item to Collection 1.
2.  Add an item to Collection 2.
3.  Remove an item from Collection 1.
4.  Remove an item from Collection 2.
5.  Display Collection 1
6.  Display Collection 2.
7.  Check if Collection 1 is equal to Collection 2.
8.  Set Collection 1 to Collection 2.
9.  Set Collection 2 to Collection 1.
10. Check if Collection 1 is empty.
11. Check if Collection 2 is empty.
12. Empty Collection 1
13. Empty Collection 2.
14. Find an item in Collection 1.
15. Find an item in Collection 2.
16. Exit.

Please enter your Option: 
You chose option: 6

20
30

1.  Add an item to Collection 1.
2.  Add an item to Collection 2.
3.  Remove an item from Collection 1.
4.  Remove an item from Collection 2.
5.  Display Collection 1
6.  Display Collection 2.
7.  Check if Collection 1 is equal to Collection 2.
8.  Set Collection 1 to Collection 2.
9.  Set Collection 2 to Collection 1.
10. Check if Collection 1 is empty.
11. Check if Collection 2 is empty.
12. Empty Collection 1
13. Empty Collection 2.
14. Find an item in Collection 1.
15. Find an item in Collection 2.
16. Exit.

Please enter your Option: 
You chose option: 9
Array 2 was copied to array 1.

1.  Add an item to Collection 1.
2.  Add an item to Collection 2.
3.  Remove an item from Collection 1.
4.  Remove an item from Collection 2.
5.  Display Collection 1
6.  Display Collection 2.
7.  Check if Collection 1 is equal to Collection 2.
8.  Set Collection 1 to Collection 2.
9.  Set Collection 2 to Collection 1.
10. Check if Collection 1 is empty.
11. Check if Collection 2 is empty.
12. Empty Collection 1
13. Empty Collection 2.
14. Find an item in Collection 1.
15. Find an item in Collection 2.
16. Exit.

Please enter your Option: 
You chose option: 5

1
2
3
7
8
9

1.  Add an item to Collection 1.
2.  Add an item to Collection 2.
3.  Remove an item from Collection 1.
4.  Remove an item from Collection 2.
5.  Display Collection 1
6.  Display Collection 2.
7.  Check if Collection 1 is equal to Collection 2.
8.  Set Collection 1 to Collection 2.
9.  Set Collection 2 to Collection 1.
10. Check if Collection 1 is empty.
11. Check if Collection 2 is empty.
12. Empty Collection 1
13. Empty Collection 2.
14. Find an item in Collection 1.
15. Find an item in Collection 2.
16. Exit.

Please enter your Option: 
You chose option: 6

20
30

1.  Add an item to Collection 1.
2.  Add an item to Collection 2.
3.  Remove an item from Collection 1.
4.  Remove an item from Collection 2.
5.  Display Collection 1
6.  Display Collection 2.
7.  Check if Collection 1 is equal to Collection 2.
8.  Set Collection 1 to Collection 2.
9.  Set Collection 2 to Collection 1.
10. Check if Collection 1 is empty.
11. Check if Collection 2 is empty.
12. Empty Collection 1
13. Empty Collection 2.
14. Find an item in Collection 1.
15. Find an item in Collection 2.
16. Exit.

Please enter your Option: 
You chose option: 7
The two arrays are not equal to each other.

1.  Add an item to Collection 1.
2.  Add an item to Collection 2.
3.  Remove an item from Collection 1.
4.  Remove an item from Collection 2.
5.  Display Collection 1
6.  Display Collection 2.
7.  Check if Collection 1 is equal to Collection 2.
8.  Set Collection 1 to Collection 2.
9.  Set Collection 2 to Collection 1.
10. Check if Collection 1 is empty.
11. Check if Collection 2 is empty.
12. Empty Collection 1
13. Empty Collection 2.
14. Find an item in Collection 1.
15. Find an item in Collection 2.
16. Exit.

Please enter your Option: 
You chose option: 16
 
