Username:  abada
Date:      Tue Dec 3 10:09:34 EST 2019
 
*** compiling ***
--- running ---
 
parent signalling child 
parent waiting for child to terminate

Child 12:

On the first day of Christmas
my true love sent to me:
A Partridge in a Pear Tree

Child 11:

On the second day of Christmas
my true love sent to me:
Two Turtle Doves
and A Partridge in a Pear Tree

Child 10:

On the third day of Christmas
my true love sent to me:
Three French Hens
Two Turtle Doves
and A Partridge in a Pear Tree

Child 9:

On the fourth day of Christmas
my true love sent to me:
Four Calling Birds
Three French Hens
Two Turtle Doves
and A Partridge in a Pear Tree

Child 8:

On the fifth day of Christmas
my true love sent to me:
Five Golden Rings
Four Calling Birds
Three French Hens
Two Turtle Doves
and A Partridge in a Pear Tree

Child 7:

On the sixth day of Christmas
my true love sent to me:
Six Geese a Laying
Five Golden Rings
Four Calling Birds
Three French Hens
Two Turtle Doves
and A Partridge in a Pear Tree

Child 6:

On the seventh day of Christmas
my true love sent to me:
Seven Swands a Swimming
Six Geese a Laying
Five Golden Rings
Four Calling Birds
Three French Hens
Two Turtle Doves
and A Partridge in a Pear Tree

Child 5:

On the eigth day of Christmas
my true love sent to me:
Eight Maids a Milking
Seven Swands a Swimming
Six Geese a Laying
Five Golden Rings
Four Calling Birds
Three French Hens
Two Turtle Doves
and A Partridge in a Pear Tree

Child 4:

On the ninth day of Christmas
my true love sent to me:
Nine Ladies Dancing
Eight Maids a Milking
Seven Swands a Swimming
Six Geese a Laying
Five Golden Rings
Four Calling Birds
Three French Hens
Two Turtle Doves
and A Partridge in a Pear Tree

Child 3:

On the tenth day of Christmas
my true love sent to me:
Ten Lords a Leaping
Nine Ladies Dancing
Eight Maids a Milking
Seven Swands a Swimming
Six Geese a Laying
Five Golden Rings
Four Calling Birds
Three French Hens
Two Turtle Doves
and A Partridge in a Pear Tree

Child 2:

On the eleventh day of Christmas
my true love sent to me:
Eleven Pipers Piping
Ten Lords a Leaping
Nine Ladies Dancing
Eight Maids a Milking
Seven Swands a Swimming
Six Geese a Laying
Five Golden Rings
Four Calling Birds
Three French Hens
Two Turtle Doves
and A Partridge in a Pear Tree

Child 1:

On the twelfth day of Christmas
my true love sent to me:
Twelve Drummers Drumming
Eleven Pipers Piping
Ten Lords a Leaping
Nine Ladies Dancing
Eight Maids a Milking
Seven Swands a Swimming
Six Geese a Laying
Five Golden Rings
Four Calling Birds
Three French Hens
Two Turtle Doves
and A Partridge in a Pear Tree
parent terminating 
--- Running again ---
 
parent signalling child 
parent waiting for child to terminate

Child 12:

On the first day of Christmas
my true love sent to me:
A Partridge in a Pear Tree

Child 11:

On the second day of Christmas
my true love sent to me:
Two Turtle Doves
and A Partridge in a Pear Tree

Child 10:

On the third day of Christmas
my true love sent to me:
Three French Hens
Two Turtle Doves
and A Partridge in a Pear Tree

Child 9:

On the fourth day of Christmas
my true love sent to me:
Four Calling Birds
Three French Hens
Two Turtle Doves
and A Partridge in a Pear Tree

Child 8:

On the fifth day of Christmas
my true love sent to me:
Five Golden Rings
Four Calling Birds
Three French Hens
Two Turtle Doves
and A Partridge in a Pear Tree

Child 7:

On the sixth day of Christmas
my true love sent to me:
Six Geese a Laying
Five Golden Rings
Four Calling Birds
Three French Hens
Two Turtle Doves
and A Partridge in a Pear Tree

Child 6:

On the seventh day of Christmas
my true love sent to me:
Seven Swands a Swimming
Six Geese a Laying
Five Golden Rings
Four Calling Birds
Three French Hens
Two Turtle Doves
and A Partridge in a Pear Tree

Child 5:

On the eigth day of Christmas
my true love sent to me:
Eight Maids a Milking
Seven Swands a Swimming
Six Geese a Laying
Five Golden Rings
Four Calling Birds
Three French Hens
Two Turtle Doves
and A Partridge in a Pear Tree

Child 4:

On the ninth day of Christmas
my true love sent to me:
Nine Ladies Dancing
Eight Maids a Milking
Seven Swands a Swimming
Six Geese a Laying
Five Golden Rings
Four Calling Birds
Three French Hens
Two Turtle Doves
and A Partridge in a Pear Tree

Child 3:

On the tenth day of Christmas
my true love sent to me:
Ten Lords a Leaping
Nine Ladies Dancing
Eight Maids a Milking
Seven Swands a Swimming
Six Geese a Laying
Five Golden Rings
Four Calling Birds
Three French Hens
Two Turtle Doves
and A Partridge in a Pear Tree

Child 2:

On the eleventh day of Christmas
my true love sent to me:
Eleven Pipers Piping
Ten Lords a Leaping
Nine Ladies Dancing
Eight Maids a Milking
Seven Swands a Swimming
Six Geese a Laying
Five Golden Rings
Four Calling Birds
Three French Hens
Two Turtle Doves
and A Partridge in a Pear Tree

Child 1:

On the twelfth day of Christmas
my true love sent to me:
Twelve Drummers Drumming
Eleven Pipers Piping
Ten Lords a Leaping
Nine Ladies Dancing
Eight Maids a Milking
Seven Swands a Swimming
Six Geese a Laying
Five Golden Rings
Four Calling Birds
Three French Hens
Two Turtle Doves
and A Partridge in a Pear Tree
parent terminating 
--- Running again ---
 
parent signalling child 
parent waiting for child to terminate

Child 12:

On the first day of Christmas
my true love sent to me:
A Partridge in a Pear Tree

Child 11:

On the second day of Christmas
my true love sent to me:
Two Turtle Doves
and A Partridge in a Pear Tree

Child 10:

On the third day of Christmas
my true love sent to me:
Three French Hens
Two Turtle Doves
and A Partridge in a Pear Tree

Child 9:

On the fourth day of Christmas
my true love sent to me:
Four Calling Birds
Three French Hens
Two Turtle Doves
and A Partridge in a Pear Tree

Child 8:

On the fifth day of Christmas
my true love sent to me:
Five Golden Rings
Four Calling Birds
Three French Hens
Two Turtle Doves
and A Partridge in a Pear Tree

Child 7:

On the sixth day of Christmas
my true love sent to me:
Six Geese a Laying
Five Golden Rings
Four Calling Birds
Three French Hens
Two Turtle Doves
and A Partridge in a Pear Tree

Child 6:

On the seventh day of Christmas
my true love sent to me:
Seven Swands a Swimming
Six Geese a Laying
Five Golden Rings
Four Calling Birds
Three French Hens
Two Turtle Doves
and A Partridge in a Pear Tree

Child 5:

On the eigth day of Christmas
my true love sent to me:
Eight Maids a Milking
Seven Swands a Swimming
Six Geese a Laying
Five Golden Rings
Four Calling Birds
Three French Hens
Two Turtle Doves
and A Partridge in a Pear Tree

Child 4:

On the ninth day of Christmas
my true love sent to me:
Nine Ladies Dancing
Eight Maids a Milking
Seven Swands a Swimming
Six Geese a Laying
Five Golden Rings
Four Calling Birds
Three French Hens
Two Turtle Doves
and A Partridge in a Pear Tree

Child 3:

On the tenth day of Christmas
my true love sent to me:
Ten Lords a Leaping
Nine Ladies Dancing
Eight Maids a Milking
Seven Swands a Swimming
Six Geese a Laying
Five Golden Rings
Four Calling Birds
Three French Hens
Two Turtle Doves
and A Partridge in a Pear Tree

Child 2:

On the eleventh day of Christmas
my true love sent to me:
Eleven Pipers Piping
Ten Lords a Leaping
Nine Ladies Dancing
Eight Maids a Milking
Seven Swands a Swimming
Six Geese a Laying
Five Golden Rings
Four Calling Birds
Three French Hens
Two Turtle Doves
and A Partridge in a Pear Tree

Child 1:

On the twelfth day of Christmas
my true love sent to me:
Twelve Drummers Drumming
Eleven Pipers Piping
Ten Lords a Leaping
Nine Ladies Dancing
Eight Maids a Milking
Seven Swands a Swimming
Six Geese a Laying
Five Golden Rings
Four Calling Birds
Three French Hens
Two Turtle Doves
and A Partridge in a Pear Tree
parent terminating 
--- Running again ---
 
parent signalling child 
parent waiting for child to terminate

Child 12:

On the first day of Christmas
my true love sent to me:
A Partridge in a Pear Tree

Child 11:

On the second day of Christmas
my true love sent to me:
Two Turtle Doves
and A Partridge in a Pear Tree

Child 10:

On the third day of Christmas
my true love sent to me:
Three French Hens
Two Turtle Doves
and A Partridge in a Pear Tree

Child 9:

On the fourth day of Christmas
my true love sent to me:
Four Calling Birds
Three French Hens
Two Turtle Doves
and A Partridge in a Pear Tree

Child 8:

On the fifth day of Christmas
my true love sent to me:
Five Golden Rings
Four Calling Birds
Three French Hens
Two Turtle Doves
and A Partridge in a Pear Tree

Child 7:

On the sixth day of Christmas
my true love sent to me:
Six Geese a Laying
Five Golden Rings
Four Calling Birds
Three French Hens
Two Turtle Doves
and A Partridge in a Pear Tree

Child 6:

On the seventh day of Christmas
my true love sent to me:
Seven Swands a Swimming
Six Geese a Laying
Five Golden Rings
Four Calling Birds
Three French Hens
Two Turtle Doves
and A Partridge in a Pear Tree

Child 5:

On the eigth day of Christmas
my true love sent to me:
Eight Maids a Milking
Seven Swands a Swimming
Six Geese a Laying
Five Golden Rings
Four Calling Birds
Three French Hens
Two Turtle Doves
and A Partridge in a Pear Tree

Child 4:

On the ninth day of Christmas
my true love sent to me:
Nine Ladies Dancing
Eight Maids a Milking
Seven Swands a Swimming
Six Geese a Laying
Five Golden Rings
Four Calling Birds
Three French Hens
Two Turtle Doves
and A Partridge in a Pear Tree

Child 3:

On the tenth day of Christmas
my true love sent to me:
Ten Lords a Leaping
Nine Ladies Dancing
Eight Maids a Milking
Seven Swands a Swimming
Six Geese a Laying
Five Golden Rings
Four Calling Birds
Three French Hens
Two Turtle Doves
and A Partridge in a Pear Tree

Child 2:

On the eleventh day of Christmas
my true love sent to me:
Eleven Pipers Piping
Ten Lords a Leaping
Nine Ladies Dancing
Eight Maids a Milking
Seven Swands a Swimming
Six Geese a Laying
Five Golden Rings
Four Calling Birds
Three French Hens
Two Turtle Doves
and A Partridge in a Pear Tree

Child 1:

On the twelfth day of Christmas
my true love sent to me:
Twelve Drummers Drumming
Eleven Pipers Piping
Ten Lords a Leaping
Nine Ladies Dancing
Eight Maids a Milking
Seven Swands a Swimming
Six Geese a Laying
Five Golden Rings
Four Calling Birds
Three French Hens
Two Turtle Doves
and A Partridge in a Pear Tree
parent terminating 
--- Running again ---
 
parent signalling child 
parent waiting for child to terminate

Child 12:

On the first day of Christmas
my true love sent to me:
A Partridge in a Pear Tree

Child 11:

On the second day of Christmas
my true love sent to me:
Two Turtle Doves
and A Partridge in a Pear Tree

Child 10:

On the third day of Christmas
my true love sent to me:
Three French Hens
Two Turtle Doves
and A Partridge in a Pear Tree

Child 9:

On the fourth day of Christmas
my true love sent to me:
Four Calling Birds
Three French Hens
Two Turtle Doves
and A Partridge in a Pear Tree

Child 8:

On the fifth day of Christmas
my true love sent to me:
Five Golden Rings
Four Calling Birds
Three French Hens
Two Turtle Doves
and A Partridge in a Pear Tree

Child 7:

On the sixth day of Christmas
my true love sent to me:
Six Geese a Laying
Five Golden Rings
Four Calling Birds
Three French Hens
Two Turtle Doves
and A Partridge in a Pear Tree

Child 6:

On the seventh day of Christmas
my true love sent to me:
Seven Swands a Swimming
Six Geese a Laying
Five Golden Rings
Four Calling Birds
Three French Hens
Two Turtle Doves
and A Partridge in a Pear Tree

Child 5:

On the eigth day of Christmas
my true love sent to me:
Eight Maids a Milking
Seven Swands a Swimming
Six Geese a Laying
Five Golden Rings
Four Calling Birds
Three French Hens
Two Turtle Doves
and A Partridge in a Pear Tree

Child 4:

On the ninth day of Christmas
my true love sent to me:
Nine Ladies Dancing
Eight Maids a Milking
Seven Swands a Swimming
Six Geese a Laying
Five Golden Rings
Four Calling Birds
Three French Hens
Two Turtle Doves
and A Partridge in a Pear Tree

Child 3:

On the tenth day of Christmas
my true love sent to me:
Ten Lords a Leaping
Nine Ladies Dancing
Eight Maids a Milking
Seven Swands a Swimming
Six Geese a Laying
Five Golden Rings
Four Calling Birds
Three French Hens
Two Turtle Doves
and A Partridge in a Pear Tree

Child 2:

On the eleventh day of Christmas
my true love sent to me:
Eleven Pipers Piping
Ten Lords a Leaping
Nine Ladies Dancing
Eight Maids a Milking
Seven Swands a Swimming
Six Geese a Laying
Five Golden Rings
Four Calling Birds
Three French Hens
Two Turtle Doves
and A Partridge in a Pear Tree

Child 1:

On the twelfth day of Christmas
my true love sent to me:
Twelve Drummers Drumming
Eleven Pipers Piping
Ten Lords a Leaping
Nine Ladies Dancing
Eight Maids a Milking
Seven Swands a Swimming
Six Geese a Laying
Five Golden Rings
Four Calling Birds
Three French Hens
Two Turtle Doves
and A Partridge in a Pear Tree
parent terminating 
--- Running again ---
 
parent signalling child 
parent waiting for child to terminate

Child 12:

On the first day of Christmas
my true love sent to me:
A Partridge in a Pear Tree

Child 11:

On the second day of Christmas
my true love sent to me:
Two Turtle Doves
and A Partridge in a Pear Tree

Child 10:

On the third day of Christmas
my true love sent to me:
Three French Hens
Two Turtle Doves
and A Partridge in a Pear Tree

Child 9:

On the fourth day of Christmas
my true love sent to me:
Four Calling Birds
Three French Hens
Two Turtle Doves
and A Partridge in a Pear Tree

Child 8:

On the fifth day of Christmas
my true love sent to me:
Five Golden Rings
Four Calling Birds
Three French Hens
Two Turtle Doves
and A Partridge in a Pear Tree

Child 7:

On the sixth day of Christmas
my true love sent to me:
Six Geese a Laying
Five Golden Rings
Four Calling Birds
Three French Hens
Two Turtle Doves
and A Partridge in a Pear Tree

Child 6:

On the seventh day of Christmas
my true love sent to me:
Seven Swands a Swimming
Six Geese a Laying
Five Golden Rings
Four Calling Birds
Three French Hens
Two Turtle Doves
and A Partridge in a Pear Tree

Child 5:

On the eigth day of Christmas
my true love sent to me:
Eight Maids a Milking
Seven Swands a Swimming
Six Geese a Laying
Five Golden Rings
Four Calling Birds
Three French Hens
Two Turtle Doves
and A Partridge in a Pear Tree

Child 4:

On the ninth day of Christmas
my true love sent to me:
Nine Ladies Dancing
Eight Maids a Milking
Seven Swands a Swimming
Six Geese a Laying
Five Golden Rings
Four Calling Birds
Three French Hens
Two Turtle Doves
and A Partridge in a Pear Tree

Child 3:

On the tenth day of Christmas
my true love sent to me:
Ten Lords a Leaping
Nine Ladies Dancing
Eight Maids a Milking
Seven Swands a Swimming
Six Geese a Laying
Five Golden Rings
Four Calling Birds
Three French Hens
Two Turtle Doves
and A Partridge in a Pear Tree

Child 2:

On the eleventh day of Christmas
my true love sent to me:
Eleven Pipers Piping
Ten Lords a Leaping
Nine Ladies Dancing
Eight Maids a Milking
Seven Swands a Swimming
Six Geese a Laying
Five Golden Rings
Four Calling Birds
Three French Hens
Two Turtle Doves
and A Partridge in a Pear Tree

Child 1:

On the twelfth day of Christmas
my true love sent to me:
Twelve Drummers Drumming
Eleven Pipers Piping
Ten Lords a Leaping
Nine Ladies Dancing
Eight Maids a Milking
Seven Swands a Swimming
Six Geese a Laying
Five Golden Rings
Four Calling Birds
Three French Hens
Two Turtle Doves
and A Partridge in a Pear Tree
parent terminating 
