Username:  abada
Date:      Tue Mar 27 10:41:11 EDT 2018
 
**********************
* Compiling ./fib1.c *
**********************
**************************
* Compilation succeeded! *
**************************
********************
* Running ./fib1 5 *
********************
0
1
1
2
3
5
***************************
* Run is finished.        *
* Check your output!      *
***************************
Press enter to continue. 
**********************
* Compiling ./fib1.c *
**********************
**************************
* Compilation succeeded! *
**************************
*********************
* Running ./fib1 30 *
*********************
0
1
1
2
3
5
8
13
21
34
55
89
144
233
377
610
987
1597
2584
4181
6765
10946
17711
28657
46368
75025
121393
196418
317811
514229
832040
***************************
* Run is finished.        *
* Check your output!      *
***************************
Press enter to continue. 
**********************
* Compiling ./fib1.c *
**********************
**************************
* Compilation succeeded! *
**************************
******************
* Running ./fib1 *
******************
./fib1: (null): Must have a command-line areguement.
***************************
* Run is finished.        *
* Check your output!      *
***************************
Press enter to continue. 
