Username:  abada
Date:      Tue Feb 27 09:51:20 EST 2018
 
***********************
* Compiling ./mouse.c *
***********************
**************************
* Compilation succeeded! *
**************************
*******************
* Running ./mouse *
*******************
    (\,/)
    oo   '''//,
  ,/_;~,        \,    / '
  "'   \    (    \    !
        ',|  \    | _.'
        '~  '~----''
***************************
* Run is finished.        *
* Check your output!      *
***************************
Press enter to continue. 
