Username:  abada
Date:      Tue Mar 27 10:44:10 EDT 2018
 
************************
* Compiling ./pascal.c *
************************
**************************
* Compilation succeeded! *
**************************
**********************
* Running ./pascal 5 *
**********************
                           1
                       1       1
                   1       2       1
               1       3       3       1
           1       4       6       4       1
***************************
* Run is finished.        *
* Check your output!      *
***************************
Press enter to continue. 
************************
* Compiling ./pascal.c *
************************
**************************
* Compilation succeeded! *
**************************
***********************
* Running ./pascal 10 *
***********************
                                               1
                                           1       1
                                       1       2       1
                                   1       3       3       1
                               1       4       6       4       1
                           1       5      10      10       5       1
                       1       6      15      20      15       6       1
                   1       7      21      35      35      21       7       1
               1       8      28      56      70      56      28       8       1
           1       9      36      84     126     126      84      36       9       1
***************************
* Run is finished.        *
* Check your output!      *
***************************
Press enter to continue. 
