Username:  abada
Date:      Tue Mar 13 11:59:01 EDT 2018
 
*************************
* Compiling ./toupper.c *
*************************
**************************
* Compilation succeeded! *
**************************
***********************************************************
* Running ./toupper < /home/mathcs/courses/cs246/passages *
***********************************************************
Enter characters:       I CANNOT DENY IT: WHEN I SAW FOR THE FIRST TIME THAT PEOPLE IN
MY COUNTRY BEGAN TO KNOW THE MEANING OF THE RADICAL SIGN IN
MATHEMATICS, CLEAR TEARS OF JOY CAME TO MY EYES.

				GEORGE CHRISTOPH LICHTENBERG
 
     IF A MAN WHO CANNOT COUNT FINDS A FOUR LEAF CLOVER, IS HE
ENTITLED TO HAPPINESS?

				STANISLAW JERZY LEC
 
     TWO PARALLEL LINES MEET SOMEWHERE IN INFINITY ... AND THEY
BELIEVE IT.

				IBID.
 
     MANY A ZERO THINKS THAT IT IS THE ELLIPSE ON WHICH THE WORLD
TRAVELS.

				IBID.
 
     IT IS EASY TO FORM A CHAIN FROM A STRING OF ZEROS.

				IBID.
 
     THIS PRINCIPLE IS SO PERFECTLY GENERAL THAT NO PARTICULAR
APPLICATION OF IT IS POSSIBLE.

				G. POLYA
 
     GEOMETRY IS THE ART OF CORRECT REASONING ON INCORRECT FIGURES.

				IBID.
 
     WHAT IS THE DIFFERENCE BETWEEN METHOD AND DEVICE?  A METHOD IS A
DEVICE WHICH YOU CAN USE TWICE.

				IBID.
 
     THE DIFFERENT BRANCHES OF ARITHMETIC ... AMBITION, DISTRACTION,
UGLIFICATION, AND DERISION.

				LEWIS CARROLL
 
 
     ALL ANIMALS ARE EQUAL, BUT SOME ARE MORE EQUAL THAN OTHERS.

				GEORGE ORWELL, ANIMAL FARM
 
     THE MATHEMATICIANS ARE A SORT OF FRENCHMAN: WHEN YOU TALK TO
THEM, THEY IMMEDIATELY TRANSLATE IT INTO THEIR OWN LANGUAGE, AND RIGHT
AWAY IT IS SOMETHING ENTIRELY DIFFERENT.

				GOETHE
 
     I HAD A FEELING ONCE ABOUT MATHEMATICS ... THAT I SAW IT ALL.
DEPTH BEYOND DEPTH WAS REVEALED TO ME ... THE BYSS AND THE ABYSS. I
SAW ... AS ONE MIGHT SEE THE TRANSIT OF VENUS OR EVEN THE LORD MAYORS
SHOW ... A QUANTITY PASSING THROUGH INFINITY AND CHANGING ITS SIGN
FROM PLUS TO MINUS.  I SAW EXACTLY WHY IT HAPPENED AND WHY THE
TERGIVERSATION WAS INEVITABLE ... BUT IT WAS AFTER DINNER AND I LET IT
GO.

				WINSTON CHURCHILL
 
     MATHEMATICS CONTAINS MUCH THAT WILL NEITHER HURT ONE IF ONE DOES
NOT KNOW IT NOR HELP ONE IF ONE DOES KNOW IT.

				J. B. MENCKEN
 
     TO THE EYE OF GOD THERE ARE NO NUMBERS: SEEING ALL THINGS AT ONE
TIME, HE COUNTS NOTHING.

				ETIENNE BONNOT DE CONDILLAC
 
     WHEN THE ANGLES (WITH THE SAXONS) INVADED ENGLAND, THEY DESCENDED
ON WHAT WAS LATER THE LAND DEBATABLE, THAT IS, THE NORTH OF ENGLAND
AND THE SOUTH OF SCOTLAND.  THE ACUTE ANGLES WENT NORTH AND THE OBTUSE
ONES SOUTH.

				ANON.  (PRESUMABLY A SCOT)
***************************
* Run is finished.        *
* Check your output!      *
***************************
Press enter to continue. 
