Username:  abada
Date:      Tue Mar 13 12:10:26 EDT 2018
 
**************************
* Compiling ./triangle.c *
**************************
**************************
* Compilation succeeded! *
**************************
**************************
* Running ./triangle 1 5 *
**************************
*
**
***
****
*****
***************************
* Run is finished.        *
* Check your output!      *
***************************
Press enter to continue. 
**************************
* Compiling ./triangle.c *
**************************
**************************
* Compilation succeeded! *
**************************
**************************
* Running ./triangle 2 4 *
**************************
   *
  **
 ***
****
***************************
* Run is finished.        *
* Check your output!      *
***************************
Press enter to continue. 
**************************
* Compiling ./triangle.c *
**************************
**************************
* Compilation succeeded! *
**************************
**************************
* Running ./triangle 3 6 *
**************************
******
*****
****
***
**
*
***************************
* Run is finished.        *
* Check your output!      *
***************************
Press enter to continue. 
**************************
* Compiling ./triangle.c *
**************************
**************************
* Compilation succeeded! *
**************************
**************************
* Running ./triangle 4 3 *
**************************
***
 **
  *
***************************
* Run is finished.        *
* Check your output!      *
***************************
Press enter to continue. 
**************************
* Compiling ./triangle.c *
**************************
**************************
* Compilation succeeded! *
**************************
**************************
* Running ./triangle 1 1 *
**************************
*
***************************
* Run is finished.        *
* Check your output!      *
***************************
Press enter to continue. 
**************************
* Compiling ./triangle.c *
**************************
**************************
* Compilation succeeded! *
**************************
**************************
* Running ./triangle 2 0 *
**************************
***************************
* Run is finished.        *
* Check your output!      *
***************************
Press enter to continue. 
**************************
* Compiling ./triangle.c *
**************************
**************************
* Compilation succeeded! *
**************************
***************************
* Running ./triangle 3 12 *
***************************
************
***********
**********
*********
********
*******
******
*****
****
***
**
*
***************************
* Run is finished.        *
* Check your output!      *
***************************
Press enter to continue. 
**************************
* Compiling ./triangle.c *
**************************
**************************
* Compilation succeeded! *
**************************
**************************
* Running ./triangle 4 7 *
**************************
*******
 ******
  *****
   ****
    ***
     **
      *
***************************
* Run is finished.        *
* Check your output!      *
***************************
Press enter to continue. 
**************************
* Compiling ./triangle.c *
**************************
**************************
* Compilation succeeded! *
**************************
************************
* Running ./triangle 4 *
************************
Must have 2 command-line arguements
***************************
* Run is finished.        *
* Check your output!      *
***************************
Press enter to continue. 
