Username:  abada
Date:      Tue Feb 20 14:55:55 EST 2018
 
*** compiling Calculate ***
javac *.java
--- Running add ---

Welcome to the 4-function calculator!

Please enter:
	+, to perform addition;
	-, to perform subtraction;
	*, to perform multiplication;
	/, to perform division;
	^, to perform power;
--> 

Enter operand 1: 
Enter operand 2: 

5.0+6.0 = 11.0

--- Running subtract ---

Welcome to the 4-function calculator!

Please enter:
	+, to perform addition;
	-, to perform subtraction;
	*, to perform multiplication;
	/, to perform division;
	^, to perform power;
--> 

Enter operand 1: 
Enter operand 2: 

7.77-6.66 = 1.1099999999999994

--- Running multiply ---

Welcome to the 4-function calculator!

Please enter:
	+, to perform addition;
	-, to perform subtraction;
	*, to perform multiplication;
	/, to perform division;
	^, to perform power;
--> 

Enter operand 1: 
Enter operand 2: 

77.8*6.0 = 466.79999999999995

--- Running divide ---

Welcome to the 4-function calculator!

Please enter:
	+, to perform addition;
	-, to perform subtraction;
	*, to perform multiplication;
	/, to perform division;
	^, to perform power;
--> 

Enter operand 1: 
Enter operand 2: 

100.0/10.0 = 10.0

rm -f *.class *~ *#
