-------------------------
Results for adam
Sat Nov 30 19:40:41 2019

1. Answer b was incorrect.
Correct answer is e
2. Answer a is correct.
3. Answer c is correct.
4. Answer a was incorrect.
Correct answer is d
5. Answer a was incorrect.
Correct answer is e
6. Answer a was incorrect.
Correct answer is c
7. Answer c was incorrect.
Correct answer is e
8. Answer e was incorrect.
Correct answer is d
9. Answer d is correct.
10. Answer a was incorrect.
Correct answer is e
Score: 3/10
-------------------------

-------------------------
Results for alex
Tue Dec  3 17:27:09 2019

1. Answer e is correct.
2. Answer b was incorrect.
Correct answer is a
3. Answer e was incorrect.
Correct answer is c
4. Answer d is correct.
5. Answer c was incorrect.
Correct answer is e
6. Answer b was incorrect.
Correct answer is c
7. Answer e is correct.
8. Answer d is correct.
9. Answer b was incorrect.
Correct answer is d
10. Answer e is correct.
Score: 5/10
-------------------------

-------------------------
Results for jkoch
Thu Dec  5 08:14:47 2019

1. Answer e is correct.
2. Answer a is correct.
3. Answer c is correct.
4. Answer d is correct.
5. Answer e is correct.
6. Answer c is correct.
7. Answer d was incorrect.
Correct answer is e
8. Answer e was incorrect.
Correct answer is d
9. Answer c was incorrect.
Correct answer is d
10. Answer d was incorrect.
Correct answer is e
Score: 6/10
-------------------------

-------------------------
Results for 
Tue Mar 10 05:57:11 2020

1. Answer  was incorrect.
Correct answer is e
2. Answer  was incorrect.
Correct answer is a
3. Answer  was incorrect.
Correct answer is c
4. Answer  was incorrect.
Correct answer is d
5. Answer  was incorrect.
Correct answer is e
6. Answer  was incorrect.
Correct answer is c
7. Answer  was incorrect.
Correct answer is e
8. Answer  was incorrect.
Correct answer is d
9. Answer  was incorrect.
Correct answer is d
10. Answer  was incorrect.
Correct answer is e
Score: 0/10
-------------------------

-------------------------
Results for adam.abad
Sat Apr 25 20:14:14 2020

1. Answer  was incorrect.
Correct answer is e
2. Answer  was incorrect.
Correct answer is a
3. Answer  was incorrect.
Correct answer is c
4. Answer  was incorrect.
Correct answer is d
5. Answer  was incorrect.
Correct answer is e
6. Answer  was incorrect.
Correct answer is c
7. Answer a was incorrect.
Correct answer is e
8. Answer  was incorrect.
Correct answer is d
9. Answer  was incorrect.
Correct answer is d
10. Answer  was incorrect.
Correct answer is e
Score: 0/10
-------------------------

-------------------------
Results for 
Mon May 18 06:39:41 2020

1. Answer  was incorrect.
Correct answer is e
2. Answer  was incorrect.
Correct answer is a
3. Answer  was incorrect.
Correct answer is c
4. Answer  was incorrect.
Correct answer is d
5. Answer  was incorrect.
Correct answer is e
6. Answer  was incorrect.
Correct answer is c
7. Answer  was incorrect.
Correct answer is e
8. Answer  was incorrect.
Correct answer is d
9. Answer  was incorrect.
Correct answer is d
10. Answer  was incorrect.
Correct answer is e
Score: 0/10
-------------------------

-------------------------
Results for 
Fri Jul 17 10:57:53 2020

1. Answer  was incorrect.
Correct answer is e
2. Answer  was incorrect.
Correct answer is a
3. Answer  was incorrect.
Correct answer is c
4. Answer  was incorrect.
Correct answer is d
5. Answer  was incorrect.
Correct answer is e
6. Answer  was incorrect.
Correct answer is c
7. Answer  was incorrect.
Correct answer is e
8. Answer  was incorrect.
Correct answer is d
9. Answer  was incorrect.
Correct answer is d
10. Answer  was incorrect.
Correct answer is e
Score: 0/10
-------------------------

-------------------------
Results for 
Mon Jul 20 19:17:10 2020

1. Answer  was incorrect.
Correct answer is e
2. Answer  was incorrect.
Correct answer is a
3. Answer  was incorrect.
Correct answer is c
4. Answer  was incorrect.
Correct answer is d
5. Answer  was incorrect.
Correct answer is e
6. Answer  was incorrect.
Correct answer is c
7. Answer  was incorrect.
Correct answer is e
8. Answer  was incorrect.
Correct answer is d
9. Answer  was incorrect.
Correct answer is d
10. Answer  was incorrect.
Correct answer is e
Score: 0/10
-------------------------

-------------------------
Results for 
Sun Aug  9 11:40:14 2020

1. Answer  was incorrect.
Correct answer is e
2. Answer  was incorrect.
Correct answer is a
3. Answer  was incorrect.
Correct answer is c
4. Answer  was incorrect.
Correct answer is d
5. Answer  was incorrect.
Correct answer is e
6. Answer  was incorrect.
Correct answer is c
7. Answer  was incorrect.
Correct answer is e
8. Answer  was incorrect.
Correct answer is d
9. Answer  was incorrect.
Correct answer is d
10. Answer  was incorrect.
Correct answer is e
Score: 0/10
-------------------------

-------------------------
Results for 
Wed Aug 12 15:09:37 2020

1. Answer  was incorrect.
Correct answer is e
2. Answer  was incorrect.
Correct answer is a
3. Answer  was incorrect.
Correct answer is c
4. Answer  was incorrect.
Correct answer is d
5. Answer  was incorrect.
Correct answer is e
6. Answer  was incorrect.
Correct answer is c
7. Answer  was incorrect.
Correct answer is e
8. Answer  was incorrect.
Correct answer is d
9. Answer  was incorrect.
Correct answer is d
10. Answer  was incorrect.
Correct answer is e
Score: 0/10
-------------------------

-------------------------
Results for 
Sat Aug 29 23:04:47 2020

1. Answer  was incorrect.
Correct answer is e
2. Answer  was incorrect.
Correct answer is a
3. Answer  was incorrect.
Correct answer is c
4. Answer  was incorrect.
Correct answer is d
5. Answer  was incorrect.
Correct answer is e
6. Answer  was incorrect.
Correct answer is c
7. Answer  was incorrect.
Correct answer is e
8. Answer  was incorrect.
Correct answer is d
9. Answer  was incorrect.
Correct answer is d
10. Answer  was incorrect.
Correct answer is e
Score: 0/10
-------------------------

-------------------------
Results for 
Tue Sep  1 22:56:00 2020

1. Answer  was incorrect.
Correct answer is e
2. Answer  was incorrect.
Correct answer is a
3. Answer  was incorrect.
Correct answer is c
4. Answer  was incorrect.
Correct answer is d
5. Answer  was incorrect.
Correct answer is e
6. Answer  was incorrect.
Correct answer is c
7. Answer  was incorrect.
Correct answer is e
8. Answer  was incorrect.
Correct answer is d
9. Answer  was incorrect.
Correct answer is d
10. Answer  was incorrect.
Correct answer is e
Score: 0/10
-------------------------

-------------------------
Results for 
Fri Sep 18 01:33:21 2020

1. Answer  was incorrect.
Correct answer is e
2. Answer  was incorrect.
Correct answer is a
3. Answer  was incorrect.
Correct answer is c
4. Answer  was incorrect.
Correct answer is d
5. Answer  was incorrect.
Correct answer is e
6. Answer  was incorrect.
Correct answer is c
7. Answer  was incorrect.
Correct answer is e
8. Answer  was incorrect.
Correct answer is d
9. Answer  was incorrect.
Correct answer is d
10. Answer  was incorrect.
Correct answer is e
Score: 0/10
-------------------------

-------------------------
Results for 
Mon Sep 21 04:35:00 2020

1. Answer  was incorrect.
Correct answer is e
2. Answer  was incorrect.
Correct answer is a
3. Answer  was incorrect.
Correct answer is c
4. Answer  was incorrect.
Correct answer is d
5. Answer  was incorrect.
Correct answer is e
6. Answer  was incorrect.
Correct answer is c
7. Answer  was incorrect.
Correct answer is e
8. Answer  was incorrect.
Correct answer is d
9. Answer  was incorrect.
Correct answer is d
10. Answer  was incorrect.
Correct answer is e
Score: 0/10
-------------------------

-------------------------
Results for 
Tue Oct  6 01:36:12 2020

1. Answer  was incorrect.
Correct answer is e
2. Answer  was incorrect.
Correct answer is a
3. Answer  was incorrect.
Correct answer is c
4. Answer  was incorrect.
Correct answer is d
5. Answer  was incorrect.
Correct answer is e
6. Answer  was incorrect.
Correct answer is c
7. Answer  was incorrect.
Correct answer is e
8. Answer  was incorrect.
Correct answer is d
9. Answer  was incorrect.
Correct answer is d
10. Answer  was incorrect.
Correct answer is e
Score: 0/10
-------------------------

-------------------------
Results for 
Wed Nov  4 01:16:27 2020

1. Answer  was incorrect.
Correct answer is e
2. Answer  was incorrect.
Correct answer is a
3. Answer  was incorrect.
Correct answer is c
4. Answer  was incorrect.
Correct answer is d
5. Answer  was incorrect.
Correct answer is e
6. Answer  was incorrect.
Correct answer is c
7. Answer  was incorrect.
Correct answer is e
8. Answer  was incorrect.
Correct answer is d
9. Answer  was incorrect.
Correct answer is d
10. Answer  was incorrect.
Correct answer is e
Score: 0/10
-------------------------

-------------------------
Results for 
Thu Nov 19 02:05:13 2020

1. Answer  was incorrect.
Correct answer is e
2. Answer  was incorrect.
Correct answer is a
3. Answer  was incorrect.
Correct answer is c
4. Answer  was incorrect.
Correct answer is d
5. Answer  was incorrect.
Correct answer is e
6. Answer  was incorrect.
Correct answer is c
7. Answer  was incorrect.
Correct answer is e
8. Answer  was incorrect.
Correct answer is d
9. Answer  was incorrect.
Correct answer is d
10. Answer  was incorrect.
Correct answer is e
Score: 0/10
-------------------------

-------------------------
Results for 
Sat Nov 21 08:52:47 2020

1. Answer  was incorrect.
Correct answer is e
2. Answer  was incorrect.
Correct answer is a
3. Answer  was incorrect.
Correct answer is c
4. Answer  was incorrect.
Correct answer is d
5. Answer  was incorrect.
Correct answer is e
6. Answer  was incorrect.
Correct answer is c
7. Answer  was incorrect.
Correct answer is e
8. Answer  was incorrect.
Correct answer is d
9. Answer  was incorrect.
Correct answer is d
10. Answer  was incorrect.
Correct answer is e
Score: 0/10
-------------------------

