Username:  abada
Date:      Thu Jan 25 10:21:54 EST 2018
 
compiling
--- Running 1.0 ---

Program to calculate the surface area
and volume of a sphere.
Written by Adam Abad.
You will be asked to enter the radius of the sphere.

Enter Radius: 

A sphere with a radius of 1.0 has:

Surface Area: 12.566370614359172
      Volume: 4.1887902047863905

--- Running 200.5 ---

Program to calculate the surface area
and volume of a sphere.
Written by Adam Abad.
You will be asked to enter the radius of the sphere.

Enter Radius: 

A sphere with a radius of 200.5 has:

Surface Area: 505171.2402898923
      Volume: 3.37622778927078E7

