Username:  abada
Date:      Tue Sep 4 09:56:38 EDT 2018
 
Note: ArrayStack.java uses unchecked or unsafe operations.
Note: Recompile with -Xlint:unchecked for details.
**************************
 Compilation succeeded!   
**************************
JUnit version 4.12
..0
1
2
3
4
5
6
7
8
9
..0
1
2
3
4
5
6
7
8
9
.0
1
2
3
4
5
6
7
8
9
.1
.0
1
2
3
4
5
6
7
8
9

Time: 0.01

OK (7 tests)

Loading source file ArrayStack.java...
Loading source file Stack.java...
Constructing Javadoc information...
Standard Doclet version 10.0.2
Building tree for all the packages and classes...
Generating javadoc/ArrayStack.html...
Generating javadoc/Stack.html...
Generating javadoc/package-frame.html...
Generating javadoc/package-summary.html...
Generating javadoc/package-tree.html...
Generating javadoc/constant-values.html...
Building index for all the packages and classes...
Generating javadoc/overview-tree.html...
Generating javadoc/index-all.html...
Generating javadoc/deprecated-list.html...
Building index for all classes...
Generating javadoc/allclasses-frame.html...
Generating javadoc/allclasses-frame.html...
Generating javadoc/allclasses-noframe.html...
Generating javadoc/allclasses-noframe.html...
Generating javadoc/index.html...
Generating javadoc/help-doc.html...
javadoc/
javadoc/constant-values.html
javadoc/overview-tree.html
javadoc/member-search-index.js
javadoc/resources/
javadoc/resources/glass.png
javadoc/resources/x.png
javadoc/jquery/
javadoc/jquery/jquery-ui.min.js
javadoc/jquery/jquery-ui.structure.min.css
javadoc/jquery/jszip-utils/
javadoc/jquery/jszip-utils/dist/
javadoc/jquery/jszip-utils/dist/jszip-utils.js
javadoc/jquery/jszip-utils/dist/jszip-utils.min.js
javadoc/jquery/jszip-utils/dist/jszip-utils-ie.js
javadoc/jquery/jszip-utils/dist/jszip-utils-ie.min.js
javadoc/jquery/jquery-ui.js
javadoc/jquery/jquery-ui.structure.css
javadoc/jquery/images/
javadoc/jquery/images/ui-bg_glass_65_ffffff_1x400.png
javadoc/jquery/images/ui-bg_flat_75_ffffff_40x100.png
javadoc/jquery/images/ui-icons_888888_256x240.png
javadoc/jquery/images/ui-icons_2e83ff_256x240.png
javadoc/jquery/images/ui-icons_454545_256x240.png
javadoc/jquery/images/ui-bg_glass_75_dadada_1x400.png
javadoc/jquery/images/ui-icons_222222_256x240.png
javadoc/jquery/images/ui-bg_glass_75_e6e6e6_1x400.png
javadoc/jquery/images/ui-bg_glass_95_fef1ec_1x400.png
javadoc/jquery/images/ui-icons_cd0a0a_256x240.png
javadoc/jquery/images/ui-bg_glass_55_fbf9ee_1x400.png
javadoc/jquery/images/ui-bg_highlight-soft_75_cccccc_1x100.png
javadoc/jquery/images/ui-bg_flat_0_aaaaaa_40x100.png
javadoc/jquery/jquery-1.10.2.js
javadoc/jquery/jquery-ui.min.css
javadoc/jquery/external/
javadoc/jquery/external/jquery/
javadoc/jquery/external/jquery/jquery.js
javadoc/jquery/jquery-ui.css
javadoc/jquery/jszip/
javadoc/jquery/jszip/dist/
javadoc/jquery/jszip/dist/jszip.js
javadoc/jquery/jszip/dist/jszip.min.js
javadoc/Stack.html
javadoc/type-search-index.zip
javadoc/package-frame.html
javadoc/index-all.html
javadoc/script.js
javadoc/element-list
javadoc/allclasses-noframe.html
javadoc/search.js
javadoc/stylesheet.css
javadoc/ArrayStack.html
javadoc/member-search-index.zip
javadoc/help-doc.html
javadoc/deprecated-list.html
javadoc/package-tree.html
javadoc/allclasses-frame.html
javadoc/type-search-index.js
javadoc/package-summary.html
javadoc/index.html
