Username:  abada
Date:      Wed Oct 30 16:18:15 EDT 2019
 
*** compiling ***
--- running ---
 
I am a producer and my thread number is 0.
Thread: 0 Produced: 1
Thread: 0 Produced: 2
Thread: 0 Produced: 3
Thread: 0 Produced: 4
Thread: 0 Produced: 5
Thread: 0 Produced: 6
Thread: 0 Produced: 7
Thread: 0 Produced: 8
Thread: 0 Produced: 9
Thread: 0 Produced: 10
I am a consumer and my thread number is 2.
Thread: 2 Consumed: 1
I am a producer and my thread number is 1.
I am a consumer and my thread number is 3.
Thread: 2 Consumed: 2
Thread: 2 Consumed: 3
Thread: 2 Consumed: 4
Thread: 2 Consumed: 5
Thread: 2 Consumed: 6
Thread: 2 Consumed: 7
Thread: 1 Produced: 11
Thread: 3 Consumed: 8
Thread: 0 Produced: 12
Thread: 3 Consumed: 9
Thread: 2 Consumed: 10
Thread: 0 Produced: 13
Thread: 2 Consumed: 11
Thread: 0 Produced: 14
Thread: 3 Consumed: 12
Thread: 3 Consumed: 13
Thread: 2 Consumed: 14
Thread: 1 Produced: 15
Thread: 0 Produced: 16
Thread: 1 Produced: 17
Thread: 1 Produced: 18
Thread: 1 Produced: 19
Thread: 1 Produced: 20
Thread: 1 Produced: 21
Thread: 1 Produced: 22
Thread: 3 Consumed: 15
Thread: 3 Consumed: 16
Thread: 3 Consumed: 17
Thread: 3 Consumed: 18
Thread: 3 Consumed: 19
Thread: 3 Consumed: 20
Thread: 3 Consumed: 21
Thread: 2 Consumed: 22
Thread: 1 Produced: 23
Thread: 2 Consumed: 23
Thread: 1 Produced: 24
Thread: 0 Produced: 25
Thread: 3 Consumed: 24
Thread: 2 Consumed: 25
Thread: 0 Produced: 26
Thread: 0 Produced: 27
Thread: 0 Produced: 28
Thread: 0 Produced: 29
Thread: 1 Produced: 30
Thread: 1 Produced: 31
Thread: 3 Consumed: 26
Thread: 3 Consumed: 27
Thread: 3 Consumed: 28
Thread: 3 Consumed: 29
Thread: 0 Produced: 32
Thread: 3 Consumed: 30
Thread: 1 Produced: 33
Thread: 2 Consumed: 31
Thread: 0 Produced: 34
Thread: 2 Consumed: 32
Thread: 0 Produced: 35
Thread: 1 Produced: 36
Thread: 3 Consumed: 33
Thread: 2 Consumed: 34
Thread: 1 Produced: 37
Thread: 2 Consumed: 35
Thread: 1 Produced: 38
Thread: 3 Consumed: 36
Thread: 1 Produced: 39
Thread: 1 Produced: 40
Thread: 1 Produced: 41
Thread: 1 Produced: 42
Thread: 1 Produced: 43
Thread: 3 Consumed: 37
Thread: 2 Consumed: 38
Thread: 1 Produced: 44
Thread: 2 Consumed: 39
Thread: 1 Produced: 45
Thread: 0 Produced: 46
Thread: 2 Consumed: 40
Thread: 0 Produced: 47
Thread: 0 Produced: 48
Thread: 0 Produced: 49
Thread: 2 Consumed: 41
Thread: 1 Produced: 50
Thread: 2 Consumed: 42
Thread: 2 Consumed: 43
Thread: 0 Produced: 51
Thread: 3 Consumed: 44
Thread: 1 Produced: 52
Thread: 3 Consumed: 45
Thread: 2 Consumed: 46
Thread: 1 Produced: 53
Thread: 2 Consumed: 47
Thread: 3 Consumed: 48
Thread: 1 Produced: 54
Thread: 1 Produced: 55
Thread: 1 Produced: 56
Thread: 1 Produced: 57
Thread: 2 Consumed: 49
Thread: 3 Consumed: 50
Thread: 0 Produced: 58
Thread: 3 Consumed: 51
Thread: 3 Consumed: 52
Thread: 2 Consumed: 53
Thread: 1 Produced: 59
Thread: 2 Consumed: 54
Thread: 1 Produced: 60
Thread: 1 Produced: 61
Thread: 1 Produced: 62
Thread: 1 Produced: 63
Thread: 1 Produced: 64
Thread: 3 Consumed: 55
Thread: 3 Consumed: 56
Thread: 2 Consumed: 57
Thread: 0 Produced: 65
Thread: 2 Consumed: 58
Thread: 1 Produced: 66
Thread: 3 Consumed: 59
Thread: 0 Produced: 67
Thread: 3 Consumed: 60
Thread: 1 Produced: 68
Thread: 0 Produced: 69
Thread: 2 Consumed: 61
Thread: 2 Consumed: 62
Thread: 1 Produced: 70
Thread: 2 Consumed: 63
Thread: 1 Produced: 71
Thread: 3 Consumed: 64
Thread: 0 Produced: 72
Thread: 3 Consumed: 65
Thread: 1 Produced: 73
Thread: 2 Consumed: 66
Thread: 0 Produced: 74
Thread: 2 Consumed: 67
Thread: 0 Produced: 75
Thread: 2 Consumed: 68
Thread: 3 Consumed: 69
Thread: 2 Consumed: 70
Thread: 0 Produced: 76
Thread: 1 Produced: 77
Thread: 0 Produced: 78
Thread: 0 Produced: 79
Thread: 1 Produced: 80
Thread: 3 Consumed: 71
Thread: 3 Consumed: 72
Thread: 3 Consumed: 73
Thread: 3 Consumed: 74
Thread: 2 Consumed: 75
Thread: 3 Consumed: 76
Thread: 2 Consumed: 77
Thread: 3 Consumed: 78
Thread: 3 Consumed: 79
Thread: 2 Consumed: 80
Thread: 0 Produced: 81
Thread: 0 Produced: 82
Thread: 0 Produced: 83
Thread: 2 Consumed: 81
Thread: 0 Produced: 84
Thread: 2 Consumed: 82
Thread: 1 Produced: 85
Thread: 3 Consumed: 83
Thread: 2 Consumed: 84
Thread: 3 Consumed: 85
Thread: 0 Produced: 86
Thread: 1 Produced: 87
Thread: 0 Produced: 88
Thread: 2 Consumed: 86
Thread: 0 Produced: 89
Thread: 1 Produced: 90
Thread: 1 Produced: 91
Thread: 1 Produced: 92
Thread: 1 Produced: 93
Thread: 3 Consumed: 87
Thread: 0 Produced: 94
Thread: 0 Produced: 95
Thread: 0 Produced: 96
Thread: 0 Produced: 97
Thread: 3 Consumed: 88
Thread: 1 Produced: 98
Thread: 3 Consumed: 89
Thread: 1 Produced: 99
Thread: 2 Consumed: 90
Thread: 2 Consumed: 91
Thread: 2 Consumed: 92
Thread: 2 Consumed: 93
Thread: 3 Consumed: 94
Thread: 3 Consumed: 95
Thread: 3 Consumed: 96
Thread: 2 Consumed: 97
Thread: 2 Consumed: 98
Thread: 2 Consumed: 99
Producer 1 exiting.
Consumer 2 exiting.
Producer 0 exiting.
Consumer 3 exiting.
exiting program.
--- Running again ---
 
I am a producer and my thread number is 0.
Thread: 0 Produced: 1
Thread: 0 Produced: 2
Thread: 0 Produced: 3
Thread: 0 Produced: 4
Thread: 0 Produced: 5
Thread: 0 Produced: 6
Thread: 0 Produced: 7
Thread: 0 Produced: 8
Thread: 0 Produced: 9
Thread: 0 Produced: 10
I am a producer and my thread number is 1.
I am a consumer and my thread number is 2.
Thread: 2 Consumed: 1
Thread: 2 Consumed: 2
Thread: 2 Consumed: 3
Thread: 0 Produced: 11
Thread: 1 Produced: 12
Thread: 1 Produced: 13
Thread: 2 Consumed: 4
I am a consumer and my thread number is 3.
Thread: 2 Consumed: 5
Thread: 2 Consumed: 6
Thread: 2 Consumed: 7
Thread: 2 Consumed: 8
Thread: 2 Consumed: 9
Thread: 2 Consumed: 10
Thread: 2 Consumed: 11
Thread: 2 Consumed: 12
Thread: 2 Consumed: 13
Thread: 0 Produced: 14
Thread: 0 Produced: 15
Thread: 0 Produced: 16
Thread: 0 Produced: 17
Thread: 0 Produced: 18
Thread: 0 Produced: 19
Thread: 0 Produced: 20
Thread: 0 Produced: 21
Thread: 0 Produced: 22
Thread: 0 Produced: 23
Thread: 3 Consumed: 14
Thread: 0 Produced: 24
Thread: 3 Consumed: 15
Thread: 0 Produced: 25
Thread: 3 Consumed: 16
Thread: 1 Produced: 26
Thread: 3 Consumed: 17
Thread: 1 Produced: 27
Thread: 3 Consumed: 18
Thread: 3 Consumed: 19
Thread: 0 Produced: 28
Thread: 0 Produced: 29
Thread: 3 Consumed: 20
Thread: 0 Produced: 30
Thread: 3 Consumed: 21
Thread: 1 Produced: 31
Thread: 2 Consumed: 22
Thread: 2 Consumed: 23
Thread: 2 Consumed: 24
Thread: 1 Produced: 32
Thread: 2 Consumed: 25
Thread: 0 Produced: 33
Thread: 3 Consumed: 26
Thread: 1 Produced: 34
Thread: 0 Produced: 35
Thread: 0 Produced: 36
Thread: 3 Consumed: 27
Thread: 0 Produced: 37
Thread: 3 Consumed: 28
Thread: 0 Produced: 38
Thread: 3 Consumed: 29
Thread: 0 Produced: 39
Thread: 3 Consumed: 30
Thread: 1 Produced: 40
Thread: 2 Consumed: 31
Thread: 2 Consumed: 32
Thread: 3 Consumed: 33
Thread: 0 Produced: 41
Thread: 0 Produced: 42
Thread: 0 Produced: 43
Thread: 3 Consumed: 34
Thread: 0 Produced: 44
Thread: 3 Consumed: 35
Thread: 0 Produced: 45
Thread: 3 Consumed: 36
Thread: 1 Produced: 46
Thread: 3 Consumed: 37
Thread: 1 Produced: 47
Thread: 2 Consumed: 38
Thread: 2 Consumed: 39
Thread: 3 Consumed: 40
Thread: 0 Produced: 48
Thread: 0 Produced: 49
Thread: 3 Consumed: 41
Thread: 1 Produced: 50
Thread: 1 Produced: 51
Thread: 3 Consumed: 42
Thread: 0 Produced: 52
Thread: 3 Consumed: 43
Thread: 2 Consumed: 44
Thread: 1 Produced: 53
Thread: 2 Consumed: 45
Thread: 1 Produced: 54
Thread: 3 Consumed: 46
Thread: 2 Consumed: 47
Thread: 1 Produced: 55
Thread: 2 Consumed: 48
Thread: 2 Consumed: 49
Thread: 3 Consumed: 50
Thread: 0 Produced: 56
Thread: 3 Consumed: 51
Thread: 1 Produced: 57
Thread: 1 Produced: 58
Thread: 1 Produced: 59
Thread: 1 Produced: 60
Thread: 1 Produced: 61
Thread: 3 Consumed: 52
Thread: 3 Consumed: 53
Thread: 3 Consumed: 54
Thread: 3 Consumed: 55
Thread: 3 Consumed: 56
Thread: 3 Consumed: 57
Thread: 3 Consumed: 58
Thread: 3 Consumed: 59
Thread: 3 Consumed: 60
Thread: 3 Consumed: 61
Thread: 1 Produced: 62
Thread: 3 Consumed: 62
Thread: 0 Produced: 63
Thread: 0 Produced: 64
Thread: 0 Produced: 65
Thread: 0 Produced: 66
Thread: 0 Produced: 67
Thread: 0 Produced: 68
Thread: 2 Consumed: 63
Thread: 2 Consumed: 64
Thread: 2 Consumed: 65
Thread: 0 Produced: 69
Thread: 2 Consumed: 66
Thread: 1 Produced: 70
Thread: 3 Consumed: 67
Thread: 0 Produced: 71
Thread: 0 Produced: 72
Thread: 0 Produced: 73
Thread: 3 Consumed: 68
Thread: 2 Consumed: 69
Thread: 2 Consumed: 70
Thread: 2 Consumed: 71
Thread: 2 Consumed: 72
Thread: 1 Produced: 74
Thread: 2 Consumed: 73
Thread: 0 Produced: 75
Thread: 3 Consumed: 74
Thread: 3 Consumed: 75
Thread: 1 Produced: 76
Thread: 3 Consumed: 76
Thread: 1 Produced: 77
Thread: 3 Consumed: 77
Thread: 1 Produced: 78
Thread: 3 Consumed: 78
Thread: 1 Produced: 79
Thread: 3 Consumed: 79
Thread: 1 Produced: 80
Thread: 3 Consumed: 80
Thread: 0 Produced: 81
Thread: 0 Produced: 82
Thread: 0 Produced: 83
Thread: 0 Produced: 84
Thread: 3 Consumed: 81
Thread: 2 Consumed: 82
Thread: 2 Consumed: 83
Thread: 2 Consumed: 84
Thread: 1 Produced: 85
Thread: 1 Produced: 86
Thread: 2 Consumed: 85
Thread: 2 Consumed: 86
Thread: 0 Produced: 87
Thread: 0 Produced: 88
Thread: 0 Produced: 89
Thread: 0 Produced: 90
Thread: 0 Produced: 91
Thread: 0 Produced: 92
Thread: 0 Produced: 93
Thread: 0 Produced: 94
Thread: 0 Produced: 95
Thread: 0 Produced: 96
Thread: 2 Consumed: 87
Thread: 2 Consumed: 88
Thread: 1 Produced: 97
Thread: 1 Produced: 98
Thread: 3 Consumed: 89
Thread: 3 Consumed: 90
Thread: 3 Consumed: 91
Thread: 3 Consumed: 92
Thread: 0 Produced: 99
Thread: 3 Consumed: 93
Producer 1 exiting.
Thread: 2 Consumed: 94
Thread: 2 Consumed: 95
Thread: 2 Consumed: 96
Thread: 2 Consumed: 97
Thread: 2 Consumed: 98
Thread: 2 Consumed: 99
Consumer 2 exiting.
Producer 0 exiting.
Consumer 3 exiting.
exiting program.
--- Running again ---
 
I am a producer and my thread number is 0.
Thread: 0 Produced: 1
Thread: 0 Produced: 2
Thread: 0 Produced: 3
Thread: 0 Produced: 4
Thread: 0 Produced: 5
Thread: 0 Produced: 6
Thread: 0 Produced: 7
I am a producer and my thread number is 1.
I am a consumer and my thread number is 2.
Thread: 0 Produced: 8
I am a consumer and my thread number is 3.
Thread: 0 Produced: 9
Thread: 0 Produced: 10
Thread: 2 Consumed: 1
Thread: 0 Produced: 11
Thread: 3 Consumed: 2
Thread: 0 Produced: 12
Thread: 3 Consumed: 3
Thread: 3 Consumed: 4
Thread: 3 Consumed: 5
Thread: 3 Consumed: 6
Thread: 3 Consumed: 7
Thread: 3 Consumed: 8
Thread: 0 Produced: 13
Thread: 3 Consumed: 9
Thread: 2 Consumed: 10
Thread: 0 Produced: 14
Thread: 0 Produced: 15
Thread: 1 Produced: 16
Thread: 3 Consumed: 11
Thread: 3 Consumed: 12
Thread: 0 Produced: 17
Thread: 3 Consumed: 13
Thread: 3 Consumed: 14
Thread: 0 Produced: 18
Thread: 2 Consumed: 15
Thread: 1 Produced: 19
Thread: 2 Consumed: 16
Thread: 3 Consumed: 17
Thread: 3 Consumed: 18
Thread: 0 Produced: 20
Thread: 2 Consumed: 19
Thread: 1 Produced: 21
Thread: 2 Consumed: 20
Thread: 3 Consumed: 21
Thread: 0 Produced: 22
Thread: 3 Consumed: 22
Thread: 0 Produced: 23
Thread: 2 Consumed: 23
Thread: 1 Produced: 24
Thread: 1 Produced: 25
Thread: 1 Produced: 26
Thread: 3 Consumed: 24
Thread: 0 Produced: 27
Thread: 2 Consumed: 25
Thread: 1 Produced: 28
Thread: 2 Consumed: 26
Thread: 3 Consumed: 27
Thread: 3 Consumed: 28
Thread: 0 Produced: 29
Thread: 3 Consumed: 29
Thread: 1 Produced: 30
Thread: 3 Consumed: 30
Thread: 1 Produced: 31
Thread: 1 Produced: 32
Thread: 3 Consumed: 31
Thread: 0 Produced: 33
Thread: 0 Produced: 34
Thread: 2 Consumed: 32
Thread: 1 Produced: 35
Thread: 1 Produced: 36
Thread: 3 Consumed: 33
Thread: 0 Produced: 37
Thread: 3 Consumed: 34
Thread: 0 Produced: 38
Thread: 2 Consumed: 35
Thread: 0 Produced: 39
Thread: 0 Produced: 40
Thread: 0 Produced: 41
Thread: 0 Produced: 42
Thread: 0 Produced: 43
Thread: 2 Consumed: 36
Thread: 1 Produced: 44
Thread: 2 Consumed: 37
Thread: 3 Consumed: 38
Thread: 1 Produced: 45
Thread: 3 Consumed: 39
Thread: 3 Consumed: 40
Thread: 0 Produced: 46
Thread: 0 Produced: 47
Thread: 3 Consumed: 41
Thread: 3 Consumed: 42
Thread: 3 Consumed: 43
Thread: 3 Consumed: 44
Thread: 3 Consumed: 45
Thread: 3 Consumed: 46
Thread: 3 Consumed: 47
Thread: 0 Produced: 48
Thread: 3 Consumed: 48
Thread: 1 Produced: 49
Thread: 1 Produced: 50
Thread: 2 Consumed: 49
Thread: 2 Consumed: 50
Thread: 1 Produced: 51
Thread: 1 Produced: 52
Thread: 2 Consumed: 51
Thread: 2 Consumed: 52
Thread: 1 Produced: 53
Thread: 1 Produced: 54
Thread: 1 Produced: 55
Thread: 1 Produced: 56
Thread: 1 Produced: 57
Thread: 3 Consumed: 53
Thread: 1 Produced: 58
Thread: 1 Produced: 59
Thread: 1 Produced: 60
Thread: 1 Produced: 61
Thread: 1 Produced: 62
Thread: 0 Produced: 63
Thread: 2 Consumed: 54
Thread: 3 Consumed: 55
Thread: 2 Consumed: 56
Thread: 0 Produced: 64
Thread: 1 Produced: 65
Thread: 2 Consumed: 57
Thread: 3 Consumed: 58
Thread: 3 Consumed: 59
Thread: 3 Consumed: 60
Thread: 3 Consumed: 61
Thread: 3 Consumed: 62
Thread: 3 Consumed: 63
Thread: 3 Consumed: 64
Thread: 3 Consumed: 65
Thread: 0 Produced: 66
Thread: 0 Produced: 67
Thread: 0 Produced: 68
Thread: 0 Produced: 69
Thread: 0 Produced: 70
Thread: 0 Produced: 71
Thread: 3 Consumed: 66
Thread: 3 Consumed: 67
Thread: 3 Consumed: 68
Thread: 3 Consumed: 69
Thread: 3 Consumed: 70
Thread: 3 Consumed: 71
Thread: 0 Produced: 72
Thread: 0 Produced: 73
Thread: 0 Produced: 74
Thread: 0 Produced: 75
Thread: 0 Produced: 76
Thread: 0 Produced: 77
Thread: 0 Produced: 78
Thread: 1 Produced: 79
Thread: 0 Produced: 80
Thread: 0 Produced: 81
Thread: 2 Consumed: 72
Thread: 0 Produced: 82
Thread: 2 Consumed: 73
Thread: 3 Consumed: 74
Thread: 2 Consumed: 75
Thread: 3 Consumed: 76
Thread: 1 Produced: 83
Thread: 3 Consumed: 77
Thread: 1 Produced: 84
Thread: 0 Produced: 85
Thread: 2 Consumed: 78
Thread: 2 Consumed: 79
Thread: 3 Consumed: 80
Thread: 0 Produced: 86
Thread: 3 Consumed: 81
Thread: 0 Produced: 87
Thread: 2 Consumed: 82
Thread: 2 Consumed: 83
Thread: 1 Produced: 88
Thread: 2 Consumed: 84
Thread: 1 Produced: 89
Thread: 3 Consumed: 85
Thread: 1 Produced: 90
Thread: 1 Produced: 91
Thread: 1 Produced: 92
Thread: 1 Produced: 93
Thread: 1 Produced: 94
Thread: 1 Produced: 95
Thread: 3 Consumed: 86
Thread: 0 Produced: 96
Thread: 3 Consumed: 87
Thread: 3 Consumed: 88
Thread: 2 Consumed: 89
Thread: 1 Produced: 97
Thread: 2 Consumed: 90
Thread: 0 Produced: 98
Thread: 0 Produced: 99
Producer 0 exiting.
Thread: 3 Consumed: 91
Thread: 3 Consumed: 92
Thread: 3 Consumed: 93
Thread: 3 Consumed: 94
Thread: 2 Consumed: 95
Thread: 2 Consumed: 96
Thread: 2 Consumed: 97
Producer 1 exiting.
Thread: 2 Consumed: 98
Thread: 2 Consumed: 99
Consumer 2 exiting.
Consumer 3 exiting.
exiting program.
--- Running again ---
 
I am a producer and my thread number is 0.
Thread: 0 Produced: 1
Thread: 0 Produced: 2
Thread: 0 Produced: 3
Thread: 0 Produced: 4
Thread: 0 Produced: 5
Thread: 0 Produced: 6
Thread: 0 Produced: 7
Thread: 0 Produced: 8
Thread: 0 Produced: 9
Thread: 0 Produced: 10
I am a producer and my thread number is 1.
I am a consumer and my thread number is 2.
Thread: 2 Consumed: 1
Thread: 2 Consumed: 2
Thread: 2 Consumed: 3
Thread: 0 Produced: 11
Thread: 2 Consumed: 4
Thread: 0 Produced: 12
Thread: 2 Consumed: 5
Thread: 2 Consumed: 6
Thread: 2 Consumed: 7
Thread: 2 Consumed: 8
Thread: 2 Consumed: 9
Thread: 2 Consumed: 10
Thread: 2 Consumed: 11
Thread: 2 Consumed: 12
I am a consumer and my thread number is 3.
Thread: 1 Produced: 13
Thread: 3 Consumed: 13
Thread: 1 Produced: 14
Thread: 0 Produced: 15
Thread: 2 Consumed: 14
Thread: 3 Consumed: 15
Thread: 1 Produced: 16
Thread: 3 Consumed: 16
Thread: 1 Produced: 17
Thread: 1 Produced: 18
Thread: 1 Produced: 19
Thread: 2 Consumed: 17
Thread: 1 Produced: 20
Thread: 1 Produced: 21
Thread: 1 Produced: 22
Thread: 1 Produced: 23
Thread: 2 Consumed: 18
Thread: 2 Consumed: 19
Thread: 2 Consumed: 20
Thread: 2 Consumed: 21
Thread: 2 Consumed: 22
Thread: 2 Consumed: 23
Thread: 1 Produced: 24
Thread: 1 Produced: 25
Thread: 1 Produced: 26
Thread: 1 Produced: 27
Thread: 1 Produced: 28
Thread: 2 Consumed: 24
Thread: 3 Consumed: 25
Thread: 0 Produced: 29
Thread: 0 Produced: 30
Thread: 0 Produced: 31
Thread: 0 Produced: 32
Thread: 0 Produced: 33
Thread: 3 Consumed: 26
Thread: 1 Produced: 34
Thread: 2 Consumed: 27
Thread: 0 Produced: 35
Thread: 0 Produced: 36
Thread: 2 Consumed: 28
Thread: 1 Produced: 37
Thread: 2 Consumed: 29
Thread: 0 Produced: 38
Thread: 3 Consumed: 30
Thread: 3 Consumed: 31
Thread: 0 Produced: 39
Thread: 0 Produced: 40
Thread: 3 Consumed: 32
Thread: 1 Produced: 41
Thread: 3 Consumed: 33
Thread: 3 Consumed: 34
Thread: 3 Consumed: 35
Thread: 2 Consumed: 36
Thread: 1 Produced: 42
Thread: 2 Consumed: 37
Thread: 1 Produced: 43
Thread: 3 Consumed: 38
Thread: 0 Produced: 44
Thread: 0 Produced: 45
Thread: 0 Produced: 46
Thread: 0 Produced: 47
Thread: 0 Produced: 48
Thread: 3 Consumed: 39
Thread: 0 Produced: 49
Thread: 3 Consumed: 40
Thread: 1 Produced: 50
Thread: 2 Consumed: 41
Thread: 2 Consumed: 42
Thread: 2 Consumed: 43
Thread: 2 Consumed: 44
Thread: 1 Produced: 51
Thread: 2 Consumed: 45
Thread: 1 Produced: 52
Thread: 3 Consumed: 46
Thread: 1 Produced: 53
Thread: 1 Produced: 54
Thread: 1 Produced: 55
Thread: 2 Consumed: 47
Thread: 2 Consumed: 48
Thread: 2 Consumed: 49
Thread: 2 Consumed: 50
Thread: 1 Produced: 56
Thread: 2 Consumed: 51
Thread: 0 Produced: 57
Thread: 2 Consumed: 52
Thread: 2 Consumed: 53
Thread: 2 Consumed: 54
Thread: 2 Consumed: 55
Thread: 2 Consumed: 56
Thread: 2 Consumed: 57
Thread: 1 Produced: 58
Thread: 2 Consumed: 58
Thread: 1 Produced: 59
Thread: 2 Consumed: 59
Thread: 1 Produced: 60
Thread: 2 Consumed: 60
Thread: 1 Produced: 61
Thread: 1 Produced: 62
Thread: 1 Produced: 63
Thread: 2 Consumed: 61
Thread: 2 Consumed: 62
Thread: 2 Consumed: 63
Thread: 1 Produced: 64
Thread: 2 Consumed: 64
Thread: 1 Produced: 65
Thread: 1 Produced: 66
Thread: 1 Produced: 67
Thread: 2 Consumed: 65
Thread: 2 Consumed: 66
Thread: 2 Consumed: 67
Thread: 1 Produced: 68
Thread: 1 Produced: 69
Thread: 0 Produced: 70
Thread: 3 Consumed: 68
Thread: 3 Consumed: 69
Thread: 3 Consumed: 70
Thread: 1 Produced: 71
Thread: 3 Consumed: 71
Thread: 0 Produced: 72
Thread: 3 Consumed: 72
Thread: 0 Produced: 73
Thread: 0 Produced: 74
Thread: 0 Produced: 75
Thread: 0 Produced: 76
Thread: 3 Consumed: 73
Thread: 3 Consumed: 74
Thread: 3 Consumed: 75
Thread: 3 Consumed: 76
Thread: 1 Produced: 77
Thread: 3 Consumed: 77
Thread: 1 Produced: 78
Thread: 1 Produced: 79
Thread: 3 Consumed: 78
Thread: 3 Consumed: 79
Thread: 1 Produced: 80
Thread: 1 Produced: 81
Thread: 3 Consumed: 80
Thread: 3 Consumed: 81
Thread: 1 Produced: 82
Thread: 1 Produced: 83
Thread: 3 Consumed: 82
Thread: 0 Produced: 84
Thread: 3 Consumed: 83
Thread: 1 Produced: 85
Thread: 2 Consumed: 84
Thread: 2 Consumed: 85
Thread: 1 Produced: 86
Thread: 1 Produced: 87
Thread: 1 Produced: 88
Thread: 1 Produced: 89
Thread: 3 Consumed: 86
Thread: 3 Consumed: 87
Thread: 3 Consumed: 88
Thread: 3 Consumed: 89
Thread: 1 Produced: 90
Thread: 3 Consumed: 90
Thread: 1 Produced: 91
Thread: 3 Consumed: 91
Thread: 1 Produced: 92
Thread: 3 Consumed: 92
Thread: 1 Produced: 93
Thread: 3 Consumed: 93
Thread: 1 Produced: 94
Thread: 1 Produced: 95
Thread: 3 Consumed: 94
Thread: 3 Consumed: 95
Thread: 0 Produced: 96
Thread: 0 Produced: 97
Thread: 3 Consumed: 96
Thread: 2 Consumed: 97
Thread: 0 Produced: 98
Thread: 2 Consumed: 98
Thread: 0 Produced: 99
Thread: 3 Consumed: 99
Producer 0 exiting.
Producer 1 exiting.
Consumer 3 exiting.
Consumer 2 exiting.
exiting program.
--- Running again ---
 
I am a producer and my thread number is 0.
I am a producer and my thread number is 1.
Thread: 0 Produced: 1
Thread: 0 Produced: 2
I am a consumer and my thread number is 2.
Thread: 0 Produced: 3
Thread: 0 Produced: 4
Thread: 0 Produced: 5
Thread: 0 Produced: 6
Thread: 0 Produced: 7
Thread: 0 Produced: 8
Thread: 0 Produced: 9
Thread: 0 Produced: 10
Thread: 2 Consumed: 1
Thread: 2 Consumed: 2
Thread: 2 Consumed: 3
I am a consumer and my thread number is 3.
Thread: 2 Consumed: 4
Thread: 2 Consumed: 5
Thread: 2 Consumed: 6
Thread: 2 Consumed: 7
Thread: 2 Consumed: 8
Thread: 2 Consumed: 9
Thread: 1 Produced: 11
Thread: 2 Consumed: 10
Thread: 1 Produced: 12
Thread: 0 Produced: 13
Thread: 1 Produced: 14
Thread: 1 Produced: 15
Thread: 1 Produced: 16
Thread: 1 Produced: 17
Thread: 1 Produced: 18
Thread: 1 Produced: 19
Thread: 0 Produced: 20
Thread: 2 Consumed: 11
Thread: 1 Produced: 21
Thread: 2 Consumed: 12
Thread: 3 Consumed: 13
Thread: 3 Consumed: 14
Thread: 3 Consumed: 15
Thread: 1 Produced: 22
Thread: 3 Consumed: 16
Thread: 2 Consumed: 17
Thread: 3 Consumed: 18
Thread: 2 Consumed: 19
Thread: 3 Consumed: 20
Thread: 0 Produced: 23
Thread: 3 Consumed: 21
Thread: 0 Produced: 24
Thread: 2 Consumed: 22
Thread: 0 Produced: 25
Thread: 0 Produced: 26
Thread: 1 Produced: 27
Thread: 3 Consumed: 23
Thread: 2 Consumed: 24
Thread: 2 Consumed: 25
Thread: 1 Produced: 28
Thread: 3 Consumed: 26
Thread: 0 Produced: 29
Thread: 0 Produced: 30
Thread: 2 Consumed: 27
Thread: 0 Produced: 31
Thread: 2 Consumed: 28
Thread: 2 Consumed: 29
Thread: 2 Consumed: 30
Thread: 2 Consumed: 31
Thread: 1 Produced: 32
Thread: 2 Consumed: 32
Thread: 1 Produced: 33
Thread: 3 Consumed: 33
Thread: 0 Produced: 34
Thread: 3 Consumed: 34
Thread: 1 Produced: 35
Thread: 3 Consumed: 35
Thread: 1 Produced: 36
Thread: 1 Produced: 37
Thread: 3 Consumed: 36
Thread: 0 Produced: 38
Thread: 3 Consumed: 37
Thread: 2 Consumed: 38
Thread: 1 Produced: 39
Thread: 2 Consumed: 39
Thread: 0 Produced: 40
Thread: 0 Produced: 41
Thread: 2 Consumed: 40
Thread: 1 Produced: 42
Thread: 3 Consumed: 41
Thread: 3 Consumed: 42
Thread: 1 Produced: 43
Thread: 3 Consumed: 43
Thread: 1 Produced: 44
Thread: 1 Produced: 45
Thread: 1 Produced: 46
Thread: 2 Consumed: 44
Thread: 2 Consumed: 45
Thread: 2 Consumed: 46
Thread: 1 Produced: 47
Thread: 1 Produced: 48
Thread: 1 Produced: 49
Thread: 3 Consumed: 47
Thread: 1 Produced: 50
Thread: 1 Produced: 51
Thread: 1 Produced: 52
Thread: 1 Produced: 53
Thread: 1 Produced: 54
Thread: 0 Produced: 55
Thread: 2 Consumed: 48
Thread: 2 Consumed: 49
Thread: 1 Produced: 56
Thread: 3 Consumed: 50
Thread: 0 Produced: 57
Thread: 3 Consumed: 51
Thread: 1 Produced: 58
Thread: 1 Produced: 59
Thread: 2 Consumed: 52
Thread: 0 Produced: 60
Thread: 2 Consumed: 53
Thread: 1 Produced: 61
Thread: 3 Consumed: 54
Thread: 0 Produced: 62
Thread: 3 Consumed: 55
Thread: 1 Produced: 63
Thread: 3 Consumed: 56
Thread: 1 Produced: 64
Thread: 1 Produced: 65
Thread: 1 Produced: 66
Thread: 3 Consumed: 57
Thread: 3 Consumed: 58
Thread: 0 Produced: 67
Thread: 2 Consumed: 59
Thread: 1 Produced: 68
Thread: 1 Produced: 69
Thread: 3 Consumed: 60
Thread: 2 Consumed: 61
Thread: 1 Produced: 70
Thread: 2 Consumed: 62
Thread: 1 Produced: 71
Thread: 3 Consumed: 63
Thread: 0 Produced: 72
Thread: 2 Consumed: 64
Thread: 1 Produced: 73
Thread: 1 Produced: 74
Thread: 3 Consumed: 65
Thread: 3 Consumed: 66
Thread: 2 Consumed: 67
Thread: 0 Produced: 75
Thread: 2 Consumed: 68
Thread: 1 Produced: 76
Thread: 3 Consumed: 69
Thread: 0 Produced: 77
Thread: 3 Consumed: 70
Thread: 2 Consumed: 71
Thread: 3 Consumed: 72
Thread: 3 Consumed: 73
Thread: 3 Consumed: 74
Thread: 1 Produced: 78
Thread: 3 Consumed: 75
Thread: 2 Consumed: 76
Thread: 3 Consumed: 77
Thread: 0 Produced: 79
Thread: 3 Consumed: 78
Thread: 3 Consumed: 79
Thread: 0 Produced: 80
Thread: 0 Produced: 81
Thread: 2 Consumed: 80
Thread: 2 Consumed: 81
Thread: 0 Produced: 82
Thread: 2 Consumed: 82
Thread: 1 Produced: 83
Thread: 2 Consumed: 83
Thread: 1 Produced: 84
Thread: 1 Produced: 85
Thread: 3 Consumed: 84
Thread: 0 Produced: 86
Thread: 3 Consumed: 85
Thread: 1 Produced: 87
Thread: 3 Consumed: 86
Thread: 3 Consumed: 87
Thread: 0 Produced: 88
Thread: 2 Consumed: 88
Thread: 1 Produced: 89
Thread: 1 Produced: 90
Thread: 1 Produced: 91
Thread: 1 Produced: 92
Thread: 1 Produced: 93
Thread: 1 Produced: 94
Thread: 1 Produced: 95
Thread: 2 Consumed: 89
Thread: 2 Consumed: 90
Thread: 2 Consumed: 91
Thread: 2 Consumed: 92
Thread: 3 Consumed: 93
Thread: 3 Consumed: 94
Thread: 3 Consumed: 95
Thread: 1 Produced: 96
Thread: 3 Consumed: 96
Thread: 0 Produced: 97
Thread: 1 Produced: 98
Thread: 0 Produced: 99
Producer 1 exiting.
Thread: 3 Consumed: 97
Thread: 3 Consumed: 98
Thread: 3 Consumed: 99
Consumer 3 exiting.
Producer 0 exiting.
Consumer 2 exiting.
exiting program.
--- Running again ---
 
I am a producer and my thread number is 0.
Thread: 0 Produced: 1
Thread: 0 Produced: 2
Thread: 0 Produced: 3
Thread: 0 Produced: 4
Thread: 0 Produced: 5
I am a consumer and my thread number is 2.
Thread: 0 Produced: 6
Thread: 0 Produced: 7
Thread: 0 Produced: 8
Thread: 0 Produced: 9
Thread: 0 Produced: 10
I am a consumer and my thread number is 3.
Thread: 2 Consumed: 1
Thread: 2 Consumed: 2
I am a producer and my thread number is 1.
Thread: 2 Consumed: 3
Thread: 2 Consumed: 4
Thread: 2 Consumed: 5
Thread: 2 Consumed: 6
Thread: 2 Consumed: 7
Thread: 2 Consumed: 8
Thread: 1 Produced: 11
Thread: 1 Produced: 12
Thread: 2 Consumed: 9
Thread: 0 Produced: 13
Thread: 2 Consumed: 10
Thread: 0 Produced: 14
Thread: 3 Consumed: 11
Thread: 3 Consumed: 12
Thread: 3 Consumed: 13
Thread: 3 Consumed: 14
Thread: 1 Produced: 15
Thread: 1 Produced: 16
Thread: 2 Consumed: 15
Thread: 2 Consumed: 16
Thread: 1 Produced: 17
Thread: 1 Produced: 18
Thread: 1 Produced: 19
Thread: 1 Produced: 20
Thread: 1 Produced: 21
Thread: 1 Produced: 22
Thread: 2 Consumed: 17
Thread: 1 Produced: 23
Thread: 1 Produced: 24
Thread: 1 Produced: 25
Thread: 1 Produced: 26
Thread: 1 Produced: 27
Thread: 2 Consumed: 18
Thread: 1 Produced: 28
Thread: 2 Consumed: 19
Thread: 3 Consumed: 20
Thread: 1 Produced: 29
Thread: 1 Produced: 30
Thread: 3 Consumed: 21
Thread: 1 Produced: 31
Thread: 3 Consumed: 22
Thread: 2 Consumed: 23
Thread: 3 Consumed: 24
Thread: 2 Consumed: 25
Thread: 3 Consumed: 26
Thread: 3 Consumed: 27
Thread: 3 Consumed: 28
Thread: 3 Consumed: 29
Thread: 3 Consumed: 30
Thread: 3 Consumed: 31
Thread: 1 Produced: 32
Thread: 1 Produced: 33
Thread: 1 Produced: 34
Thread: 3 Consumed: 32
Thread: 2 Consumed: 33
Thread: 3 Consumed: 34
Thread: 0 Produced: 35
Thread: 2 Consumed: 35
Thread: 1 Produced: 36
Thread: 1 Produced: 37
Thread: 1 Produced: 38
Thread: 1 Produced: 39
Thread: 1 Produced: 40
Thread: 1 Produced: 41
Thread: 1 Produced: 42
Thread: 1 Produced: 43
Thread: 0 Produced: 44
Thread: 3 Consumed: 36
Thread: 0 Produced: 45
Thread: 0 Produced: 46
Thread: 3 Consumed: 37
Thread: 3 Consumed: 38
Thread: 2 Consumed: 39
Thread: 3 Consumed: 40
Thread: 2 Consumed: 41
Thread: 3 Consumed: 42
Thread: 2 Consumed: 43
Thread: 0 Produced: 47
Thread: 0 Produced: 48
Thread: 2 Consumed: 44
Thread: 3 Consumed: 45
Thread: 2 Consumed: 46
Thread: 2 Consumed: 47
Thread: 1 Produced: 49
Thread: 2 Consumed: 48
Thread: 0 Produced: 50
Thread: 2 Consumed: 49
Thread: 0 Produced: 51
Thread: 0 Produced: 52
Thread: 0 Produced: 53
Thread: 0 Produced: 54
Thread: 0 Produced: 55
Thread: 0 Produced: 56
Thread: 2 Consumed: 50
Thread: 2 Consumed: 51
Thread: 2 Consumed: 52
Thread: 2 Consumed: 53
Thread: 2 Consumed: 54
Thread: 2 Consumed: 55
Thread: 2 Consumed: 56
Thread: 1 Produced: 57
Thread: 1 Produced: 58
Thread: 3 Consumed: 57
Thread: 3 Consumed: 58
Thread: 1 Produced: 59
Thread: 1 Produced: 60
Thread: 1 Produced: 61
Thread: 1 Produced: 62
Thread: 1 Produced: 63
Thread: 1 Produced: 64
Thread: 2 Consumed: 59
Thread: 2 Consumed: 60
Thread: 2 Consumed: 61
Thread: 2 Consumed: 62
Thread: 2 Consumed: 63
Thread: 2 Consumed: 64
Thread: 1 Produced: 65
Thread: 1 Produced: 66
Thread: 1 Produced: 67
Thread: 1 Produced: 68
Thread: 1 Produced: 69
Thread: 3 Consumed: 65
Thread: 3 Consumed: 66
Thread: 3 Consumed: 67
Thread: 3 Consumed: 68
Thread: 1 Produced: 70
Thread: 1 Produced: 71
Thread: 1 Produced: 72
Thread: 1 Produced: 73
Thread: 1 Produced: 74
Thread: 3 Consumed: 69
Thread: 3 Consumed: 70
Thread: 3 Consumed: 71
Thread: 3 Consumed: 72
Thread: 3 Consumed: 73
Thread: 3 Consumed: 74
Thread: 1 Produced: 75
Thread: 1 Produced: 76
Thread: 1 Produced: 77
Thread: 1 Produced: 78
Thread: 1 Produced: 79
Thread: 3 Consumed: 75
Thread: 3 Consumed: 76
Thread: 3 Consumed: 77
Thread: 3 Consumed: 78
Thread: 3 Consumed: 79
Thread: 1 Produced: 80
Thread: 1 Produced: 81
Thread: 1 Produced: 82
Thread: 1 Produced: 83
Thread: 1 Produced: 84
Thread: 1 Produced: 85
Thread: 1 Produced: 86
Thread: 1 Produced: 87
Thread: 1 Produced: 88
Thread: 1 Produced: 89
Thread: 2 Consumed: 80
Thread: 0 Produced: 90
Thread: 2 Consumed: 81
Thread: 3 Consumed: 82
Thread: 3 Consumed: 83
Thread: 3 Consumed: 84
Thread: 0 Produced: 91
Thread: 3 Consumed: 85
Thread: 2 Consumed: 86
Thread: 3 Consumed: 87
Thread: 1 Produced: 92
Thread: 1 Produced: 93
Thread: 1 Produced: 94
Thread: 1 Produced: 95
Thread: 0 Produced: 96
Thread: 3 Consumed: 88
Thread: 0 Produced: 97
Thread: 0 Produced: 98
Thread: 3 Consumed: 89
Thread: 0 Produced: 99
Thread: 3 Consumed: 90
Producer 1 exiting.
Thread: 3 Consumed: 91
Thread: 3 Consumed: 92
Producer 0 exiting.
Thread: 3 Consumed: 93
Thread: 3 Consumed: 94
Thread: 3 Consumed: 95
Thread: 3 Consumed: 96
Thread: 3 Consumed: 97
Thread: 3 Consumed: 98
Thread: 3 Consumed: 99
Consumer 3 exiting.
Consumer 2 exiting.
exiting program.
