Username:  abada
Date:      Wed Feb 20 15:35:54 EST 2019
 
*** making assign4a ***
g++ -c -Wall -g assign4a.cpp
g++ assign4a.o list.o -g -o assign4a
--- Running ---
 

Name: Adam Abad
Introduction to Linked Lists
List uses a simple singly linked list to order data.

1. Display the list.
2. Find an item in the list.
3. Insert an item into the list.
4. Delete an item from the list.
5. Display number of elements in the list.
6. Exit.

Please enter your Option: 
You chose option 3

Please enter an integer to add to the list: 
1. Display the list.
2. Find an item in the list.
3. Insert an item into the list.
4. Delete an item from the list.
5. Display number of elements in the list.
6. Exit.

Please enter your Option: 
You chose option 3

Please enter an integer to add to the list: 
1. Display the list.
2. Find an item in the list.
3. Insert an item into the list.
4. Delete an item from the list.
5. Display number of elements in the list.
6. Exit.

Please enter your Option: 
You chose option 3

Please enter an integer to add to the list: 
1. Display the list.
2. Find an item in the list.
3. Insert an item into the list.
4. Delete an item from the list.
5. Display number of elements in the list.
6. Exit.

Please enter your Option: 
You chose option 3

Please enter an integer to add to the list: 
1. Display the list.
2. Find an item in the list.
3. Insert an item into the list.
4. Delete an item from the list.
5. Display number of elements in the list.
6. Exit.

Please enter your Option: 
You chose option 3

Please enter an integer to add to the list: 
1. Display the list.
2. Find an item in the list.
3. Insert an item into the list.
4. Delete an item from the list.
5. Display number of elements in the list.
6. Exit.

Please enter your Option: 
You chose option 3

Please enter an integer to add to the list: 
1. Display the list.
2. Find an item in the list.
3. Insert an item into the list.
4. Delete an item from the list.
5. Display number of elements in the list.
6. Exit.

Please enter your Option: 
You chose option 3

Please enter an integer to add to the list: 
1. Display the list.
2. Find an item in the list.
3. Insert an item into the list.
4. Delete an item from the list.
5. Display number of elements in the list.
6. Exit.

Please enter your Option: 
You chose option 3

Please enter an integer to add to the list: 
1. Display the list.
2. Find an item in the list.
3. Insert an item into the list.
4. Delete an item from the list.
5. Display number of elements in the list.
6. Exit.

Please enter your Option: 
You chose option 3

Please enter an integer to add to the list: 
1. Display the list.
2. Find an item in the list.
3. Insert an item into the list.
4. Delete an item from the list.
5. Display number of elements in the list.
6. Exit.

Please enter your Option: 
You chose option 3

Please enter an integer to add to the list: 
1. Display the list.
2. Find an item in the list.
3. Insert an item into the list.
4. Delete an item from the list.
5. Display number of elements in the list.
6. Exit.

Please enter your Option: 
You chose option 1

1
3
8
9
20
23
30
33
77
500
1. Display the list.
2. Find an item in the list.
3. Insert an item into the list.
4. Delete an item from the list.
5. Display number of elements in the list.
6. Exit.

Please enter your Option: 
You chose option 2

Please enter an integer to search for: 
The element 9 is in position 4 in the list.

1. Display the list.
2. Find an item in the list.
3. Insert an item into the list.
4. Delete an item from the list.
5. Display number of elements in the list.
6. Exit.

Please enter your Option: 
You chose option 2

Please enter an integer to search for: 
The element 550 is not in the list.

1. Display the list.
2. Find an item in the list.
3. Insert an item into the list.
4. Delete an item from the list.
5. Display number of elements in the list.
6. Exit.

Please enter your Option: 
You chose option 3

Please enter an integer to add to the list: 
1. Display the list.
2. Find an item in the list.
3. Insert an item into the list.
4. Delete an item from the list.
5. Display number of elements in the list.
6. Exit.

Please enter your Option: 
You chose option 1

1
3
8
9
20
20
23
30
33
77
500
1. Display the list.
2. Find an item in the list.
3. Insert an item into the list.
4. Delete an item from the list.
5. Display number of elements in the list.
6. Exit.

Please enter your Option: 
You chose option 3

Please enter an integer to add to the list: 
1. Display the list.
2. Find an item in the list.
3. Insert an item into the list.
4. Delete an item from the list.
5. Display number of elements in the list.
6. Exit.

Please enter your Option: 
You chose option 1

1
3
8
9
20
20
23
30
33
75
77
500
1. Display the list.
2. Find an item in the list.
3. Insert an item into the list.
4. Delete an item from the list.
5. Display number of elements in the list.
6. Exit.

Please enter your Option: 
You chose option 4

Please enter an integer to remove from the list: 
75 was successfully removed from the list.

1. Display the list.
2. Find an item in the list.
3. Insert an item into the list.
4. Delete an item from the list.
5. Display number of elements in the list.
6. Exit.

Please enter your Option: 
You chose option 1

1
3
8
9
20
20
23
30
33
77
500
1. Display the list.
2. Find an item in the list.
3. Insert an item into the list.
4. Delete an item from the list.
5. Display number of elements in the list.
6. Exit.

Please enter your Option: 
You chose option 4

Please enter an integer to remove from the list: 
9 was successfully removed from the list.

1. Display the list.
2. Find an item in the list.
3. Insert an item into the list.
4. Delete an item from the list.
5. Display number of elements in the list.
6. Exit.

Please enter your Option: 
You chose option 1

1
3
8
20
20
23
30
33
77
500
1. Display the list.
2. Find an item in the list.
3. Insert an item into the list.
4. Delete an item from the list.
5. Display number of elements in the list.
6. Exit.

Please enter your Option: 
You chose option 5

There are 10 element(s) in the list.

1. Display the list.
2. Find an item in the list.
3. Insert an item into the list.
4. Delete an item from the list.
5. Display number of elements in the list.
6. Exit.

Please enter your Option: 
You chose option 6

---running again-
 

Name: Adam Abad
Introduction to Linked Lists
List uses a simple singly linked list to order data.

1. Display the list.
2. Find an item in the list.
3. Insert an item into the list.
4. Delete an item from the list.
5. Display number of elements in the list.
6. Exit.

Please enter your Option: 
You chose option 3

Please enter an integer to add to the list: 
1. Display the list.
2. Find an item in the list.
3. Insert an item into the list.
4. Delete an item from the list.
5. Display number of elements in the list.
6. Exit.

Please enter your Option: 
You chose option 3

Please enter an integer to add to the list: 
1. Display the list.
2. Find an item in the list.
3. Insert an item into the list.
4. Delete an item from the list.
5. Display number of elements in the list.
6. Exit.

Please enter your Option: 
You chose option 3

Please enter an integer to add to the list: 
1. Display the list.
2. Find an item in the list.
3. Insert an item into the list.
4. Delete an item from the list.
5. Display number of elements in the list.
6. Exit.

Please enter your Option: 
You chose option 3

Please enter an integer to add to the list: 
1. Display the list.
2. Find an item in the list.
3. Insert an item into the list.
4. Delete an item from the list.
5. Display number of elements in the list.
6. Exit.

Please enter your Option: 
You chose option 3

Please enter an integer to add to the list: 
1. Display the list.
2. Find an item in the list.
3. Insert an item into the list.
4. Delete an item from the list.
5. Display number of elements in the list.
6. Exit.

Please enter your Option: 
You chose option 3

Please enter an integer to add to the list: 
1. Display the list.
2. Find an item in the list.
3. Insert an item into the list.
4. Delete an item from the list.
5. Display number of elements in the list.
6. Exit.

Please enter your Option: 
You chose option 3

Please enter an integer to add to the list: 
1. Display the list.
2. Find an item in the list.
3. Insert an item into the list.
4. Delete an item from the list.
5. Display number of elements in the list.
6. Exit.

Please enter your Option: 
You chose option 3

Please enter an integer to add to the list: 
1. Display the list.
2. Find an item in the list.
3. Insert an item into the list.
4. Delete an item from the list.
5. Display number of elements in the list.
6. Exit.

Please enter your Option: 
You chose option 1

8
9
20
23
30
33
77
500
1. Display the list.
2. Find an item in the list.
3. Insert an item into the list.
4. Delete an item from the list.
5. Display number of elements in the list.
6. Exit.

Please enter your Option: 
You chose option 4

Please enter an integer to remove from the list: 
8 was successfully removed from the list.

1. Display the list.
2. Find an item in the list.
3. Insert an item into the list.
4. Delete an item from the list.
5. Display number of elements in the list.
6. Exit.

Please enter your Option: 
You chose option 4

Please enter an integer to remove from the list: 
23 was successfully removed from the list.

1. Display the list.
2. Find an item in the list.
3. Insert an item into the list.
4. Delete an item from the list.
5. Display number of elements in the list.
6. Exit.

Please enter your Option: 
You chose option 4

Please enter an integer to remove from the list: 
500 was successfully removed from the list.

1. Display the list.
2. Find an item in the list.
3. Insert an item into the list.
4. Delete an item from the list.
5. Display number of elements in the list.
6. Exit.

Please enter your Option: 
You chose option 1

9
20
30
33
77
1. Display the list.
2. Find an item in the list.
3. Insert an item into the list.
4. Delete an item from the list.
5. Display number of elements in the list.
6. Exit.

Please enter your Option: 
You chose option 6

 
