Username:  abada
Date:      Thu Dec 6 13:15:49 EST 2018
 
**************************
 Compilation succeeded!   
**************************
*******
Running Combine /home/mathcs/courses/cs225-fall-2018/bets?
*******
Wesley Adam -110
Jay Albert -120
Jay Albert 100
Vicki Beizer -140
Vicki Beizer 160
Hugh Brentano -110
Hugh Brentano 140
Hugh Brentano -170
Leo Burns -180
Leo Burns 180
Mason Burns -100
Mason Burns -100
Denise Claycomb 130
Leroy Demsetz -190
Denise Claycomb 130
Adam Carson 130
Leroy Demsetz -190
Garry Ely 120
Deborah Francois 120
Edwin Frohlich -170
Edwin Frohlich -160
Mason Burns -160
Donald Giovanni 150
Leroy Demsetz 120
Donald Giovanni 150
Hugh Brentano -200
Hannah Gray 200
Leo Burns -190
Jessica Gruchy -120
Mason Burns -170
Thomasina Harboe -170
Malcolm Elmer 190
Frances Herbert -100
Joel Haberler -200
Mitchell Horace 100
Thomasina Harboe -190
Mason Ijiri 140
Penny Haynes -150
Harry Kalecki -150
Adam Heard 160
Bessie Kosiol 150
Jean Heard -170
Viola Lambert 160
Frances Herbert -170
Neil Leslie -110
Mitchell Horace 190
Gregory Moore -120
John Kulp -120
Kelly Simon -170
Viola Lambert -120
Kelly Simon -160
Florence Dicke 180
Alexander Harboe -160
Diane Haynes 140
Adam Heard 130
Marie Hilaire -110
Mitchell Horace 140
Neil Horace -150
Harry Kalecki -170
Neil Leslie 120
Nora Moore 130
Ian Rossell 110
Constance Uhr 120
Jean Dicke -100
Bennett Vincent -170
Denise Claycomb 110
Florence Dicke -170
Jean Dicke 140
Malcolm Elmer -200
Lorraine Ferdinando 150
Neal Ghelardi 120
Joel Haberler 120
Jean Heard 150
Marie Hilaire 150
Neil Horace -180
Harry Kalecki 180
Neil Leslie 200
Clark Mayer 150
Gregory Moore -120
Nora Moore -170
Margaret Popek 100
Ian Rossell 160
Constance Uhr 180
Bennett Vincent -160
Neil Leslie -170
Clark Mayer -180
Gregory Moore -130
Ian Rossell -180
Constance Uhr -140
Bennett Vincent -100
Leroy Vincent -160
Malcolm Elmer -170
Donald Giovanni 190
Diane Haynes 120
Penny Haynes -130
Adam Heard -100
Mitchell Horace 140
Neil Leslie 170
Penny Rae -200
Constance Uhr 200
Deborah Uhr -180
Leroy Vincent 150
*******
Running Combine
*******
Must contain more than one files to combined
