Username:  abada
Date:      Wed Sep 16 14:41:21 EDT 2020
 
*** compiling ***
--- Running 1---
 

Name: Adam Abad
Logrithmic Search of a 2D array
Enter the name of the file: 

Opening: /home/mathcs/turnin/bracken/BS2d1.text




Array 4 x 4 constructed, starting search.
1    Row: 0   Col: 0
2    Row: 0   Col: 1
3    Row: 0   Col: 2
4    Row: 0   Col: 3
5    Row: 1   Col: 0
6    Row: 1   Col: 1
7    Row: 1   Col: 2
8    Row: 1   Col: 3
9    Row: 2   Col: 0
10    Row: 2   Col: 1
11    Row: 2   Col: 2
12    Row: 2   Col: 3
13    Row: 3   Col: 0
14    Row: 3   Col: 1
15    Row: 3   Col: 2
16    Row: 3   Col: 3
17    Not Found
0    Not Found
0    Not Found
--- Running again 2---
 

Name: Adam Abad
Logrithmic Search of a 2D array
Enter the name of the file: 

Opening: /home/mathcs/turnin/bracken/BS2d2.text





Array 5 x 5 constructed, starting search.
1    Row: 0   Col: 0
2    Row: 0   Col: 1
3    Row: 0   Col: 2
4    Row: 0   Col: 3
5    Row: 0   Col: 4
6    Row: 1   Col: 0
7    Row: 1   Col: 1
8    Row: 1   Col: 2
9    Row: 1   Col: 3
10    Row: 1   Col: 4
11    Row: 2   Col: 0
12    Row: 2   Col: 1
13    Row: 2   Col: 2
14    Row: 2   Col: 3
15    Row: 2   Col: 4
16    Row: 3   Col: 0
17    Row: 3   Col: 1
18    Row: 3   Col: 2
19    Row: 3   Col: 3
20    Row: 3   Col: 4
21    Row: 4   Col: 0
22    Row: 4   Col: 1
23    Row: 4   Col: 2
24    Row: 4   Col: 3
25    Row: 4   Col: 4
0    Not Found
28    Not Found
28    Not Found
--- Running again 3---
 

Name: Adam Abad
Logrithmic Search of a 2D array
Enter the name of the file: 

Opening: /home/mathcs/turnin/bracken/BS2d3.text


Array 2 x 2 constructed, starting search.
4    Row: 0   Col: 0
20    Row: 0   Col: 1
50    Row: 1   Col: 0
90    Row: 1   Col: 1
3    Not Found
10    Not Found
30    Not Found
60    Not Found
95    Not Found
95    Not Found
--- Running again 4---
 

Name: Adam Abad
Logrithmic Search of a 2D array
Enter the name of the file: 

Opening: /home/mathcs/turnin/bracken/BS2d4.text


Array 2 x 2 constructed, starting search.
1    Not Found
2    Not Found
3    Not Found
4    Not Found
5    Row: 0   Col: 0
6    Not Found
10    Row: 0   Col: 1
20    Row: 1   Col: 0
30    Row: 1   Col: 1
5    Row: 0   Col: 0
60    Not Found
60    Not Found
--- Running again 5---
 

Name: Adam Abad
Logrithmic Search of a 2D array
Enter the name of the file: 

Opening: /home/mathcs/turnin/bracken/BS2d5.text





Array 5 x 4 constructed, starting search.
10    Row: 0   Col: 0
20    Row: 0   Col: 1
30    Row: 0   Col: 2
40    Row: 0   Col: 3
50    Row: 1   Col: 0
60    Row: 1   Col: 1
70    Row: 1   Col: 2
80    Row: 1   Col: 3
90    Row: 2   Col: 0
100    Row: 2   Col: 1
200    Row: 2   Col: 2
300    Row: 2   Col: 3
400    Row: 3   Col: 0
500    Row: 3   Col: 1
600    Row: 3   Col: 2
700    Row: 3   Col: 3
800    Row: 4   Col: 0
900    Row: 4   Col: 1
1000    Row: 4   Col: 2
1100    Row: 4   Col: 3
5    Not Found
15    Not Found
25    Not Found
35    Not Found
45    Not Found
55    Not Found
65    Not Found
75    Not Found
85    Not Found
95    Not Found
105    Not Found
205    Not Found
305    Not Found
405    Not Found
505    Not Found
605    Not Found
705    Not Found
805    Not Found
905    Not Found
100005    Not Found
100005    Not Found
 
