Username:  abada
Date:      Mon Nov 18 14:53:22 EST 2019
 
*** compiling ***
--- running ---
 
Child: 0    pid: 53246    Has control.
Child: 1    pid: 53247    Has control.
Recieved from child 1
Child: 2    pid: 53248    Has control.
Recieved from child 2
Child: 3    pid: 53249    Has control.
Recieved from child 3
Child: 4    pid: 53250    Has control.
Recieved from child 4
Child: 6    pid: 53252    Has control.
Child: 5    pid: 53251    Has control.
Recieved from child 6
Recieved from child 5
Child: 7    pid: 53253    Has control.
Recieved from child 7
Child: 8    pid: 53254    Has control.
Recieved from child 8
There was an old lady who swallowed a fly; 
I don't know why she swallowed a fly, perhaps she'll die!
There was an old lady who swallowed a spider
It wriggled and jiggled and tickled inside her! 
 She swallowed the spider to catch the fly;
I don't know why she swallowed a fly, perhaps she'll die!
There was an old lady who swallowed a bird
How absurd to swallow a bird! She swallowed the bird to catch the spider; 
It wriggled and jiggled and tickled inside her! 
 She swallowed the spider to catch the fly;
I don't know why she swallowed a fly, perhaps she'll die!
There was an old lady who swallowed a cat
Imagine that! She swallowed a cat! She swallowed the cat to catch the bird, 
How absurd to swallow a bird! She swallowed the bird to catch the spider; 
It wriggled and jiggled and tickled inside her! 
 She swallowed the spider to catch the fly;
I don't know why she swallowed a fly, perhaps she'll die!
There was an old lady who swallowed a dog
What a hog, to swallow a dog! She swallowed the dog to catch the cat, 
Imagine that! She swallowed a cat! She swallowed the cat to catch the bird, 
How absurd to swallow a bird! She swallowed the bird to catch the spider; 
It wriggled and jiggled and tickled inside her! 
 She swallowed the spider to catch the fly;
I don't know why she swallowed a fly, perhaps she'll die!
There was an old lady who swallowed a goat
She just opened her throat and swallowed a goat! 
 She swallowed the goat to catch the dog, 
What a hog, to swallow a dog! She swallowed the dog to catch the cat, 
Imagine that! She swallowed a cat! She swallowed the cat to catch the bird, 
How absurd to swallow a bird! She swallowed the bird to catch the spider; 
It wriggled and jiggled and tickled inside her! 
 She swallowed the spider to catch the fly;
I don't know why she swallowed a fly, perhaps she'll die!
There was an old lady who swallowed a cow
I do not know how she swallowed the cow! 
 She swallowed the cow to catch the goat, 
She just opened her throat and swallowed a goat! 
 She swallowed the goat to catch the dog, 
What a hog, to swallow a dog! She swallowed the dog to catch the cat, 
Imagine that! She swallowed a cat! She swallowed the cat to catch the bird, 
How absurd to swallow a bird! She swallowed the bird to catch the spider; 
It wriggled and jiggled and tickled inside her! 
 She swallowed the spider to catch the fly;
I don't know why she swallowed a fly, perhaps she'll die!
There was an old lady who swallowed a horse
She is dead of course!!! 
 She swallowed the horse to catch the cow, 
I do not know how she swallowed the cow! 
 She swallowed the cow to catch the goat, 
She just opened her throat and swallowed a goat! 
 She swallowed the goat to catch the dog, 
What a hog, to swallow a dog! She swallowed the dog to catch the cat, 
Imagine that! She swallowed a cat! She swallowed the cat to catch the bird, 
How absurd to swallow a bird! She swallowed the bird to catch the spider; 
It wriggled and jiggled and tickled inside her! 
 She swallowed the spider to catch the fly;
I don't know why she swallowed a fly, perhaps she'll die!

Children processes terminated, cleaning message queue.
Message queue cleaned successfully
Ending program.
--- Running again ---
 
Child: 0    pid: 53256    Has control.
Child: 1    pid: 53257    Has control.
Recieved from child 1
Child: 3    pid: 53259    Has control.
Recieved from child 3
Child: 2    pid: 53258    Has control.
Recieved from child 2
Child: 4    pid: 53260    Has control.
Recieved from child 4
Child: 5    pid: 53261    Has control.
Recieved from child 5
Child: 6    pid: 53262    Has control.
Recieved from child 6
Child: 7    pid: 53263    Has control.
Recieved from child 7
Child: 8    pid: 53264    Has control.
Recieved from child 8
There was an old lady who swallowed a fly; 
I don't know why she swallowed a fly, perhaps she'll die!
There was an old lady who swallowed a spider
It wriggled and jiggled and tickled inside her! 
 She swallowed the spider to catch the fly;
I don't know why she swallowed a fly, perhaps she'll die!
There was an old lady who swallowed a bird
How absurd to swallow a bird! She swallowed the bird to catch the spider; 
It wriggled and jiggled and tickled inside her! 
 She swallowed the spider to catch the fly;
I don't know why she swallowed a fly, perhaps she'll die!
There was an old lady who swallowed a cat
Imagine that! She swallowed a cat! She swallowed the cat to catch the bird, 
How absurd to swallow a bird! She swallowed the bird to catch the spider; 
It wriggled and jiggled and tickled inside her! 
 She swallowed the spider to catch the fly;
I don't know why she swallowed a fly, perhaps she'll die!
There was an old lady who swallowed a dog
What a hog, to swallow a dog! She swallowed the dog to catch the cat, 
Imagine that! She swallowed a cat! She swallowed the cat to catch the bird, 
How absurd to swallow a bird! She swallowed the bird to catch the spider; 
It wriggled and jiggled and tickled inside her! 
 She swallowed the spider to catch the fly;
I don't know why she swallowed a fly, perhaps she'll die!
There was an old lady who swallowed a goat
She just opened her throat and swallowed a goat! 
 She swallowed the goat to catch the dog, 
What a hog, to swallow a dog! She swallowed the dog to catch the cat, 
Imagine that! She swallowed a cat! She swallowed the cat to catch the bird, 
How absurd to swallow a bird! She swallowed the bird to catch the spider; 
It wriggled and jiggled and tickled inside her! 
 She swallowed the spider to catch the fly;
I don't know why she swallowed a fly, perhaps she'll die!
There was an old lady who swallowed a cow
I do not know how she swallowed the cow! 
 She swallowed the cow to catch the goat, 
She just opened her throat and swallowed a goat! 
 She swallowed the goat to catch the dog, 
What a hog, to swallow a dog! She swallowed the dog to catch the cat, 
Imagine that! She swallowed a cat! She swallowed the cat to catch the bird, 
How absurd to swallow a bird! She swallowed the bird to catch the spider; 
It wriggled and jiggled and tickled inside her! 
 She swallowed the spider to catch the fly;
I don't know why she swallowed a fly, perhaps she'll die!
There was an old lady who swallowed a horse
She is dead of course!!! 
 She swallowed the horse to catch the cow, 
I do not know how she swallowed the cow! 
 She swallowed the cow to catch the goat, 
She just opened her throat and swallowed a goat! 
 She swallowed the goat to catch the dog, 
What a hog, to swallow a dog! She swallowed the dog to catch the cat, 
Imagine that! She swallowed a cat! She swallowed the cat to catch the bird, 
How absurd to swallow a bird! She swallowed the bird to catch the spider; 
It wriggled and jiggled and tickled inside her! 
 She swallowed the spider to catch the fly;
I don't know why she swallowed a fly, perhaps she'll die!

Children processes terminated, cleaning message queue.
Message queue cleaned successfully
Ending program.
--- Running again ---
 
Child: 1    pid: 53267    Has control.
Child: 0    pid: 53266    Has control.
Recieved from child 1
Child: 3    pid: 53269    Has control.
Child: 2    pid: 53268    Has control.
Recieved from child 3
Recieved from child 2
Child: 4    pid: 53270    Has control.
Recieved from child 4
Child: 5    pid: 53271    Has control.
Child: 6    pid: 53272    Has control.
Recieved from child 5
Recieved from child 6
Child: 8    pid: 53274    Has control.
Child: 7    pid: 53273    Has control.
Recieved from child 8
Recieved from child 7
There was an old lady who swallowed a fly; 
I don't know why she swallowed a fly, perhaps she'll die!
There was an old lady who swallowed a spider
It wriggled and jiggled and tickled inside her! 
 She swallowed the spider to catch the fly;
I don't know why she swallowed a fly, perhaps she'll die!
There was an old lady who swallowed a bird
How absurd to swallow a bird! She swallowed the bird to catch the spider; 
It wriggled and jiggled and tickled inside her! 
 She swallowed the spider to catch the fly;
I don't know why she swallowed a fly, perhaps she'll die!
There was an old lady who swallowed a cat
Imagine that! She swallowed a cat! She swallowed the cat to catch the bird, 
How absurd to swallow a bird! She swallowed the bird to catch the spider; 
It wriggled and jiggled and tickled inside her! 
 She swallowed the spider to catch the fly;
I don't know why she swallowed a fly, perhaps she'll die!
There was an old lady who swallowed a dog
What a hog, to swallow a dog! She swallowed the dog to catch the cat, 
Imagine that! She swallowed a cat! She swallowed the cat to catch the bird, 
How absurd to swallow a bird! She swallowed the bird to catch the spider; 
It wriggled and jiggled and tickled inside her! 
 She swallowed the spider to catch the fly;
I don't know why she swallowed a fly, perhaps she'll die!
There was an old lady who swallowed a goat
She just opened her throat and swallowed a goat! 
 She swallowed the goat to catch the dog, 
What a hog, to swallow a dog! She swallowed the dog to catch the cat, 
Imagine that! She swallowed a cat! She swallowed the cat to catch the bird, 
How absurd to swallow a bird! She swallowed the bird to catch the spider; 
It wriggled and jiggled and tickled inside her! 
 She swallowed the spider to catch the fly;
I don't know why she swallowed a fly, perhaps she'll die!
There was an old lady who swallowed a cow
I do not know how she swallowed the cow! 
 She swallowed the cow to catch the goat, 
She just opened her throat and swallowed a goat! 
 She swallowed the goat to catch the dog, 
What a hog, to swallow a dog! She swallowed the dog to catch the cat, 
Imagine that! She swallowed a cat! She swallowed the cat to catch the bird, 
How absurd to swallow a bird! She swallowed the bird to catch the spider; 
It wriggled and jiggled and tickled inside her! 
 She swallowed the spider to catch the fly;
I don't know why she swallowed a fly, perhaps she'll die!
There was an old lady who swallowed a horse
She is dead of course!!! 
 She swallowed the horse to catch the cow, 
I do not know how she swallowed the cow! 
 She swallowed the cow to catch the goat, 
She just opened her throat and swallowed a goat! 
 She swallowed the goat to catch the dog, 
What a hog, to swallow a dog! She swallowed the dog to catch the cat, 
Imagine that! She swallowed a cat! She swallowed the cat to catch the bird, 
How absurd to swallow a bird! She swallowed the bird to catch the spider; 
It wriggled and jiggled and tickled inside her! 
 She swallowed the spider to catch the fly;
I don't know why she swallowed a fly, perhaps she'll die!

Children processes terminated, cleaning message queue.
Message queue cleaned successfully
Ending program.
--- Running again ---
 
Child: 0    pid: 53276    Has control.
Child: 1    pid: 53277    Has control.
Recieved from child 1
Child: 2    pid: 53278    Has control.
Recieved from child 2
Child: 3    pid: 53279    Has control.
Recieved from child 3
Child: 4    pid: 53280    Has control.
Recieved from child 4
Child: 5    pid: 53281    Has control.
Recieved from child 5
Child: 6    pid: 53282    Has control.
Recieved from child 6
Child: 7    pid: 53283    Has control.
Recieved from child 7
Child: 8    pid: 53284    Has control.
Recieved from child 8
There was an old lady who swallowed a fly; 
I don't know why she swallowed a fly, perhaps she'll die!
There was an old lady who swallowed a spider
It wriggled and jiggled and tickled inside her! 
 She swallowed the spider to catch the fly;
I don't know why she swallowed a fly, perhaps she'll die!
There was an old lady who swallowed a bird
How absurd to swallow a bird! She swallowed the bird to catch the spider; 
It wriggled and jiggled and tickled inside her! 
 She swallowed the spider to catch the fly;
I don't know why she swallowed a fly, perhaps she'll die!
There was an old lady who swallowed a cat
Imagine that! She swallowed a cat! She swallowed the cat to catch the bird, 
How absurd to swallow a bird! She swallowed the bird to catch the spider; 
It wriggled and jiggled and tickled inside her! 
 She swallowed the spider to catch the fly;
I don't know why she swallowed a fly, perhaps she'll die!
There was an old lady who swallowed a dog
What a hog, to swallow a dog! She swallowed the dog to catch the cat, 
Imagine that! She swallowed a cat! She swallowed the cat to catch the bird, 
How absurd to swallow a bird! She swallowed the bird to catch the spider; 
It wriggled and jiggled and tickled inside her! 
 She swallowed the spider to catch the fly;
I don't know why she swallowed a fly, perhaps she'll die!
There was an old lady who swallowed a goat
She just opened her throat and swallowed a goat! 
 She swallowed the goat to catch the dog, 
What a hog, to swallow a dog! She swallowed the dog to catch the cat, 
Imagine that! She swallowed a cat! She swallowed the cat to catch the bird, 
How absurd to swallow a bird! She swallowed the bird to catch the spider; 
It wriggled and jiggled and tickled inside her! 
 She swallowed the spider to catch the fly;
I don't know why she swallowed a fly, perhaps she'll die!
There was an old lady who swallowed a cow
I do not know how she swallowed the cow! 
 She swallowed the cow to catch the goat, 
She just opened her throat and swallowed a goat! 
 She swallowed the goat to catch the dog, 
What a hog, to swallow a dog! She swallowed the dog to catch the cat, 
Imagine that! She swallowed a cat! She swallowed the cat to catch the bird, 
How absurd to swallow a bird! She swallowed the bird to catch the spider; 
It wriggled and jiggled and tickled inside her! 
 She swallowed the spider to catch the fly;
I don't know why she swallowed a fly, perhaps she'll die!
There was an old lady who swallowed a horse
She is dead of course!!! 
 She swallowed the horse to catch the cow, 
I do not know how she swallowed the cow! 
 She swallowed the cow to catch the goat, 
She just opened her throat and swallowed a goat! 
 She swallowed the goat to catch the dog, 
What a hog, to swallow a dog! She swallowed the dog to catch the cat, 
Imagine that! She swallowed a cat! She swallowed the cat to catch the bird, 
How absurd to swallow a bird! She swallowed the bird to catch the spider; 
It wriggled and jiggled and tickled inside her! 
 She swallowed the spider to catch the fly;
I don't know why she swallowed a fly, perhaps she'll die!

Children processes terminated, cleaning message queue.
Message queue cleaned successfully
Ending program.
--- Running again ---
 
Child: 0    pid: 53286    Has control.
Child: 2    pid: 53288    Has control.
Recieved from child 2
Child: 1    pid: 53287    Has control.
Recieved from child 1
Child: 3    pid: 53289    Has control.
Recieved from child 3
Child: 4    pid: 53290    Has control.
Recieved from child 4
Child: 5    pid: 53291    Has control.
Recieved from child 5
Child: 6    pid: 53292    Has control.
Recieved from child 6
Child: 7    pid: 53293    Has control.
Recieved from child 7
Child: 8    pid: 53294    Has control.
Recieved from child 8
There was an old lady who swallowed a fly; 
I don't know why she swallowed a fly, perhaps she'll die!
There was an old lady who swallowed a spider
It wriggled and jiggled and tickled inside her! 
 She swallowed the spider to catch the fly;
I don't know why she swallowed a fly, perhaps she'll die!
There was an old lady who swallowed a bird
How absurd to swallow a bird! She swallowed the bird to catch the spider; 
It wriggled and jiggled and tickled inside her! 
 She swallowed the spider to catch the fly;
I don't know why she swallowed a fly, perhaps she'll die!
There was an old lady who swallowed a cat
Imagine that! She swallowed a cat! She swallowed the cat to catch the bird, 
How absurd to swallow a bird! She swallowed the bird to catch the spider; 
It wriggled and jiggled and tickled inside her! 
 She swallowed the spider to catch the fly;
I don't know why she swallowed a fly, perhaps she'll die!
There was an old lady who swallowed a dog
What a hog, to swallow a dog! She swallowed the dog to catch the cat, 
Imagine that! She swallowed a cat! She swallowed the cat to catch the bird, 
How absurd to swallow a bird! She swallowed the bird to catch the spider; 
It wriggled and jiggled and tickled inside her! 
 She swallowed the spider to catch the fly;
I don't know why she swallowed a fly, perhaps she'll die!
There was an old lady who swallowed a goat
She just opened her throat and swallowed a goat! 
 She swallowed the goat to catch the dog, 
What a hog, to swallow a dog! She swallowed the dog to catch the cat, 
Imagine that! She swallowed a cat! She swallowed the cat to catch the bird, 
How absurd to swallow a bird! She swallowed the bird to catch the spider; 
It wriggled and jiggled and tickled inside her! 
 She swallowed the spider to catch the fly;
I don't know why she swallowed a fly, perhaps she'll die!
There was an old lady who swallowed a cow
I do not know how she swallowed the cow! 
 She swallowed the cow to catch the goat, 
She just opened her throat and swallowed a goat! 
 She swallowed the goat to catch the dog, 
What a hog, to swallow a dog! She swallowed the dog to catch the cat, 
Imagine that! She swallowed a cat! She swallowed the cat to catch the bird, 
How absurd to swallow a bird! She swallowed the bird to catch the spider; 
It wriggled and jiggled and tickled inside her! 
 She swallowed the spider to catch the fly;
I don't know why she swallowed a fly, perhaps she'll die!
There was an old lady who swallowed a horse
She is dead of course!!! 
 She swallowed the horse to catch the cow, 
I do not know how she swallowed the cow! 
 She swallowed the cow to catch the goat, 
She just opened her throat and swallowed a goat! 
 She swallowed the goat to catch the dog, 
What a hog, to swallow a dog! She swallowed the dog to catch the cat, 
Imagine that! She swallowed a cat! She swallowed the cat to catch the bird, 
How absurd to swallow a bird! She swallowed the bird to catch the spider; 
It wriggled and jiggled and tickled inside her! 
 She swallowed the spider to catch the fly;
I don't know why she swallowed a fly, perhaps she'll die!

Children processes terminated, cleaning message queue.
Message queue cleaned successfully
Ending program.
--- Running again ---
 
Child: 1    pid: 53297    Has control.
Child: 0    pid: 53296    Has control.
Recieved from child 1
Child: 2    pid: 53298    Has control.
Recieved from child 2
Child: 3    pid: 53299    Has control.
Recieved from child 3
Child: 5    pid: 53301    Has control.
Child: 4    pid: 53300    Has control.
Recieved from child 5
Recieved from child 4
Child: 6    pid: 53302    Has control.
Recieved from child 6
Child: 7    pid: 53303    Has control.
Recieved from child 7
Child: 8    pid: 53304    Has control.
Recieved from child 8
There was an old lady who swallowed a fly; 
I don't know why she swallowed a fly, perhaps she'll die!
There was an old lady who swallowed a spider
It wriggled and jiggled and tickled inside her! 
 She swallowed the spider to catch the fly;
I don't know why she swallowed a fly, perhaps she'll die!
There was an old lady who swallowed a bird
How absurd to swallow a bird! She swallowed the bird to catch the spider; 
It wriggled and jiggled and tickled inside her! 
 She swallowed the spider to catch the fly;
I don't know why she swallowed a fly, perhaps she'll die!
There was an old lady who swallowed a cat
Imagine that! She swallowed a cat! She swallowed the cat to catch the bird, 
How absurd to swallow a bird! She swallowed the bird to catch the spider; 
It wriggled and jiggled and tickled inside her! 
 She swallowed the spider to catch the fly;
I don't know why she swallowed a fly, perhaps she'll die!
There was an old lady who swallowed a dog
What a hog, to swallow a dog! She swallowed the dog to catch the cat, 
Imagine that! She swallowed a cat! She swallowed the cat to catch the bird, 
How absurd to swallow a bird! She swallowed the bird to catch the spider; 
It wriggled and jiggled and tickled inside her! 
 She swallowed the spider to catch the fly;
I don't know why she swallowed a fly, perhaps she'll die!
There was an old lady who swallowed a goat
She just opened her throat and swallowed a goat! 
 She swallowed the goat to catch the dog, 
What a hog, to swallow a dog! She swallowed the dog to catch the cat, 
Imagine that! She swallowed a cat! She swallowed the cat to catch the bird, 
How absurd to swallow a bird! She swallowed the bird to catch the spider; 
It wriggled and jiggled and tickled inside her! 
 She swallowed the spider to catch the fly;
I don't know why she swallowed a fly, perhaps she'll die!
There was an old lady who swallowed a cow
I do not know how she swallowed the cow! 
 She swallowed the cow to catch the goat, 
She just opened her throat and swallowed a goat! 
 She swallowed the goat to catch the dog, 
What a hog, to swallow a dog! She swallowed the dog to catch the cat, 
Imagine that! She swallowed a cat! She swallowed the cat to catch the bird, 
How absurd to swallow a bird! She swallowed the bird to catch the spider; 
It wriggled and jiggled and tickled inside her! 
 She swallowed the spider to catch the fly;
I don't know why she swallowed a fly, perhaps she'll die!
There was an old lady who swallowed a horse
She is dead of course!!! 
 She swallowed the horse to catch the cow, 
I do not know how she swallowed the cow! 
 She swallowed the cow to catch the goat, 
She just opened her throat and swallowed a goat! 
 She swallowed the goat to catch the dog, 
What a hog, to swallow a dog! She swallowed the dog to catch the cat, 
Imagine that! She swallowed a cat! She swallowed the cat to catch the bird, 
How absurd to swallow a bird! She swallowed the bird to catch the spider; 
It wriggled and jiggled and tickled inside her! 
 She swallowed the spider to catch the fly;
I don't know why she swallowed a fly, perhaps she'll die!

Children processes terminated, cleaning message queue.
Message queue cleaned successfully
Ending program.
