Username:  abada
Date:      Thu Oct 25 13:19:17 EDT 2018
 
**************************
 Compilation succeeded!   
**************************
short words: 31.844779
short words: 31.970141
short words: 31.624198
long words: 31.718921
long words: 31.718921
long words: 31.750432
words: 31.560892
words: 31.402069
words: 31.592561
short identifiers: 31.781912
short identifiers: 32.250425
short identifiers: 32.095014
long identifiers: 31.718921
long identifiers: 32.126156
long identifiers: 31.560892
identifiers: 31.655804
identifiers: 31.876165
identifiers: 31.655804
average: 31.020753
