Username:  abada
Date:      Mon Nov 9 18:06:38 EST 2020
 
*** compiling ***
--- Running ---
 
Name: Adam Abad
Analysis of Various Sorting Algorithms

Enter the name of the file: 
Opening: /home/mathcs/turnin/bracken/input11a.text
1

Heapsort Sorting...
1

HeapSort Data: 
Beginning Time: 1604963199s, 111556834ns 
Ending Time: 1604963199s, 111557472ns 
Runtime: 0s, 638ns 

n = 1
Operations = 0
Assignments = 7

Mergesor Sorting...
1

Mergesort Data: 
Beginning Time: 1604963199s, 111565604ns 
Ending Time: 1604963199s, 111565871ns 
Runtime: 0s, 267ns 

n = 1
Operations = 0
Assignments = 0

Selection Sort Sorting...
1

Selection Sort Data: 
Beginning Time: 1604963199s, 111572530ns 
Ending Time: 1604963199s, 111572606ns 
Runtime: 0s, 76ns 

n = 1
Operations = 0
Assignments = 0

Insertion Sort Sorting...
1

Insertion Sort Data: 
Beginning Time: 1604963199s, 111578445ns 
Ending Time: 1604963199s, 111578604ns 
Runtime: 0s, 159ns 

n = 1
Operations = 0
Assignments = 0

Exchange Sort Sorting...
1

Exchange Sort Data: 
Beginning Time: 1604963199s, 111584478ns 
Ending Time: 1604963199s, 111584587ns 
Runtime: 0s, 109ns 

n = 1
Operations = 0
Assignments = 0
--- Running again ---
 
Name: Adam Abad
Analysis of Various Sorting Algorithms

Enter the name of the file: 
Opening: /home/mathcs/turnin/bracken/input11b.text
61
62
63
64
100
75
200
88
1
5
500
90
1000
99
400
300
700
5
6
7
126
127
133
9999
10000
999999
555
777
888
26
39
54
78
80000
90000
3
77
66
6666
555
444
333
222
11111
278
986
985
458
453
422
3333
3334
443
89
93
25
26
27
16
15
14
18
19
28

Heapsort Sorting...
1
3
5
5
6
7
14
15
16
18
19
25
26
26
27
28
39
54
61
62
63
64
66
75
77
78
88
89
90
93
99
100
126
127
133
200
222
278
300
333
400
422
443
444
453
458
500
555
555
700
777
888
985
986
1000
3333
3334
6666
9999
10000
11111
80000
90000
999999

HeapSort Data: 
Beginning Time: 1604963199s, 113380808ns 
Ending Time: 1604963199s, 113386500ns 
Runtime: 0s, 5692ns 

n = 64
Operations = 854
Assignments = 1164

Mergesor Sorting...
1
3
5
5
6
7
14
15
16
18
19
25
26
26
27
28
39
54
61
62
63
64
66
75
77
78
88
89
90
93
99
100
126
127
133
200
222
278
300
333
400
422
443
444
453
458
500
555
555
700
777
888
985
986
1000
3333
3334
6666
9999
10000
11111
80000
90000
999999

Mergesort Data: 
Beginning Time: 1604963199s, 113445791ns 
Ending Time: 1604963199s, 113453928ns 
Runtime: 0s, 8137ns 

n = 64
Operations = 542
Assignments = 1474

Selection Sort Sorting...
1
3
5
5
6
7
14
15
16
18
19
25
26
26
27
28
39
54
61
62
63
64
66
75
77
78
88
89
90
93
99
100
126
127
133
200
222
278
300
333
400
422
443
444
453
458
500
555
555
700
777
888
985
986
1000
3333
3334
6666
9999
10000
11111
80000
90000
999999

Selection Sort Data: 
Beginning Time: 1604963199s, 113505923ns 
Ending Time: 1604963199s, 113514509ns 
Runtime: 0s, 8586ns 

n = 64
Operations = 2016
Assignments = 428

Insertion Sort Sorting...
1
3
5
5
6
7
14
15
16
18
19
25
26
26
27
28
39
54
61
62
63
64
66
75
77
78
88
89
90
93
99
100
126
127
133
200
222
278
300
333
400
422
443
444
453
458
500
555
555
700
777
888
985
986
1000
3333
3334
6666
9999
10000
11111
80000
90000
999999

Insertion Sort Data: 
Beginning Time: 1604963199s, 113565265ns 
Ending Time: 1604963199s, 113570314ns 
Runtime: 0s, 5049ns 

n = 64
Operations = 2045
Assignments = 1117

Exchange Sort Sorting...
1
3
5
5
6
7
14
15
16
18
19
25
26
26
27
28
39
54
61
62
63
64
66
75
77
78
88
89
90
93
99
100
126
127
133
200
222
278
300
333
400
422
443
444
453
458
500
555
555
700
777
888
985
986
1000
3333
3334
6666
9999
10000
11111
80000
90000
999999

Exchange Sort Data: 
Beginning Time: 1604963199s, 113621587ns 
Ending Time: 1604963199s, 113634252ns 
Runtime: 0s, 12665ns 

n = 64
Operations = 2016
Assignments = 2898
--- Running again ---
 
Name: Adam Abad
Analysis of Various Sorting Algorithms

Enter the name of the file: 
Opening: /home/mathcs/turnin/bracken/input11c.text
1
2
3
4
5
6
7
8
9
10
11
12
13
14
15
16
17
18
19
20
21
22
23
24
25
26
27
28
29
30
31
32
33
34
35
36
37
38
39
40
41
42
43
44
45
46
47
48
49
50
51
52
53
54
55
56
67
58
59
60
61
62
63
64

Heapsort Sorting...
1
2
3
4
5
6
7
8
9
10
11
12
13
14
15
16
17
18
19
20
21
22
23
24
25
26
27
28
29
30
31
32
33
34
35
36
37
38
39
40
41
42
43
44
45
46
47
48
49
50
51
52
53
54
55
56
58
59
60
61
62
63
64
67

HeapSort Data: 
Beginning Time: 1604963199s, 115359248ns 
Ending Time: 1604963199s, 115367542ns 
Runtime: 0s, 8294ns 

n = 64
Operations = 914
Assignments = 1192

Mergesor Sorting...
1
2
3
4
5
6
7
8
9
10
11
12
13
14
15
16
17
18
19
20
21
22
23
24
25
26
27
28
29
30
31
32
33
34
35
36
37
38
39
40
41
42
43
44
45
46
47
48
49
50
51
52
53
54
55
56
58
59
60
61
62
63
64
67

Mergesort Data: 
Beginning Time: 1604963199s, 115444747ns 
Ending Time: 1604963199s, 115454519ns 
Runtime: 0s, 9772ns 

n = 64
Operations = 448
Assignments = 1286

Selection Sort Sorting...
1
2
3
4
5
6
7
8
9
10
11
12
13
14
15
16
17
18
19
20
21
22
23
24
25
26
27
28
29
30
31
32
33
34
35
36
37
38
39
40
41
42
43
44
45
46
47
48
49
50
51
52
53
54
55
56
58
59
60
61
62
63
64
67

Selection Sort Data: 
Beginning Time: 1604963199s, 115532037ns 
Ending Time: 1604963199s, 115544872ns 
Runtime: 0s, 12835ns 

n = 64
Operations = 2016
Assignments = 259

Insertion Sort Sorting...
1
2
3
4
5
6
7
8
9
10
11
12
13
14
15
16
17
18
19
20
21
22
23
24
25
26
27
28
29
30
31
32
33
34
35
36
37
38
39
40
41
42
43
44
45
46
47
48
49
50
51
52
53
54
55
56
58
59
60
61
62
63
64
67

Insertion Sort Data: 
Beginning Time: 1604963199s, 115624152ns 
Ending Time: 1604963199s, 115625104ns 
Runtime: 0s, 952ns 

n = 64
Operations = 77
Assignments = 133

Exchange Sort Sorting...
1
2
3
4
5
6
7
8
9
10
11
12
13
14
15
16
17
18
19
20
21
22
23
24
25
26
27
28
29
30
31
32
33
34
35
36
37
38
39
40
41
42
43
44
45
46
47
48
49
50
51
52
53
54
55
56
58
59
60
61
62
63
64
67

Exchange Sort Data: 
Beginning Time: 1604963199s, 115702282ns 
Ending Time: 1604963199s, 115711797ns 
Runtime: 0s, 9515ns 

n = 64
Operations = 2016
Assignments = 21
--- Running again ---
 
Name: Adam Abad
Analysis of Various Sorting Algorithms

Enter the name of the file: 
Opening: /home/mathcs/turnin/bracken/input11d.text
16
15
14
13
12
11
10
9
8
7
6
5
4
3
2
1

Heapsort Sorting...
1
2
3
4
5
6
7
8
9
10
11
12
13
14
15
16

HeapSort Data: 
Beginning Time: 1604963199s, 117358675ns 
Ending Time: 1604963199s, 117360446ns 
Runtime: 0s, 1771ns 

n = 16
Operations = 113
Assignments = 230

Mergesor Sorting...
1
2
3
4
5
6
7
8
9
10
11
12
13
14
15
16

Mergesort Data: 
Beginning Time: 1604963199s, 117381832ns 
Ending Time: 1604963199s, 117383814ns 
Runtime: 0s, 1982ns 

n = 16
Operations = 92
Assignments = 222

Selection Sort Sorting...
1
2
3
4
5
6
7
8
9
10
11
12
13
14
15
16

Selection Sort Data: 
Beginning Time: 1604963199s, 117404551ns 
Ending Time: 1604963199s, 117405809ns 
Runtime: 0s, 1258ns 

n = 16
Operations = 120
Assignments = 124

Insertion Sort Sorting...
1
2
3
4
5
6
7
8
9
10
11
12
13
14
15
16

Insertion Sort Data: 
Beginning Time: 1604963199s, 117425273ns 
Ending Time: 1604963199s, 117426382ns 
Runtime: 0s, 1109ns 

n = 16
Operations = 255
Assignments = 150

Exchange Sort Sorting...
1
2
3
4
5
6
7
8
9
10
11
12
13
14
15
16

Exchange Sort Data: 
Beginning Time: 1604963199s, 117447269ns 
Ending Time: 1604963199s, 117448517ns 
Runtime: 0s, 1248ns 

n = 16
Operations = 120
Assignments = 360
 
